Log file open, 02/06/18 21:36:33
LogWindows: Failed to load 'aqProf.dll' (GetLastError=126)
LogWindows: File 'aqProf.dll' does not exist
LogWindows: Failed to load 'VSPerf140.dll' (GetLastError=126)
LogWindows: File 'VSPerf140.dll' does not exist
LogWindows: Failed to load 'VtuneApi.dll' (GetLastError=126)
LogWindows: File 'VtuneApi.dll' does not exist
LogWindows: Failed to load 'VtuneApi32e.dll' (GetLastError=126)
LogWindows: File 'VtuneApi32e.dll' does not exist
LogInit: Display: Running engine for game: Game1
LogPlatformFile: Not using cached read wrapper
LogInit: Display: RandInit(-378675820) SRandInit(-378675820).
LogInit: Read version file with build ID '3709383'
LogInit: Overriding engine version to CL 3832480, compatible CL 3709383
LogInit: Registered custom module enumerator with build ID '3709383'
LogTaskGraph: Started task graph with 5 named threads and 14 total threads with 3 sets of task threads.
LogStats: Stats thread started at 0.181909
LogD3D11RHI: Aftermath initialized
LogModuleManager: Display: Found up-to-date module file ../../../Engine/Plugins/2D/Paper2D/Binaries/Win64/UE4Editor-Paper2D.dll (API version 3709383).
LogModuleManager: Display: Found up-to-date module file ../../../Engine/Plugins/2D/Paper2D/Binaries/Win64/UE4Editor-Paper2DEditor.dll (API version 3709383).
LogModuleManager: Display: Found up-to-date module file ../../../Engine/Plugins/2D/Paper2D/Binaries/Win64/UE4Editor-PaperSpriteSheetImporter.dll (API version 3709383).
LogModuleManager: Display: Found up-to-date module file ../../../Engine/Plugins/2D/Paper2D/Binaries/Win64/UE4Editor-PaperTiledImporter.dll (API version 3709383).
LogModuleManager: Display: Found up-to-date module file ../../../Engine/Plugins/2D/Paper2D/Binaries/Win64/UE4Editor-SmartSnapping.dll (API version 3709383).
LogModuleManager: Display: Found up-to-date module file ../../../Engine/Plugins/Blendables/LightPropagationVolume/Binaries/Win64/UE4Editor-LightPropagationVolumeRuntime.dll (API version 3709383).
LogModuleManager: Display: Found up-to-date module file ../../../Engine/Plugins/Blendables/LightPropagationVolume/Binaries/Win64/UE4Editor-LightPropagationVolumeEditor.dll (API version 3709383).
LogModuleManager: Display: Found up-to-date module file ../../../Engine/Plugins/Developer/GitSourceControl/Binaries/Win64/UE4Editor-GitSourceControl.dll (API version 3709383).
LogModuleManager: Display: Found up-to-date module file ../../../Engine/Plugins/Developer/PerforceSourceControl/Binaries/Win64/UE4Editor-PerforceSourceControl.dll (API version 3709383).
LogModuleManager: Display: Found up-to-date module file ../../../Engine/Plugins/Developer/SubversionSourceControl/Binaries/Win64/UE4Editor-SubversionSourceControl.dll (API version 3709383).
LogModuleManager: Display: Found up-to-date module file ../../../Engine/Plugins/Developer/UObjectPlugin/Binaries/Win64/UE4Editor-UObjectPlugin.dll (API version 3709383).
LogModuleManager: Display: Found up-to-date module file ../../../Engine/Plugins/Developer/VisualStudioCodeSourceCodeAccess/Binaries/Win64/UE4Editor-VisualStudioCodeSourceCodeAccess.dll (API version 3709383).
LogModuleManager: Display: Found up-to-date module file ../../../Engine/Plugins/Developer/VisualStudioSourceCodeAccess/Binaries/Win64/UE4Editor-VisualStudioSourceCodeAccess.dll (API version 3709383).
LogModuleManager: Display: Found up-to-date module file ../../../Engine/Plugins/Editor/AssetManagerEditor/Binaries/Win64/UE4Editor-AssetManagerEditor.dll (API version 3709383).
LogModuleManager: Display: Found up-to-date module file ../../../Engine/Plugins/Editor/AudioCapture/Binaries/Win64/UE4Editor-AudioCapture.dll (API version 3709383).
LogModuleManager: Display: Found up-to-date module file ../../../Engine/Plugins/Editor/FacialAnimation/Binaries/Win64/UE4Editor-FacialAnimation.dll (API version 3709383).
LogModuleManager: Display: Found up-to-date module file ../../../Engine/Plugins/Editor/FacialAnimation/Binaries/Win64/UE4Editor-FacialAnimationEditor.dll (API version 3709383).
LogModuleManager: Display: Found up-to-date module file ../../../Engine/Plugins/Editor/GameplayTagsEditor/Binaries/Win64/UE4Editor-GameplayTagsEditor.dll (API version 3709383).
LogModuleManager: Display: Found up-to-date module file ../../../Engine/Plugins/Editor/MobileLauncherProfileWizard/Binaries/Win64/UE4Editor-MobileLauncherProfileWizard.dll (API version 3709383).
LogModuleManager: Display: Found up-to-date module file ../../../Engine/Plugins/Editor/PluginBrowser/Binaries/Win64/UE4Editor-PluginBrowser.dll (API version 3709383).
LogModuleManager: Display: Found up-to-date module file ../../../Engine/Plugins/Editor/SpeedTreeImporter/Binaries/Win64/UE4Editor-SpeedTreeImporter.dll (API version 3709383).
LogModuleManager: Display: Found up-to-date module file ../../../Engine/Plugins/Experimental/AlembicImporter/Binaries/Win64/UE4Editor-AlembicImporter.dll (API version 3709383).
LogModuleManager: Display: Found up-to-date module file ../../../Engine/Plugins/Experimental/AlembicImporter/Binaries/Win64/UE4Editor-AlembicLibrary.dll (API version 3709383).
LogModuleManager: Display: Found up-to-date module file ../../../Engine/Plugins/Experimental/CharacterAI/Binaries/Win64/UE4Editor-CharacterAI.dll (API version 3709383).
LogModuleManager: Display: Found up-to-date module file ../../../Engine/Plugins/Experimental/HTML5Networking/Binaries/Win64/UE4Editor-HTML5Networking.dll (API version 3709383).
LogModuleManager: Display: Found up-to-date module file ../../../Engine/Plugins/Media/AndroidMedia/Binaries/Win64/UE4Editor-AndroidMediaEditor.dll (API version 3709383).
LogModuleManager: Display: Found up-to-date module file ../../../Engine/Plugins/Media/AndroidMedia/Binaries/Win64/UE4Editor-AndroidMediaFactory.dll (API version 3709383).
LogModuleManager: Display: Found up-to-date module file ../../../Engine/Plugins/Media/AvfMedia/Binaries/Win64/UE4Editor-AvfMediaEditor.dll (API version 3709383).
LogModuleManager: Display: Found up-to-date module file ../../../Engine/Plugins/Media/AvfMedia/Binaries/Win64/UE4Editor-AvfMediaFactory.dll (API version 3709383).
LogModuleManager: Display: Found up-to-date module file ../../../Engine/Plugins/Media/AvfMedia/Binaries/Win64/UE4Editor-AvfMediaFactory.dll (API version 3709383).
LogModuleManager: Display: Found up-to-date module file ../../../Engine/Plugins/Media/ImgMedia/Binaries/Win64/UE4Editor-ImgMedia.dll (API version 3709383).
LogModuleManager: Display: Found up-to-date module file ../../../Engine/Plugins/Media/ImgMedia/Binaries/Win64/UE4Editor-ImgMediaEditor.dll (API version 3709383).
LogModuleManager: Display: Found up-to-date module file ../../../Engine/Plugins/Media/ImgMedia/Binaries/Win64/UE4Editor-ImgMediaFactory.dll (API version 3709383).
LogModuleManager: Display: Found up-to-date module file ../../../Engine/Plugins/Media/ImgMedia/Binaries/Win64/UE4Editor-ImgMediaFactory.dll (API version 3709383).
LogModuleManager: Display: Found up-to-date module file ../../../Engine/Plugins/Media/ImgMedia/Binaries/Win64/UE4Editor-OpenExrWrapper.dll (API version 3709383).
LogModuleManager: Display: Found up-to-date module file ../../../Engine/Plugins/Media/MediaCompositing/Binaries/Win64/UE4Editor-MediaCompositing.dll (API version 3709383).
LogModuleManager: Display: Found up-to-date module file ../../../Engine/Plugins/Media/MediaCompositing/Binaries/Win64/UE4Editor-MediaCompositingEditor.dll (API version 3709383).
LogModuleManager: Display: Found up-to-date module file ../../../Engine/Plugins/Media/MediaPlayerEditor/Binaries/Win64/UE4Editor-MediaPlayerEditor.dll (API version 3709383).
LogModuleManager: Display: Found up-to-date module file ../../../Engine/Plugins/Media/WmfMedia/Binaries/Win64/UE4Editor-WmfMedia.dll (API version 3709383).
LogModuleManager: Display: Found up-to-date module file ../../../Engine/Plugins/Media/WmfMedia/Binaries/Win64/UE4Editor-WmfMediaEditor.dll (API version 3709383).
LogModuleManager: Display: Found up-to-date module file ../../../Engine/Plugins/Media/WmfMedia/Binaries/Win64/UE4Editor-WmfMediaFactory.dll (API version 3709383).
LogModuleManager: Display: Found up-to-date module file ../../../Engine/Plugins/Media/WmfMedia/Binaries/Win64/UE4Editor-WmfMediaFactory.dll (API version 3709383).
LogModuleManager: Display: Found up-to-date module file ../../../Engine/Plugins/Messaging/TcpMessaging/Binaries/Win64/UE4Editor-TcpMessaging.dll (API version 3709383).
LogModuleManager: Display: Found up-to-date module file ../../../Engine/Plugins/Messaging/UdpMessaging/Binaries/Win64/UE4Editor-UdpMessaging.dll (API version 3709383).
LogModuleManager: Display: Found up-to-date module file ../../../Engine/Plugins/MovieScene/ActorSequence/Binaries/Win64/UE4Editor-ActorSequence.dll (API version 3709383).
LogModuleManager: Display: Found up-to-date module file ../../../Engine/Plugins/MovieScene/LevelSequenceEditor/Binaries/Win64/UE4Editor-LevelSequenceEditor.dll (API version 3709383).
LogModuleManager: Display: Found up-to-date module file ../../../Engine/Plugins/MovieScene/MatineeToLevelSequence/Binaries/Win64/UE4Editor-MatineeToLevelSequence.dll (API version 3709383).
LogModuleManager: Display: Found up-to-date module file ../../../Engine/Plugins/Online/OnlineSubsystem/Binaries/Win64/UE4Editor-OnlineSubsystem.dll (API version 3709383).
LogModuleManager: Display: Found up-to-date module file ../../../Engine/Plugins/Runtime/AndroidPermission/Binaries/Win64/UE4Editor-AndroidPermission.dll (API version 3709383).
LogModuleManager: Display: Found up-to-date module file ../../../Engine/Plugins/Online/OnlineSubsystemNull/Binaries/Win64/UE4Editor-OnlineSubsystemNull.dll (API version 3709383).
LogModuleManager: Display: Found up-to-date module file ../../../Engine/Plugins/Online/OnlineSubsystemUtils/Binaries/Win64/UE4Editor-OnlineSubsystemUtils.dll (API version 3709383).
LogModuleManager: Display: Found up-to-date module file ../../../Engine/Plugins/Online/OnlineSubsystemUtils/Binaries/Win64/UE4Editor-OnlineBlueprintSupport.dll (API version 3709383).
LogModuleManager: Display: Found up-to-date module file ../../../Engine/Plugins/Runtime/AndroidDeviceProfileSelector/Binaries/Win64/UE4Editor-AndroidDeviceProfileSelector.dll (API version 3709383).
LogModuleManager: Display: Found up-to-date module file ../../../Engine/Plugins/Runtime/AppleARKit/Binaries/Win64/UE4Editor-AppleARKit.dll (API version 3709383).
LogModuleManager: Display: Found up-to-date module file ../../../Engine/Plugins/Runtime/ArchVisCharacter/Binaries/Win64/UE4Editor-ArchVisCharacter.dll (API version 3709383).
LogModuleManager: Display: Found up-to-date module file ../../../Engine/Plugins/Runtime/CableComponent/Binaries/Win64/UE4Editor-CableComponent.dll (API version 3709383).
LogModuleManager: Display: Found up-to-date module file ../../../Engine/Plugins/Runtime/CustomMeshComponent/Binaries/Win64/UE4Editor-CustomMeshComponent.dll (API version 3709383).
LogModuleManager: Display: Found up-to-date module file ../../../Engine/Plugins/Runtime/ExampleDeviceProfileSelector/Binaries/Win64/UE4Editor-ExampleDeviceProfileSelector.dll (API version 3709383).
LogModuleManager: Display: Found up-to-date module file ../../../Engine/Plugins/Runtime/ImmediatePhysics/Binaries/Win64/UE4Editor-ImmediatePhysics.dll (API version 3709383).
LogModuleManager: Display: Found up-to-date module file ../../../Engine/Plugins/Runtime/ImmediatePhysics/Binaries/Win64/UE4Editor-ImmediatePhysicsEditor.dll (API version 3709383).
LogModuleManager: Display: Found up-to-date module file ../../../Engine/Plugins/Runtime/LocationServicesBPLibrary/Binaries/Win64/UE4Editor-LocationServicesBPLibrary.dll (API version 3709383).
LogModuleManager: Display: Found up-to-date module file ../../../Engine/Plugins/Runtime/MobilePatchingUtils/Binaries/Win64/UE4Editor-MobilePatchingUtils.dll (API version 3709383).
LogModuleManager: Display: Found up-to-date module file ../../../Engine/Plugins/Runtime/Oculus/OculusVR/Binaries/Win64/UE4Editor-OculusHMD.dll (API version 3709383).
LogModuleManager: Display: Found up-to-date module file ../../../Engine/Plugins/Runtime/Oculus/OculusVR/Binaries/Win64/UE4Editor-OculusInput.dll (API version 3709383).
LogModuleManager: Display: Found up-to-date module file ../../../Engine/Plugins/Runtime/Oculus/OculusVR/Binaries/Win64/UE4Editor-OculusEditor.dll (API version 3709383).
LogModuleManager: Display: Found up-to-date module file ../../../Engine/Plugins/Runtime/PhysXVehicles/Binaries/Win64/UE4Editor-PhysXVehicles.dll (API version 3709383).
LogModuleManager: Display: Found up-to-date module file ../../../Engine/Plugins/Runtime/PhysXVehicles/Binaries/Win64/UE4Editor-PhysXVehiclesEditor.dll (API version 3709383).
LogModuleManager: Display: Found up-to-date module file ../../../Engine/Plugins/Runtime/ProceduralMeshComponent/Binaries/Win64/UE4Editor-ProceduralMeshComponent.dll (API version 3709383).
LogModuleManager: Display: Found up-to-date module file ../../../Engine/Plugins/Runtime/ProceduralMeshComponent/Binaries/Win64/UE4Editor-ProceduralMeshComponentEditor.dll (API version 3709383).
LogModuleManager: Display: Found up-to-date module file ../../../Engine/Plugins/Runtime/RuntimePhysXCooking/Binaries/Win64/UE4Editor-RuntimePhysXCooking.dll (API version 3709383).
LogModuleManager: Display: Found up-to-date module file ../../../Engine/Plugins/Runtime/Steam/SteamVR/Binaries/Win64/UE4Editor-SteamVR.dll (API version 3709383).
LogModuleManager: Display: Found up-to-date module file ../../../Engine/Plugins/Runtime/Steam/SteamVR/Binaries/Win64/UE4Editor-SteamVRController.dll (API version 3709383).
LogModuleManager: Display: Found up-to-date module file ../../../Engine/Plugins/Runtime/WindowsMoviePlayer/Binaries/Win64/UE4Editor-WindowsMoviePlayer.dll (API version 3709383).
LogPluginManager: Mounting plugin Paper2D
LogPluginManager: Mounting plugin LightPropagationVolume
LogPluginManager: Mounting plugin CodeLiteSourceCodeAccess
LogPluginManager: Mounting plugin GitSourceControl
LogPluginManager: Mounting plugin KDevelopSourceCodeAccess
LogPluginManager: Mounting plugin NullSourceCodeAccess
LogPluginManager: Mounting plugin PerforceSourceControl
LogPluginManager: Mounting plugin SubversionSourceControl
LogPluginManager: Mounting plugin UObjectPlugin
LogPluginManager: Mounting plugin VisualStudioCodeSourceCodeAccess
LogPluginManager: Mounting plugin VisualStudioSourceCodeAccess
LogPluginManager: Mounting plugin XCodeSourceCodeAccess
LogPluginManager: Mounting plugin AssetManagerEditor
LogPluginManager: Mounting plugin AudioCapture
LogPluginManager: Mounting plugin FacialAnimation
LogPluginManager: Mounting plugin GameplayTagsEditor
LogPluginManager: Mounting plugin MobileLauncherProfileWizard
LogPluginManager: Mounting plugin PluginBrowser
LogPluginManager: Mounting plugin SpeedTreeImporter
LogPluginManager: Mounting plugin AlembicImporter
LogPluginManager: Mounting plugin CharacterAI
LogPluginManager: Mounting plugin HTML5Networking
LogPluginManager: Mounting plugin AndroidMedia
LogPluginManager: Mounting plugin AvfMedia
LogPluginManager: Mounting plugin ImgMedia
LogPluginManager: Mounting plugin MediaCompositing
LogPluginManager: Mounting plugin MediaPlayerEditor
LogPluginManager: Mounting plugin WmfMedia
LogPluginManager: Mounting plugin TcpMessaging
LogPluginManager: Mounting plugin UdpMessaging
LogPluginManager: Mounting plugin ActorSequence
LogPluginManager: Mounting plugin LevelSequenceEditor
LogPluginManager: Mounting plugin MatineeToLevelSequence
LogPluginManager: Mounting plugin OnlineSubsystemGooglePlay
LogPluginManager: Mounting plugin OnlineSubsystemIOS
LogPluginManager: Mounting plugin OnlineSubsystem
LogPluginManager: Mounting plugin OnlineSubsystemNull
LogPluginManager: Mounting plugin OnlineSubsystemUtils
LogPluginManager: Mounting plugin AndroidDeviceProfileSelector
LogPluginManager: Mounting plugin AndroidMoviePlayer
LogPluginManager: Mounting plugin AndroidPermission
LogPluginManager: Mounting plugin AppleARKit
LogPluginManager: Mounting plugin AppleMoviePlayer
LogPluginManager: Mounting plugin ArchVisCharacter
LogPluginManager: Mounting plugin CableComponent
LogPluginManager: Mounting plugin CustomMeshComponent
LogPluginManager: Mounting plugin ExampleDeviceProfileSelector
LogPluginManager: Mounting plugin GoogleCloudMessaging
LogPluginManager: Mounting plugin ImmediatePhysics
LogPluginManager: Mounting plugin IOSDeviceProfileSelector
LogPluginManager: Mounting plugin LinuxDeviceProfileSelector
LogPluginManager: Mounting plugin LocationServicesBPLibrary
LogPluginManager: Mounting plugin MobilePatchingUtils
LogPluginManager: Mounting plugin OculusVR
LogPluginManager: Plugin shader directory ../../../Engine/Plugins/Runtime/Oculus/OculusVR/Shaders found
LogPluginManager: Mapping shader source directory ../../../Engine/Plugins/Runtime/Oculus/OculusVR/Shaders to virtual directory /Plugin/OculusVR
LogPluginManager: Mounting plugin PhysXVehicles
LogPluginManager: Mounting plugin ProceduralMeshComponent
LogPluginManager: Mounting plugin RuntimePhysXCooking
LogPluginManager: Mounting plugin SteamVR
LogPluginManager: Mounting plugin WindowsMoviePlayer
LogInit: Using libcurl 7.47.1
LogInit:  - built for x86_64-pc-win32
LogInit:  - supports SSL with OpenSSL/1.0.2g
LogInit:  - supports HTTP deflate (compression) using libz 1.2.8
LogInit:  - other features:
LogInit:      CURL_VERSION_SSL
LogInit:      CURL_VERSION_LIBZ
LogInit:      CURL_VERSION_IPV6
LogInit:      CURL_VERSION_ASYNCHDNS
LogInit:      CURL_VERSION_LARGEFILE
LogInit:      CURL_VERSION_IDN
LogInit:  CurlRequestOptions (configurable via config and command line):
LogInit:  - bVerifyPeer = false  - Libcurl will NOT verify peer certificate
LogInit:  - bUseHttpProxy = false  - Libcurl will NOT use HTTP proxy
LogInit:  - bDontReuseConnections = false  - Libcurl will reuse connections
LogInit:  - CertBundlePath = nullptr  - Libcurl will use whatever was configured at build time.
LogInit: Build: ++UE4+Release-4.18-CL-3832480
LogInit: Engine Version: 4.18.3-3832480+++UE4+Release-4.18
LogInit: Compatible Engine Version: 4.18.0-3709383+++UE4+Release-4.18
LogInit: Net CL: 3709383
LogDevObjectVersion: Number of dev versions registered: 16
LogDevObjectVersion:   Dev-Blueprints (B0D832E4-1F89-4F0D-ACCF-7EB736FD4AA2): 10
LogDevObjectVersion:   Dev-Build (E1C64328-A22C-4D53-A36C-8E866417BD8C): 0
LogDevObjectVersion:   Dev-Core (375EC13C-06E4-48FB-B500-84F0262A717E): 2
LogDevObjectVersion:   Dev-Editor (E4B068ED-F494-42E9-A231-DA0B2E46BB41): 20
LogDevObjectVersion:   Dev-Framework (CFFC743F-43B0-4480-9391-14DF171D2073): 30
LogDevObjectVersion:   Dev-Mobile (B02B49B5-BB20-44E9-A304-32B752E40360): 0
LogDevObjectVersion:   Dev-Networking (A4E4105C-59A1-49B5-A7C5-40C4547EDFEE): 0
LogDevObjectVersion:   Dev-Online (39C831C9-5AE6-47DC-9A44-9C173E1C8E7C): 0
LogDevObjectVersion:   Dev-Physics (78F01B33-EBEA-4F98-B9B4-84EACCB95AA2): 0
LogDevObjectVersion:   Dev-Platform (6631380F-2D4D-43E0-8009-CF276956A95A): 0
LogDevObjectVersion:   Dev-Rendering (12F88B9F-8875-4AFC-A67C-D90C383ABD29): 20
LogDevObjectVersion:   Dev-Sequencer (7B5AE74C-D270-4C10-A958-57980B212A5A): 4
LogDevObjectVersion:   Dev-VR (D7296918-1DD6-4BDD-9DE2-64A83CC13884): 0
LogDevObjectVersion:   Dev-LoadTimes (C2A15278-BFE7-4AFE-6C17-90FF531DF755): 1
LogDevObjectVersion:   Private-Geometry (6EACA3D4-40EC-4CC1-B786-8BED09428FC5): 1
LogDevObjectVersion:   Dev-AnimPhys (29E575DD-E0A3-4627-9D10-D276232CDCEA): 12
LogInit: Compiled (64-bit): Jan 12 2018 02:04:55
LogInit: Compiled with Visual C++: 19.00.24215.01
LogInit: Build Configuration: Development
LogInit: Branch Name: ++UE4+Release-4.18
LogInit: Command line:  
LogInit: Base directory: C:/Program Files/Epic Games/UE_4.18/Engine/Binaries/Win64/
LogInit: Installed Engine Build: 1
LogInit: Presizing for max 8388607 objects, including 0 objects not considered by GC, pre-allocating 0 bytes for permanent pool.
LogInit: Object subsystem initialized
[2018.02.07-02.36.34:564][  0]LogInit: Selected Device Profile: [Windows]
[2018.02.07-02.36.34:564][  0]LogInit: Applying CVar settings loaded from the selected device profile: [Windows]
[2018.02.07-02.36.34:578][  0]LogInit: Computer: RYAN
[2018.02.07-02.36.34:578][  0]LogInit: User: Ryan
[2018.02.07-02.36.34:578][  0]LogInit: CPU Page size=4096, Cores=4
[2018.02.07-02.36.34:578][  0]LogInit: High frequency timer resolution =2.648436 MHz
[2018.02.07-02.36.34:578][  0]LogMemory: Memory total: Physical=15.9GB (16GB approx)
[2018.02.07-02.36.34:578][  0]LogMemory: Platform Memory Stats for Windows
[2018.02.07-02.36.34:578][  0]LogMemory: Process Physical Memory: 280.75 MB used, 280.75 MB peak
[2018.02.07-02.36.34:578][  0]LogMemory: Process Virtual Memory: 270.15 MB used, 270.15 MB peak
[2018.02.07-02.36.34:578][  0]LogMemory: Physical Memory: 4769.57 MB used,  11540.29 MB free, 16309.86 MB total
[2018.02.07-02.36.34:578][  0]LogMemory: Virtual Memory: 729.32 MB used,  11540.29 MB free, 134217728.00 MB total
[2018.02.07-02.36.34:746][  0]LogInit: Using OS detected language (en-US).
[2018.02.07-02.36.34:746][  0]LogInit: Using OS detected locale (en-US).
[2018.02.07-02.36.34:748][  0]LogTextLocalizationManager: No specific localization for 'en-US' exists, so the 'en' localization will be used.
[2018.02.07-02.36.35:214][  0]LogInit: Setting process to per monitor DPI aware
[2018.02.07-02.36.35:459][  0]LogD3D11RHI: D3D11 adapters:
[2018.02.07-02.36.35:490][  0]LogD3D11RHI:    0. 'NVIDIA GeForce GTX 970' (Feature Level 11_0)
[2018.02.07-02.36.35:490][  0]LogD3D11RHI:       4058/0/8154 MB DedicatedVideo/DedicatedSystem/SharedSystem, Outputs:2, VendorId:0x10de
[2018.02.07-02.36.35:493][  0]LogD3D11RHI:    1. 'Microsoft Basic Render Driver' (Feature Level 11_0)
[2018.02.07-02.36.35:493][  0]LogD3D11RHI:       0/0/8154 MB DedicatedVideo/DedicatedSystem/SharedSystem, Outputs:0, VendorId:0x1414
[2018.02.07-02.36.35:493][  0]LogD3D11RHI: Chosen D3D11 Adapter: 0
[2018.02.07-02.36.35:499][  0]LogD3D11RHI: Creating new Direct3DDevice
[2018.02.07-02.36.35:499][  0]LogD3D11RHI:     GPU DeviceId: 0x13c2 (for the marketing name, search the web for "GPU Device Id")
[2018.02.07-02.36.35:499][  0]LogWindows: EnumDisplayDevices:
[2018.02.07-02.36.35:499][  0]LogWindows:    0. 'NVIDIA GeForce GTX 970' (P:1 D:1)
[2018.02.07-02.36.35:499][  0]LogWindows:    1. 'NVIDIA GeForce GTX 970' (P:0 D:1)
[2018.02.07-02.36.35:499][  0]LogWindows:    2. 'NVIDIA GeForce GTX 970' (P:0 D:0)
[2018.02.07-02.36.35:499][  0]LogWindows:    3. 'NVIDIA GeForce GTX 970' (P:0 D:0)
[2018.02.07-02.36.35:499][  0]LogWindows: DebugString: GetVideoDriverDetailsInvalid PrimaryIsNotTheChoosenAdapter GetVideoDriverDetailsInvalid PrimaryIsNotTheChoosenAdapter GetVideoDriverDetailsInvalid PrimaryIsNotTheChoosenAdapter GetVideoDriverDetailsInvalid PrimaryIsNotTheChoosenAdapter FoundDriverCount:0 
[2018.02.07-02.36.35:499][  0]LogD3D11RHI:     Adapter Name: NVIDIA GeForce GTX 970
[2018.02.07-02.36.35:499][  0]LogD3D11RHI:   Driver Version: Unknown (internal:Unknown, unified:Unknown)
[2018.02.07-02.36.35:499][  0]LogD3D11RHI:      Driver Date: Unknown
[2018.02.07-02.36.35:499][  0]LogRHI: Texture pool is 2840 MB (70% of 4058 MB)
[2018.02.07-02.36.35:520][  0]LogD3D11RHI: Async texture creation enabled
[2018.02.07-02.36.35:533][  0]LogD3D11RHI: GPU Timing Frequency: 1000.000000 (Debug: 2 1)
[2018.02.07-02.36.35:577][  0]LogShaderCompilers: Guid format shader working directory is -22 characters bigger than the processId version (../../../../../../Users/Ryan/Documents/Unreal Projects/Game1/Game1/Intermediate/Shaders/WorkingDirectory/15984/).
[2018.02.07-02.36.35:577][  0]LogShaderCompilers: Cleaned the shader compiler working directory 'C:/Users/Ryan/AppData/Local/Temp/UnrealShaderWorkingDir/1B3338E94A4B371BF622CCA125A159F5/'.
[2018.02.07-02.36.35:577][  0]LogShaderCompilers: Display: Using Local Shader Compiler.
[2018.02.07-02.36.36:694][  0]LogTemp: Display: Loaded TP AllDesktopTargetPlatform
[2018.02.07-02.36.36:752][  0]LogTemp: Display: Loaded TP MacClientTargetPlatform
[2018.02.07-02.36.36:810][  0]LogTemp: Display: Loaded TP MacNoEditorTargetPlatform
[2018.02.07-02.36.36:869][  0]LogTemp: Display: Loaded TP MacServerTargetPlatform
[2018.02.07-02.36.36:931][  0]LogTemp: Display: Loaded TP MacTargetPlatform
[2018.02.07-02.36.36:990][  0]LogTemp: Display: Loaded TP WindowsClientTargetPlatform
[2018.02.07-02.36.37:048][  0]LogTemp: Display: Loaded TP WindowsNoEditorTargetPlatform
[2018.02.07-02.36.37:105][  0]LogTemp: Display: Loaded TP WindowsServerTargetPlatform
[2018.02.07-02.36.37:156][  0]LogTemp: Display: Loaded TP WindowsTargetPlatform
[2018.02.07-02.36.37:215][  0]LogTemp: Display: Loaded TP Android_ASTCTargetPlatform
[2018.02.07-02.36.37:274][  0]LogTemp: Display: Loaded TP Android_ATCTargetPlatform
[2018.02.07-02.36.37:333][  0]LogTemp: Display: Loaded TP Android_DXTTargetPlatform
[2018.02.07-02.36.37:391][  0]LogTemp: Display: Loaded TP Android_ETC1TargetPlatform
[2018.02.07-02.36.37:450][  0]LogTemp: Display: Loaded TP Android_ETC2TargetPlatform
[2018.02.07-02.36.37:566][  0]LogTemp: Display: Loaded TP Android_MultiTargetPlatform
[2018.02.07-02.36.37:566][  0]LogTemp: Display: Loaded TP Android_PVRTCTargetPlatform
[2018.02.07-02.36.37:625][  0]LogTemp: Display: Loaded TP AndroidTargetPlatform
[2018.02.07-02.36.37:674][  0]LogTemp: Display: Loaded TP HTML5TargetPlatform
[2018.02.07-02.36.37:781][  0]LogTemp: Display: Loaded TP IOSTargetPlatform
[2018.02.07-02.36.37:813][  0]LogTemp: Display: Loaded TP TVOSTargetPlatform
[2018.02.07-02.36.37:872][  0]LogTemp: Display: Loaded TP LinuxClientTargetPlatform
[2018.02.07-02.36.37:929][  0]LogTemp: Display: Loaded TP LinuxNoEditorTargetPlatform
[2018.02.07-02.36.37:986][  0]LogTemp: Display: Loaded TP LinuxServerTargetPlatform
[2018.02.07-02.36.38:050][  0]LogTemp: Display: Loaded TP LinuxTargetPlatform
[2018.02.07-02.36.38:050][  0]LogTargetPlatformManager: Display: Building Assets For Windows
[2018.02.07-02.36.38:596][  0]LogDerivedDataCache: Display: Max Cache Size: 512 MB
[2018.02.07-02.36.38:666][  0]LogDerivedDataCache: Loaded boot cache 0.07s 78MB C:/Users/Ryan/AppData/Local/UnrealEngine/4.18/DerivedDataCache/Boot.ddc.
[2018.02.07-02.36.38:666][  0]LogDerivedDataCache: Display: Loaded Boot cache: C:/Users/Ryan/AppData/Local/UnrealEngine/4.18/DerivedDataCache/Boot.ddc
[2018.02.07-02.36.38:666][  0]LogDerivedDataCache: FDerivedDataBackendGraph:  Pak pak cache file ../../../../../../Users/Ryan/Documents/Unreal Projects/Game1/Game1/DerivedDataCache/DDC.ddp not found, will not use a pak cache.
[2018.02.07-02.36.38:666][  0]LogDerivedDataCache: Unable to find inner node Pak for hierarchical cache Hierarchy.
[2018.02.07-02.36.38:666][  0]LogDerivedDataCache: FDerivedDataBackendGraph:  CompressedPak pak cache file ../../../../../../Users/Ryan/Documents/Unreal Projects/Game1/Game1/DerivedDataCache/Compressed.ddp not found, will not use a pak cache.
[2018.02.07-02.36.38:666][  0]LogDerivedDataCache: Unable to find inner node CompressedPak for hierarchical cache Hierarchy.
[2018.02.07-02.36.38:683][  0]LogDerivedDataCache: Display: Pak cache opened for reading ../../../Engine/DerivedDataCache/Compressed.ddp.
[2018.02.07-02.36.38:695][  0]LogDerivedDataCache: Using Local data cache path C:/Users/Ryan/AppData/Local/UnrealEngine/Common/DerivedDataCache: Writable
[2018.02.07-02.36.38:708][  0]LogMaterial: Verifying Global Shaders for PCD3D_SM5
[2018.02.07-02.36.38:708][  0]LogSlate: Using Freetype 2.6.0
[2018.02.07-02.36.38:709][  0]LogSlate: SlateFontCache - WITH_FREETYPE: 1, WITH_HARFBUZZ: 1
[2018.02.07-02.36.38:709][  0]LogSlate: SlateFontCache - WITH_FREETYPE: 1, WITH_HARFBUZZ: 1
[2018.02.07-02.36.39:108][  0]LogInit: Selected Device Profile: [Windows]
[2018.02.07-02.36.39:492][  0]LogSimplygon: Simplygon DLL not present - disabling.
[2018.02.07-02.36.39:538][  0]LogMeshReduction: Using SimplygonSwarm for distributed automatic mesh merging
[2018.02.07-02.36.39:538][  0]LogMeshReduction: Using QuadricMeshReduction for automatic static mesh reduction
[2018.02.07-02.36.39:538][  0]LogMeshReduction: No automatic skeletal mesh reduction module available
[2018.02.07-02.36.39:538][  0]LogMeshReduction: No automatic mesh merging module available
[2018.02.07-02.36.39:538][  0]LogMeshMerging: No automatic mesh merging module available
[2018.02.07-02.36.39:570][  0]LogNetVersion: Game1 , NetCL: 3709383, EngineNetVer: 2, GameNetVer: 0 (Checksum: 2978213144)
[2018.02.07-02.36.39:753][  0]LogAssetRegistry: FAssetRegistry took 0.0264 seconds to start up
[2018.02.07-02.36.40:287][  0]LogPackageLocalizationCache: Processed 7 localized package path(s) for 2 prioritized culture(s) in 0.066179 seconds
[2018.02.07-02.36.40:294][  0]LogUObjectArray: 35870 objects as part of root set at end of initial load.
[2018.02.07-02.36.40:294][  0]LogUObjectAllocator: 7363704 out of 0 bytes used by permanent object pool.
[2018.02.07-02.36.40:294][  0]LogUObjectArray: CloseDisregardForGC: 0/0 objects in disregard for GC pool
[2018.02.07-02.36.40:354][  0]LogInit: WinSock: version 1.1 (2.2), MaxSocks=32767, MaxUdp=65467
[2018.02.07-02.36.43:351][  0]LogTcpMessaging: Initializing TcpMessaging bridge
[2018.02.07-02.36.43:398][  0]LogUdpMessaging: Initializing bridge on interface 0.0.0.0:0 to multicast group 230.0.0.1:6666.
[2018.02.07-02.36.44:201][  0]LogMaterial: Uniform references updated for custom material expression Custom.
[2018.02.07-02.36.44:737][  0]SourceControl: Source control is disabled
[2018.02.07-02.36.46:791][  0]LogAndroidPermission: UAndroidPermissionCallbackProxy::GetInstance
[2018.02.07-02.36.47:111][  0]LogOcInput: OculusInput pre-init called
[2018.02.07-02.36.47:456][  0]LogEngine: Initializing Engine...
[2018.02.07-02.36.47:458][  0]LogHMD: Oculus plugin initialized. Version: 4.18.3-3832480+++UE4+Release-4.18, OVRPlugin: 1.19.0
[2018.02.07-02.36.47:696][  0]LogStats: UGameplayTagsManager::ConstructGameplayTagTree: Construct from data asset -  0.000 s
[2018.02.07-02.36.47:696][  0]LogStats: UGameplayTagsManager::ConstructGameplayTagTree: GameplayTagTreeChangedEvent.Broadcast -  0.000 s
[2018.02.07-02.36.47:879][  0]LogAIModule: Creating AISystem for world Untitled
[2018.02.07-02.36.47:901][  0]LogInit: XAudio2 using 'Speakers (Realtek High Definition Audio)' : 2 channels at 48 kHz using 32 bits per sample (channel mask 0x3)
[2018.02.07-02.36.47:931][  0]LogInit: FAudioDevice initialized.
[2018.02.07-02.36.48:059][  0]LogDerivedDataCache: Saved boot cache 0.13s 78MB C:/Users/Ryan/AppData/Local/UnrealEngine/4.18/DerivedDataCache/Boot.ddc.
[2018.02.07-02.36.48:069][  0]LogInit: Texture streaming: Enabled
[2018.02.07-02.36.48:177][  0]LogEngineSessionManager: EngineSessionManager initialized
[2018.02.07-02.36.48:326][  0]LogInit: Transaction tracking system initialized
[2018.02.07-02.36.48:683][  0]BlueprintLog: New page: Editor Load
[2018.02.07-02.36.49:656][  0]LocalizationService: Localization service is disabled
[2018.02.07-02.36.50:472][  0]LogConsoleResponse: Display: 
[2018.02.07-02.36.50:663][  0]LogCook: Display: Max memory allowance for cook 16384mb min free memory 0mb
[2018.02.07-02.36.50:663][  0]LogCook: Display: Mobile HDR setting 1
[2018.02.07-02.36.50:663][  0]LogGameplayTags: Display: UGameplayTagsManager::DoneAddingNativeTags. DelegateIsBound: 0
[2018.02.07-02.36.51:381][  0]LogFileCache: Scanning file cache for directory 'C:/Users/Ryan/Documents/Unreal Projects/Game1/Game1/Content/' took 0.04s
[2018.02.07-02.36.52:058][  0]LogWindowsTextInputMethodSystem: Display: IME system now deactivated.
[2018.02.07-02.36.52:059][  0]LogSlate: Took 0.000167 seconds to synchronously load lazily loaded font '../../../Engine/Content/Slate/Fonts/Roboto-Regular.ttf' (155K)
[2018.02.07-02.36.57:112][  0]LogWindowsTextInputMethodSystem: Display: IME system now deactivated.
[2018.02.07-02.36.57:114][  0]LogWindowsTextInputMethodSystem: Display: IME system now deactivated.
[2018.02.07-02.36.57:293][  0]LogWindowsTextInputMethodSystem: Display: IME system now deactivated.
[2018.02.07-02.36.57:294][  0]LogWindowsTextInputMethodSystem: Display: IME system now deactivated.
[2018.02.07-02.36.57:304][  0]Cmd: MAP LOAD FILE="../../../../../../Users/Ryan/Documents/Unreal Projects/Game1/Game1/Content/FirstPersonBP/Maps/FirstPersonExampleMap.umap" TEMPLATE=0 SHOWPROGRESS=1 FEATURELEVEL=3
[2018.02.07-02.36.57:305][  0]LightingResults: New page: Lighting Build
[2018.02.07-02.36.57:354][  0]MapCheck: New page: Map Check
[2018.02.07-02.36.57:354][  0]LightingResults: New page: Lighting Build
[2018.02.07-02.36.57:685][  0]LogLinker: Warning: Can't find file '/Game/FirstPersonBP/Maps/FirstPersonExampleMap_BuiltData'
[2018.02.07-02.36.57:685][  0]LogLinker: Warning: Can't find file for asset '/Game/FirstPersonBP/Maps/FirstPersonExampleMap_BuiltData' while loading ../../../../../../Users/Ryan/Documents/Unreal Projects/Game1/Game1/Content/FirstPersonBP/Maps/FirstPersonExampleMap.umap.
[2018.02.07-02.36.57:685][  0]LoadErrors: Error: /Game/FirstPersonBP/Maps/FirstPersonExampleMap : Can't find file for asset. /Game/FirstPersonBP/Maps/FirstPersonExampleMap_BuiltData
[2018.02.07-02.36.57:693][  0]LogLinker: Warning: Can't find file '/Game/FirstPersonBP/Maps/FirstPersonExampleMap_BuiltData'
[2018.02.07-02.36.57:693][  0]LogLinker: Warning: Can't find file for asset '/Game/FirstPersonBP/Maps/FirstPersonExampleMap_BuiltData' while loading ../../../../../../Users/Ryan/Documents/Unreal Projects/Game1/Game1/Content/FirstPersonBP/Maps/FirstPersonExampleMap.umap.
[2018.02.07-02.36.57:693][  0]LoadErrors: Error: /Game/FirstPersonBP/Maps/FirstPersonExampleMap : Can't find file for asset. /Game/FirstPersonBP/Maps/FirstPersonExampleMap_BuiltData
[2018.02.07-02.36.57:697][  0]LogLinker: Warning: Can't find file '/Game/FirstPersonBP/Maps/FirstPersonExampleMap_BuiltData'
[2018.02.07-02.36.57:697][  0]LogLinker: Warning: Can't find file for asset '/Game/FirstPersonBP/Maps/FirstPersonExampleMap_BuiltData' while loading NULL.
[2018.02.07-02.36.57:697][  0]LogLinker: Warning: Can't find file '/Game/FirstPersonBP/Maps/FirstPersonExampleMap_BuiltData'
[2018.02.07-02.36.57:697][  0]LogLinker: Warning: Can't find file for asset '/Game/FirstPersonBP/Maps/FirstPersonExampleMap_BuiltData' while loading NULL.
[2018.02.07-02.36.57:719][  0]LogLinker: Warning: Can't find file '/Game/FirstPersonBP/Maps/FirstPersonExampleMap_BuiltData'
[2018.02.07-02.36.57:719][  0]LoadErrors: Failed to load /Game/FirstPersonBP/Maps/FirstPersonExampleMap_BuiltData.FirstPersonExampleMap_BuiltData Referenced by PersistentLevel
[2018.02.07-02.36.57:719][  0]LogLinker: Warning: Can't find file for asset '/Game/FirstPersonBP/Maps/FirstPersonExampleMap_BuiltData' while loading NULL.
[2018.02.07-02.36.57:719][  0]LoadErrors: Failed to load /Game/FirstPersonBP/Maps/FirstPersonExampleMap_BuiltData.FirstPersonExampleMap_BuiltData Referenced by PersistentLevel
[2018.02.07-02.36.57:922][  0]LogAIModule: Creating AISystem for world FirstPersonExampleMap
[2018.02.07-02.36.57:935][  0]LogEditorServer: Finished looking for orphan Actors (0.000 secs)
[2018.02.07-02.36.57:948][  0]Cmd: MAP CHECKDEP NOCLEARLOG
[2018.02.07-02.36.58:006][  0]MapCheck: Map check complete: 0 Error(s), 0 Warning(s), took 57.505ms to complete.
[2018.02.07-02.36.58:006][  0]LogFileHelpers: Loading map 'FirstPersonExampleMap' took 0.702
[2018.02.07-02.36.58:110][  0]LogStats: Warning: MetaData mismatch. Did you assign a stat to two groups? New //STATGROUP_Threads//SplashScreenThread///Thread_2048_0///####STATCAT_Advanced#### old //STATGROUP_Threads//SplashScreenThread///Thread_3ef8_0///####STATCAT_Advanced####
[2018.02.07-02.36.58:110][  0]LogCollectionManager: Loaded 0 collections in 0.001917 seconds
[2018.02.07-02.36.58:196][  0]LogFileCache: Scanning file cache for directory 'C:/Users/Ryan/Documents/Unreal Projects/Game1/Game1/Saved/Collections/' took 0.01s
[2018.02.07-02.36.58:196][  0]LogFileCache: Scanning file cache for directory 'C:/Users/Ryan/Documents/Unreal Projects/Game1/Game1/Content/Developers/Ryan/Collections/' took 0.01s
[2018.02.07-02.36.58:196][  0]LogFileCache: Scanning file cache for directory 'C:/Users/Ryan/Documents/Unreal Projects/Game1/Game1/Content/Collections/' took 0.01s
[2018.02.07-02.36.58:196][  0]LogCollectionManager: Rebuilt the GUID cache for 0 collections in 0.000000 seconds
[2018.02.07-02.36.58:205][  0]LogContentBrowser: Native class hierarchy populated in 0.0089 seconds. Added 2363 classes and 519 folders.
[2018.02.07-02.36.58:280][  0]LogContentBrowser: Native class hierarchy updated for 'WidgetCarousel' in 0.0002 seconds. Added 0 classes and 0 folders.
[2018.02.07-02.36.58:323][  0]LogContentBrowser: Native class hierarchy updated for 'AddContentDialog' in 0.0002 seconds. Added 0 classes and 0 folders.
[2018.02.07-02.36.58:378][  0]LogContentBrowser: Native class hierarchy updated for 'SceneOutliner' in 0.0003 seconds. Added 1 classes and 2 folders.
[2018.02.07-02.36.58:444][  0]LogSlate: Took 0.000150 seconds to synchronously load lazily loaded font '../../../Engine/Content/Slate/Fonts/Roboto-Bold.ttf' (160K)
[2018.02.07-02.36.58:448][  0]LogSlate: Took 0.000158 seconds to synchronously load lazily loaded font '../../../Engine/Content/Editor/Slate/Fonts/FontAwesome.ttf' (139K)
[2018.02.07-02.36.58:565][  0]LogRenderer: Reallocating scene render targets to support 1208x532 Format 10 NumSamples 1 (Frame:1).
[2018.02.07-02.36.58:736][  0]LogContentBrowser: Native class hierarchy updated for 'HierarchicalLODOutliner' in 0.0003 seconds. Added 1 classes and 2 folders.
[2018.02.07-02.36.58:736][  0]LogLoad: (Engine Initialization) Total time: 26.79 seconds
[2018.02.07-02.36.58:736][  0]LogLoad: (Engine Initialization) Total Blueprint compile time: 0.00 seconds
[2018.02.07-02.36.58:736][  0]LogExternalProfiler: No external profilers were discovered.  External profiling features will not be available.
[2018.02.07-02.36.58:753][  0]LogOcInput: OculusInput is initialized
[2018.02.07-02.36.58:771][  0]SourceControl: On branch master
[2018.02.07-02.36.58:771][  0]SourceControl: Your branch is up to date with 'origin/master'.
[2018.02.07-02.36.58:771][  0]SourceControl: Changes not staged for commit:
[2018.02.07-02.36.58:771][  0]SourceControl:   (use "git add/rm <file>..." to update what will be committed)
[2018.02.07-02.36.58:771][  0]SourceControl:   (use "git checkout -- <file>..." to discard changes in working directory)
[2018.02.07-02.36.58:771][  0]SourceControl: 	modified:   Game1/Content/Blueprints/Enemy.uasset
[2018.02.07-02.36.58:772][  0]SourceControl: 	modified:   Game1/Content/Blueprints/EnemyAI.uasset
[2018.02.07-02.36.58:772][  0]SourceControl: 	modified:   Game1/Content/FirstPersonBP/Blueprints/FirstPersonCharacter.uasset
[2018.02.07-02.36.58:772][  0]SourceControl: 	modified:   Game1/Content/Maps/Level_One.umap
[2018.02.07-02.36.58:772][  0]SourceControl: 	modified:   Game1/Intermediate/AssetRegistryCache/311563bb.bin
[2018.02.07-02.36.58:772][  0]SourceControl: 	modified:   Game1/Intermediate/AssetRegistryCache/c90e3f55.bin
[2018.02.07-02.36.58:772][  0]SourceControl: 	modified:   Game1/Intermediate/CachedAssetRegistry.bin
[2018.02.07-02.36.58:772][  0]SourceControl: 	modified:   Game1/Saved/AutoScreenshot.png
[2018.02.07-02.36.58:772][  0]SourceControl: 	modified:   Game1/Saved/Autosaves/Game/Blueprints/Enemy_Auto1.uasset
[2018.02.07-02.36.58:772][  0]SourceControl: 	modified:   Game1/Saved/Autosaves/Game/Blueprints/Enemy_Auto3.uasset
[2018.02.07-02.36.58:772][  0]SourceControl: 	modified:   Game1/Saved/Autosaves/Game/Maps/Level_One_Auto1.umap
[2018.02.07-02.36.58:772][  0]SourceControl: 	modified:   Game1/Saved/Autosaves/Game/Maps/Level_One_Auto3.umap
[2018.02.07-02.36.58:772][  0]SourceControl: 	modified:   Game1/Saved/Autosaves/PackageRestoreData.json
[2018.02.07-02.36.58:772][  0]SourceControl: 	deleted:    Game1/Saved/Backup/Enemy_2018-02-05-00-04-45.uasset
[2018.02.07-02.36.58:772][  0]SourceControl: 	deleted:    Game1/Saved/Backup/Enemy_2018-02-05-00-23-20.uasset
[2018.02.07-02.36.58:772][  0]SourceControl: 	deleted:    Game1/Saved/Backup/Enemy_2018-02-05-00-30-04.uasset
[2018.02.07-02.36.58:772][  0]SourceControl: 	deleted:    Game1/Saved/Backup/Enemy_2018-02-05-01-02-05.uasset
[2018.02.07-02.36.58:772][  0]SourceControl: 	deleted:    Game1/Saved/Backup/Enemy_2018-02-05-11-22-07.uasset
[2018.02.07-02.36.58:772][  0]SourceControl: 	deleted:    Game1/Saved/Backup/Enemy_2018-02-05-12-00-16.uasset
[2018.02.07-02.36.58:772][  0]SourceControl: 	deleted:    Game1/Saved/Backup/Enemy_2018-02-05-12-05-51.uasset
[2018.02.07-02.36.58:772][  0]SourceControl: 	deleted:    Game1/Saved/Backup/FirstPersonCharacter_2018-02-05-12-02-13.uasset
[2018.02.07-02.36.58:772][  0]SourceControl: 	deleted:    Game1/Saved/Backup/FirstPersonProjectile_2018-02-05-00-12-46.uasset
[2018.02.07-02.36.58:772][  0]SourceControl: 	deleted:    Game1/Saved/Backup/FirstPersonProjectile_2018-02-05-00-19-20.uasset
[2018.02.07-02.36.58:772][  0]SourceControl: 	deleted:    Game1/Saved/Backup/FirstPersonProjectile_2018-02-05-11-20-38.uasset
[2018.02.07-02.36.58:772][  0]SourceControl: 	deleted:    Game1/Saved/Backup/FirstPersonProjectile_2018-02-05-11-34-53.uasset
[2018.02.07-02.36.58:772][  0]SourceControl: 	deleted:    Game1/Saved/Backup/FirstPersonProjectile_2018-02-05-12-06-42.uasset
[2018.02.07-02.36.58:772][  0]SourceControl: 	deleted:    Game1/Saved/Backup/Level_One_2018-02-04-00-13-19.umap
[2018.02.07-02.36.58:772][  0]SourceControl: 	deleted:    Game1/Saved/Backup/Level_One_2018-02-05-00-30-30.umap
[2018.02.07-02.36.58:772][  0]SourceControl: 	deleted:    Game1/Saved/Backup/Level_One_2018-02-05-11-27-33.umap
[2018.02.07-02.36.58:772][  0]SourceControl: 	deleted:    Game1/Saved/Backup/Level_One_2018-02-05-11-35-13.umap
[2018.02.07-02.36.58:772][  0]SourceControl: 	deleted:    Game1/Saved/Backup/Level_One_2018-02-05-12-06-35.umap
[2018.02.07-02.36.58:772][  0]SourceControl: 	deleted:    Game1/Saved/Backup/Level_One_BuiltData_2018-02-05-11-35-14.uasset
[2018.02.07-02.36.58:772][  0]SourceControl: 	deleted:    Game1/Saved/Backup/Level_One_BuiltData_2018-02-05-12-06-37.uasset
[2018.02.07-02.36.58:772][  0]SourceControl: 	deleted:    Game1/Saved/Config/CrashReportClient/UE4CC-Windows-0A873AED4B3EE7F91BAA2884584E9195/CrashReportClient.ini
[2018.02.07-02.36.58:772][  0]SourceControl: 	deleted:    Game1/Saved/Config/CrashReportClient/UE4CC-Windows-0E6380374A16997074B3359151CB4D05/CrashReportClient.ini
[2018.02.07-02.36.58:772][  0]SourceControl: 	deleted:    Game1/Saved/Config/CrashReportClient/UE4CC-Windows-17BC77F943556E33969C459261FF51F9/CrashReportClient.ini
[2018.02.07-02.36.58:772][  0]SourceControl: 	deleted:    Game1/Saved/Config/CrashReportClient/UE4CC-Windows-6B8B6D20468F0C8A3088DDAC6F8AA897/CrashReportClient.ini
[2018.02.07-02.36.58:772][  0]SourceControl: 	deleted:    Game1/Saved/Config/CrashReportClient/UE4CC-Windows-84995F3F4C0231D99A2899855A31009F/CrashReportClient.ini
[2018.02.07-02.36.58:772][  0]SourceControl: 	deleted:    Game1/Saved/Config/CrashReportClient/UE4CC-Windows-99B32A7A47CEEF49F59F3DA6842ED4CE/CrashReportClient.ini
[2018.02.07-02.36.58:772][  0]SourceControl: 	deleted:    Game1/Saved/Config/CrashReportClient/UE4CC-Windows-9BE1175B44EEE3FABA6D569648991D3D/CrashReportClient.ini
[2018.02.07-02.36.58:772][  0]SourceControl: 	deleted:    Game1/Saved/Config/CrashReportClient/UE4CC-Windows-AF2BAF6B49C2C3DA25F26FBB86988822/CrashReportClient.ini
[2018.02.07-02.36.58:772][  0]SourceControl: 	deleted:    Game1/Saved/Config/CrashReportClient/UE4CC-Windows-EB9C271343362A16DDAB6697E00D6CC6/CrashReportClient.ini
[2018.02.07-02.36.58:773][  0]SourceControl: 	modified:   Game1/Saved/Config/Windows/Editor.ini
[2018.02.07-02.36.58:773][  0]SourceControl: 	modified:   Game1/Saved/Config/Windows/EditorPerProjectUserSettings.ini
[2018.02.07-02.36.58:773][  0]SourceControl: 	deleted:    Game1/Saved/Logs/Game1-backup-2018.02.01-19.41.24.log
[2018.02.07-02.36.58:773][  0]SourceControl: 	deleted:    Game1/Saved/Logs/Game1-backup-2018.02.01-21.46.01.log
[2018.02.07-02.36.58:773][  0]SourceControl: 	deleted:    Game1/Saved/Logs/Game1-backup-2018.02.03-18.29.37.log
[2018.02.07-02.36.58:773][  0]SourceControl: 	modified:   Game1/Saved/Logs/Game1.log
[2018.02.07-02.36.58:773][  0]SourceControl: 	deleted:    Game1/Saved/Logs/Game1_2-backup-2018.02.01-20.47.38.log
[2018.02.07-02.36.58:773][  0]SourceControl: 	modified:   Game1/Saved/Logs/Game1_2.log
[2018.02.07-02.36.58:773][  0]SourceControl: Untracked files:
[2018.02.07-02.36.58:773][  0]SourceControl:   (use "git add <file>..." to include in what will be committed)
[2018.02.07-02.36.58:773][  0]SourceControl: 	Game1/Content/AnimStarterPack/
[2018.02.07-02.36.58:773][  0]SourceControl: 	Game1/Content/UE4_Mannequin_Mobile/
[2018.02.07-02.36.58:773][  0]SourceControl: 	Game1/Saved/Autosaves/Game/Blueprints/EnemyAI_Auto1.uasset
[2018.02.07-02.36.58:773][  0]SourceControl: 	Game1/Saved/Backup/EnemyAI_2018-02-06-20-30-07.uasset
[2018.02.07-02.36.58:773][  0]SourceControl: 	Game1/Saved/Backup/EnemyAI_2018-02-06-20-46-22.uasset
[2018.02.07-02.36.58:773][  0]SourceControl: 	Game1/Saved/Backup/EnemyAI_2018-02-06-20-53-45.uasset
[2018.02.07-02.36.58:773][  0]SourceControl: 	Game1/Saved/Backup/EnemyAI_2018-02-06-21-05-32.uasset
[2018.02.07-02.36.58:773][  0]SourceControl: 	Game1/Saved/Backup/EnemyAI_2018-02-06-21-12-52.uasset
[2018.02.07-02.36.58:773][  0]SourceControl: 	Game1/Saved/Backup/EnemyAI_2018-02-06-21-18-34.uasset
[2018.02.07-02.36.58:773][  0]SourceControl: 	Game1/Saved/Backup/EnemyAI_2018-02-06-21-23-52.uasset
[2018.02.07-02.36.58:773][  0]SourceControl: 	Game1/Saved/Backup/EnemyAI_2018-02-06-21-31-24.uasset
[2018.02.07-02.36.58:773][  0]SourceControl: 	Game1/Saved/Backup/Enemy_2018-02-06-21-22-40.uasset
[2018.02.07-02.36.58:773][  0]SourceControl: 	Game1/Saved/Backup/FirstPersonCharacter_2018-02-06-20-39-58.uasset
[2018.02.07-02.36.58:773][  0]SourceControl: 	Game1/Saved/Backup/Level_One_2018-02-06-20-46-26.umap
[2018.02.07-02.36.58:773][  0]SourceControl: 	Game1/Saved/Backup/Level_One_2018-02-06-21-22-38.umap
[2018.02.07-02.36.58:773][  0]SourceControl: 	Game1/Saved/Backup/Level_One_2018-02-06-21-29-19.umap
[2018.02.07-02.36.58:773][  0]SourceControl: 	Game1/Saved/Backup/Level_One_BuiltData_2018-02-06-20-46-27.uasset
[2018.02.07-02.36.58:773][  0]SourceControl: 	Game1/Saved/Backup/Level_One_BuiltData_2018-02-06-21-29-20.uasset
[2018.02.07-02.36.58:773][  0]SourceControl: 	Game1/Saved/Config/CrashReportClient/UE4CC-Windows-0DDF1F8F4CA6DAB4B78EEBB12C1D6B9F/
[2018.02.07-02.36.58:773][  0]SourceControl: 	Game1/Saved/Config/CrashReportClient/UE4CC-Windows-46997CFA4FC462FE5CAB9094EC0F5EB1/
[2018.02.07-02.36.58:773][  0]SourceControl: 	Game1/Saved/Config/CrashReportClient/UE4CC-Windows-897555D74F3550718AFA608DE4A7B373/
[2018.02.07-02.36.58:773][  0]SourceControl: 	Game1/Saved/Config/CrashReportClient/UE4CC-Windows-A515C0F44DF9C89E0AFA8186AB5BDD0C/
[2018.02.07-02.36.58:773][  0]SourceControl: 	Game1/Saved/Logs/Game1-backup-2018.02.06-19.49.05.log
[2018.02.07-02.36.58:773][  0]SourceControl: 	Game1/Saved/Logs/Game1-backup-2018.02.06-21.35.11.log
[2018.02.07-02.36.58:773][  0]SourceControl: 	Game1/Saved/Logs/Game1-backup-2018.02.06-21.36.32.log
[2018.02.07-02.36.58:773][  0]SourceControl: 	Game1/Saved/Logs/Game1_2-backup-2018.02.06-19.51.43.log
[2018.02.07-02.36.58:773][  0]SourceControl: no changes added to commit (use "git add" and/or "git commit -a")
[2018.02.07-02.36.58:773][  0]LogContentStreaming: Texture pool size now 1000 MB
[2018.02.07-02.36.58:911][  2]LogAssetRegistry: Asset discovery search completed in 19.1795 seconds
[2018.02.07-02.36.58:915][  2]LogCollectionManager: Rebuilt the object cache for 0 collections in 0.000000 seconds (found 0 objects)
[2018.02.07-02.36.58:915][  2]LogCollectionManager: Fixed up redirectors for 0 collections in 0.000058 seconds (updated 0 objects)
[2018.02.07-02.36.58:936][  2]LogSlate: Took 0.000118 seconds to synchronously load lazily loaded font '../../../Engine/Content/Slate/Fonts/Roboto-Light.ttf' (159K)
[2018.02.07-02.36.59:781][ 92]LogSlate: Took 0.000179 seconds to synchronously load lazily loaded font '../../../Engine/Content/Slate/Fonts/Roboto-Light.ttf' (159K)
[2018.02.07-02.37.03:045][476]LogSlate: Took 0.000125 seconds to synchronously load lazily loaded font '../../../Engine/Content/Slate/Fonts/Roboto-Light.ttf' (159K)
[2018.02.07-02.37.03:402][476]LogAIModule: Creating AISystem for world Level_One
[2018.02.07-02.37.03:454][476]Cmd: MAP LOAD FILE="../../../../../../Users/Ryan/Documents/Unreal Projects/Game1/Game1/Content/Maps/Level_One.umap" TEMPLATE=0 SHOWPROGRESS=1 FEATURELEVEL=3
[2018.02.07-02.37.03:454][476]LightingResults: New page: Lighting Build
[2018.02.07-02.37.03:455][476]LoadErrors: New page: Loading map: Level_One.umap
[2018.02.07-02.37.03:456][476]MapCheck: New page: Map Check
[2018.02.07-02.37.03:456][476]LightingResults: New page: Lighting Build
[2018.02.07-02.37.03:604][476]LogEditorServer: Finished looking for orphan Actors (0.000 secs)
[2018.02.07-02.37.03:655][476]Cmd: MAP CHECKDEP NOCLEARLOG
[2018.02.07-02.37.03:723][476]MapCheck: Map check complete: 0 Error(s), 0 Warning(s), took 67.724ms to complete.
[2018.02.07-02.37.03:723][476]LogFileHelpers: Loading map 'Level_One' took 0.270
[2018.02.07-02.37.06:305][763]LogTemp: Repeating last play command: Selected Viewport
[2018.02.07-02.37.06:439][763]LogPlayLevel: PlayLevel: No blueprints needed recompiling
[2018.02.07-02.37.06:440][763]LogHMD: Initializing OVRPlugin session
[2018.02.07-02.37.06:845][763]PIE: New page: PIE session: Level_One (Feb 6, 2018, 4:37:06 PM)
[2018.02.07-02.37.06:846][763]LogPlayLevel: Creating play world package: /Game/Maps/UEDPIE_0_Level_One
[2018.02.07-02.37.06:917][763]LogPlayLevel: PIE: StaticDuplicateObject took: (0.071222s)
[2018.02.07-02.37.06:918][763]LogAIModule: Creating AISystem for world Level_One
[2018.02.07-02.37.06:919][763]LogPlayLevel: PIE: World Init took: (0.001466s)
[2018.02.07-02.37.06:919][763]LogPlayLevel: PIE: Created PIE world by copying editor world from /Game/Maps/Level_One.Level_One to /Game/Maps/UEDPIE_0_Level_One.Level_One (0.073157s)
[2018.02.07-02.37.06:944][763]LogInit: XAudio2 using 'Speakers (Realtek High Definition Audio)' : 2 channels at 48 kHz using 32 bits per sample (channel mask 0x3)
[2018.02.07-02.37.06:953][763]LogInit: FAudioDevice initialized.
[2018.02.07-02.37.06:995][763]LogLoad: Game class is 'FirstPersonGameMode_C'
[2018.02.07-02.37.07:009][763]LogWorld: Bringing World /Game/Maps/UEDPIE_0_Level_One.Level_One up for play (max tick rate 0) at 2018.02.06-21.37.07
[2018.02.07-02.37.07:013][763]LogWorld: Bringing up level for play took: 0.016785
[2018.02.07-02.37.07:059][763]LogContentBrowser: Native class hierarchy updated for 'MovieSceneCapture' in 0.0003 seconds. Added 11 classes and 0 folders.
