Log file open, 02/07/18 11:47:11
LogWindows: Failed to load 'aqProf.dll' (GetLastError=126)
LogWindows: File 'aqProf.dll' does not exist
LogWindows: Failed to load 'VSPerf140.dll' (GetLastError=126)
LogWindows: File 'VSPerf140.dll' does not exist
LogWindows: Failed to load 'VtuneApi.dll' (GetLastError=126)
LogWindows: File 'VtuneApi.dll' does not exist
LogWindows: Failed to load 'VtuneApi32e.dll' (GetLastError=126)
LogWindows: File 'VtuneApi32e.dll' does not exist
LogInit: Display: Running engine for game: Game1
LogPlatformFile: Not using cached read wrapper
LogInit: Display: RandInit(-647608188) SRandInit(-647608188).
LogInit: Read version file with build ID '3709383'
LogInit: Overriding engine version to CL 3832480, compatible CL 3709383
LogInit: Registered custom module enumerator with build ID '3709383'
LogTaskGraph: Started task graph with 5 named threads and 14 total threads with 3 sets of task threads.
LogStats: Stats thread started at 0.175762
LogD3D11RHI: Aftermath initialized
LogModuleManager: Display: Found up-to-date module file ../../../Engine/Plugins/2D/Paper2D/Binaries/Win64/UE4Editor-Paper2D.dll (API version 3709383).
LogModuleManager: Display: Found up-to-date module file ../../../Engine/Plugins/2D/Paper2D/Binaries/Win64/UE4Editor-Paper2DEditor.dll (API version 3709383).
LogModuleManager: Display: Found up-to-date module file ../../../Engine/Plugins/2D/Paper2D/Binaries/Win64/UE4Editor-PaperSpriteSheetImporter.dll (API version 3709383).
LogModuleManager: Display: Found up-to-date module file ../../../Engine/Plugins/2D/Paper2D/Binaries/Win64/UE4Editor-PaperTiledImporter.dll (API version 3709383).
LogModuleManager: Display: Found up-to-date module file ../../../Engine/Plugins/2D/Paper2D/Binaries/Win64/UE4Editor-SmartSnapping.dll (API version 3709383).
LogModuleManager: Display: Found up-to-date module file ../../../Engine/Plugins/Blendables/LightPropagationVolume/Binaries/Win64/UE4Editor-LightPropagationVolumeRuntime.dll (API version 3709383).
LogModuleManager: Display: Found up-to-date module file ../../../Engine/Plugins/Blendables/LightPropagationVolume/Binaries/Win64/UE4Editor-LightPropagationVolumeEditor.dll (API version 3709383).
LogModuleManager: Display: Found up-to-date module file ../../../Engine/Plugins/Developer/GitSourceControl/Binaries/Win64/UE4Editor-GitSourceControl.dll (API version 3709383).
LogModuleManager: Display: Found up-to-date module file ../../../Engine/Plugins/Developer/PerforceSourceControl/Binaries/Win64/UE4Editor-PerforceSourceControl.dll (API version 3709383).
LogModuleManager: Display: Found up-to-date module file ../../../Engine/Plugins/Developer/SubversionSourceControl/Binaries/Win64/UE4Editor-SubversionSourceControl.dll (API version 3709383).
LogModuleManager: Display: Found up-to-date module file ../../../Engine/Plugins/Developer/UObjectPlugin/Binaries/Win64/UE4Editor-UObjectPlugin.dll (API version 3709383).
LogModuleManager: Display: Found up-to-date module file ../../../Engine/Plugins/Developer/VisualStudioCodeSourceCodeAccess/Binaries/Win64/UE4Editor-VisualStudioCodeSourceCodeAccess.dll (API version 3709383).
LogModuleManager: Display: Found up-to-date module file ../../../Engine/Plugins/Developer/VisualStudioSourceCodeAccess/Binaries/Win64/UE4Editor-VisualStudioSourceCodeAccess.dll (API version 3709383).
LogModuleManager: Display: Found up-to-date module file ../../../Engine/Plugins/Editor/AssetManagerEditor/Binaries/Win64/UE4Editor-AssetManagerEditor.dll (API version 3709383).
LogModuleManager: Display: Found up-to-date module file ../../../Engine/Plugins/Editor/AudioCapture/Binaries/Win64/UE4Editor-AudioCapture.dll (API version 3709383).
LogModuleManager: Display: Found up-to-date module file ../../../Engine/Plugins/Editor/FacialAnimation/Binaries/Win64/UE4Editor-FacialAnimation.dll (API version 3709383).
LogModuleManager: Display: Found up-to-date module file ../../../Engine/Plugins/Editor/FacialAnimation/Binaries/Win64/UE4Editor-FacialAnimationEditor.dll (API version 3709383).
LogModuleManager: Display: Found up-to-date module file ../../../Engine/Plugins/Editor/GameplayTagsEditor/Binaries/Win64/UE4Editor-GameplayTagsEditor.dll (API version 3709383).
LogModuleManager: Display: Found up-to-date module file ../../../Engine/Plugins/Editor/MobileLauncherProfileWizard/Binaries/Win64/UE4Editor-MobileLauncherProfileWizard.dll (API version 3709383).
LogModuleManager: Display: Found up-to-date module file ../../../Engine/Plugins/Editor/PluginBrowser/Binaries/Win64/UE4Editor-PluginBrowser.dll (API version 3709383).
LogModuleManager: Display: Found up-to-date module file ../../../Engine/Plugins/Editor/SpeedTreeImporter/Binaries/Win64/UE4Editor-SpeedTreeImporter.dll (API version 3709383).
LogModuleManager: Display: Found up-to-date module file ../../../Engine/Plugins/Experimental/AlembicImporter/Binaries/Win64/UE4Editor-AlembicImporter.dll (API version 3709383).
LogModuleManager: Display: Found up-to-date module file ../../../Engine/Plugins/Experimental/AlembicImporter/Binaries/Win64/UE4Editor-AlembicLibrary.dll (API version 3709383).
LogModuleManager: Display: Found up-to-date module file ../../../Engine/Plugins/Experimental/CharacterAI/Binaries/Win64/UE4Editor-CharacterAI.dll (API version 3709383).
LogModuleManager: Display: Found up-to-date module file ../../../Engine/Plugins/Experimental/HTML5Networking/Binaries/Win64/UE4Editor-HTML5Networking.dll (API version 3709383).
LogModuleManager: Display: Found up-to-date module file ../../../Engine/Plugins/Media/AndroidMedia/Binaries/Win64/UE4Editor-AndroidMediaEditor.dll (API version 3709383).
LogModuleManager: Display: Found up-to-date module file ../../../Engine/Plugins/Media/AndroidMedia/Binaries/Win64/UE4Editor-AndroidMediaFactory.dll (API version 3709383).
LogModuleManager: Display: Found up-to-date module file ../../../Engine/Plugins/Media/AvfMedia/Binaries/Win64/UE4Editor-AvfMediaEditor.dll (API version 3709383).
LogModuleManager: Display: Found up-to-date module file ../../../Engine/Plugins/Media/AvfMedia/Binaries/Win64/UE4Editor-AvfMediaFactory.dll (API version 3709383).
LogModuleManager: Display: Found up-to-date module file ../../../Engine/Plugins/Media/AvfMedia/Binaries/Win64/UE4Editor-AvfMediaFactory.dll (API version 3709383).
LogModuleManager: Display: Found up-to-date module file ../../../Engine/Plugins/Media/ImgMedia/Binaries/Win64/UE4Editor-ImgMedia.dll (API version 3709383).
LogModuleManager: Display: Found up-to-date module file ../../../Engine/Plugins/Media/ImgMedia/Binaries/Win64/UE4Editor-ImgMediaEditor.dll (API version 3709383).
LogModuleManager: Display: Found up-to-date module file ../../../Engine/Plugins/Media/ImgMedia/Binaries/Win64/UE4Editor-ImgMediaFactory.dll (API version 3709383).
LogModuleManager: Display: Found up-to-date module file ../../../Engine/Plugins/Media/ImgMedia/Binaries/Win64/UE4Editor-ImgMediaFactory.dll (API version 3709383).
LogModuleManager: Display: Found up-to-date module file ../../../Engine/Plugins/Media/ImgMedia/Binaries/Win64/UE4Editor-OpenExrWrapper.dll (API version 3709383).
LogModuleManager: Display: Found up-to-date module file ../../../Engine/Plugins/Media/MediaCompositing/Binaries/Win64/UE4Editor-MediaCompositing.dll (API version 3709383).
LogModuleManager: Display: Found up-to-date module file ../../../Engine/Plugins/Media/MediaCompositing/Binaries/Win64/UE4Editor-MediaCompositingEditor.dll (API version 3709383).
LogModuleManager: Display: Found up-to-date module file ../../../Engine/Plugins/Media/MediaPlayerEditor/Binaries/Win64/UE4Editor-MediaPlayerEditor.dll (API version 3709383).
LogModuleManager: Display: Found up-to-date module file ../../../Engine/Plugins/Media/WmfMedia/Binaries/Win64/UE4Editor-WmfMedia.dll (API version 3709383).
LogModuleManager: Display: Found up-to-date module file ../../../Engine/Plugins/Media/WmfMedia/Binaries/Win64/UE4Editor-WmfMediaEditor.dll (API version 3709383).
LogModuleManager: Display: Found up-to-date module file ../../../Engine/Plugins/Media/WmfMedia/Binaries/Win64/UE4Editor-WmfMediaFactory.dll (API version 3709383).
LogModuleManager: Display: Found up-to-date module file ../../../Engine/Plugins/Media/WmfMedia/Binaries/Win64/UE4Editor-WmfMediaFactory.dll (API version 3709383).
LogModuleManager: Display: Found up-to-date module file ../../../Engine/Plugins/Messaging/TcpMessaging/Binaries/Win64/UE4Editor-TcpMessaging.dll (API version 3709383).
LogModuleManager: Display: Found up-to-date module file ../../../Engine/Plugins/Messaging/UdpMessaging/Binaries/Win64/UE4Editor-UdpMessaging.dll (API version 3709383).
LogModuleManager: Display: Found up-to-date module file ../../../Engine/Plugins/MovieScene/ActorSequence/Binaries/Win64/UE4Editor-ActorSequence.dll (API version 3709383).
LogModuleManager: Display: Found up-to-date module file ../../../Engine/Plugins/MovieScene/LevelSequenceEditor/Binaries/Win64/UE4Editor-LevelSequenceEditor.dll (API version 3709383).
LogModuleManager: Display: Found up-to-date module file ../../../Engine/Plugins/MovieScene/MatineeToLevelSequence/Binaries/Win64/UE4Editor-MatineeToLevelSequence.dll (API version 3709383).
LogModuleManager: Display: Found up-to-date module file ../../../Engine/Plugins/Online/OnlineSubsystem/Binaries/Win64/UE4Editor-OnlineSubsystem.dll (API version 3709383).
LogModuleManager: Display: Found up-to-date module file ../../../Engine/Plugins/Runtime/AndroidPermission/Binaries/Win64/UE4Editor-AndroidPermission.dll (API version 3709383).
LogModuleManager: Display: Found up-to-date module file ../../../Engine/Plugins/Online/OnlineSubsystemNull/Binaries/Win64/UE4Editor-OnlineSubsystemNull.dll (API version 3709383).
LogModuleManager: Display: Found up-to-date module file ../../../Engine/Plugins/Online/OnlineSubsystemUtils/Binaries/Win64/UE4Editor-OnlineSubsystemUtils.dll (API version 3709383).
LogModuleManager: Display: Found up-to-date module file ../../../Engine/Plugins/Online/OnlineSubsystemUtils/Binaries/Win64/UE4Editor-OnlineBlueprintSupport.dll (API version 3709383).
LogModuleManager: Display: Found up-to-date module file ../../../Engine/Plugins/Runtime/AndroidDeviceProfileSelector/Binaries/Win64/UE4Editor-AndroidDeviceProfileSelector.dll (API version 3709383).
LogModuleManager: Display: Found up-to-date module file ../../../Engine/Plugins/Runtime/AppleARKit/Binaries/Win64/UE4Editor-AppleARKit.dll (API version 3709383).
LogModuleManager: Display: Found up-to-date module file ../../../Engine/Plugins/Runtime/ArchVisCharacter/Binaries/Win64/UE4Editor-ArchVisCharacter.dll (API version 3709383).
LogModuleManager: Display: Found up-to-date module file ../../../Engine/Plugins/Runtime/CableComponent/Binaries/Win64/UE4Editor-CableComponent.dll (API version 3709383).
LogModuleManager: Display: Found up-to-date module file ../../../Engine/Plugins/Runtime/CustomMeshComponent/Binaries/Win64/UE4Editor-CustomMeshComponent.dll (API version 3709383).
LogModuleManager: Display: Found up-to-date module file ../../../Engine/Plugins/Runtime/ExampleDeviceProfileSelector/Binaries/Win64/UE4Editor-ExampleDeviceProfileSelector.dll (API version 3709383).
LogModuleManager: Display: Found up-to-date module file ../../../Engine/Plugins/Runtime/ImmediatePhysics/Binaries/Win64/UE4Editor-ImmediatePhysics.dll (API version 3709383).
LogModuleManager: Display: Found up-to-date module file ../../../Engine/Plugins/Runtime/ImmediatePhysics/Binaries/Win64/UE4Editor-ImmediatePhysicsEditor.dll (API version 3709383).
LogModuleManager: Display: Found up-to-date module file ../../../Engine/Plugins/Runtime/LocationServicesBPLibrary/Binaries/Win64/UE4Editor-LocationServicesBPLibrary.dll (API version 3709383).
LogModuleManager: Display: Found up-to-date module file ../../../Engine/Plugins/Runtime/MobilePatchingUtils/Binaries/Win64/UE4Editor-MobilePatchingUtils.dll (API version 3709383).
LogModuleManager: Display: Found up-to-date module file ../../../Engine/Plugins/Runtime/Oculus/OculusVR/Binaries/Win64/UE4Editor-OculusHMD.dll (API version 3709383).
LogModuleManager: Display: Found up-to-date module file ../../../Engine/Plugins/Runtime/Oculus/OculusVR/Binaries/Win64/UE4Editor-OculusInput.dll (API version 3709383).
LogModuleManager: Display: Found up-to-date module file ../../../Engine/Plugins/Runtime/Oculus/OculusVR/Binaries/Win64/UE4Editor-OculusEditor.dll (API version 3709383).
LogModuleManager: Display: Found up-to-date module file ../../../Engine/Plugins/Runtime/PhysXVehicles/Binaries/Win64/UE4Editor-PhysXVehicles.dll (API version 3709383).
LogModuleManager: Display: Found up-to-date module file ../../../Engine/Plugins/Runtime/PhysXVehicles/Binaries/Win64/UE4Editor-PhysXVehiclesEditor.dll (API version 3709383).
LogModuleManager: Display: Found up-to-date module file ../../../Engine/Plugins/Runtime/ProceduralMeshComponent/Binaries/Win64/UE4Editor-ProceduralMeshComponent.dll (API version 3709383).
LogModuleManager: Display: Found up-to-date module file ../../../Engine/Plugins/Runtime/ProceduralMeshComponent/Binaries/Win64/UE4Editor-ProceduralMeshComponentEditor.dll (API version 3709383).
LogModuleManager: Display: Found up-to-date module file ../../../Engine/Plugins/Runtime/RuntimePhysXCooking/Binaries/Win64/UE4Editor-RuntimePhysXCooking.dll (API version 3709383).
LogModuleManager: Display: Found up-to-date module file ../../../Engine/Plugins/Runtime/Steam/SteamVR/Binaries/Win64/UE4Editor-SteamVR.dll (API version 3709383).
LogModuleManager: Display: Found up-to-date module file ../../../Engine/Plugins/Runtime/Steam/SteamVR/Binaries/Win64/UE4Editor-SteamVRController.dll (API version 3709383).
LogModuleManager: Display: Found up-to-date module file ../../../Engine/Plugins/Runtime/WindowsMoviePlayer/Binaries/Win64/UE4Editor-WindowsMoviePlayer.dll (API version 3709383).
LogPluginManager: Mounting plugin Paper2D
LogPluginManager: Mounting plugin LightPropagationVolume
LogPluginManager: Mounting plugin CodeLiteSourceCodeAccess
LogPluginManager: Mounting plugin GitSourceControl
LogPluginManager: Mounting plugin KDevelopSourceCodeAccess
LogPluginManager: Mounting plugin NullSourceCodeAccess
LogPluginManager: Mounting plugin PerforceSourceControl
LogPluginManager: Mounting plugin SubversionSourceControl
LogPluginManager: Mounting plugin UObjectPlugin
LogPluginManager: Mounting plugin VisualStudioCodeSourceCodeAccess
LogPluginManager: Mounting plugin VisualStudioSourceCodeAccess
LogPluginManager: Mounting plugin XCodeSourceCodeAccess
LogPluginManager: Mounting plugin AssetManagerEditor
LogPluginManager: Mounting plugin AudioCapture
LogPluginManager: Mounting plugin FacialAnimation
LogPluginManager: Mounting plugin GameplayTagsEditor
LogPluginManager: Mounting plugin MobileLauncherProfileWizard
LogPluginManager: Mounting plugin PluginBrowser
LogPluginManager: Mounting plugin SpeedTreeImporter
LogPluginManager: Mounting plugin AlembicImporter
LogPluginManager: Mounting plugin CharacterAI
LogPluginManager: Mounting plugin HTML5Networking
LogPluginManager: Mounting plugin AndroidMedia
LogPluginManager: Mounting plugin AvfMedia
LogPluginManager: Mounting plugin ImgMedia
LogPluginManager: Mounting plugin MediaCompositing
LogPluginManager: Mounting plugin MediaPlayerEditor
LogPluginManager: Mounting plugin WmfMedia
LogPluginManager: Mounting plugin TcpMessaging
LogPluginManager: Mounting plugin UdpMessaging
LogPluginManager: Mounting plugin ActorSequence
LogPluginManager: Mounting plugin LevelSequenceEditor
LogPluginManager: Mounting plugin MatineeToLevelSequence
LogPluginManager: Mounting plugin OnlineSubsystemGooglePlay
LogPluginManager: Mounting plugin OnlineSubsystemIOS
LogPluginManager: Mounting plugin OnlineSubsystem
LogPluginManager: Mounting plugin OnlineSubsystemNull
LogPluginManager: Mounting plugin OnlineSubsystemUtils
LogPluginManager: Mounting plugin AndroidDeviceProfileSelector
LogPluginManager: Mounting plugin AndroidMoviePlayer
LogPluginManager: Mounting plugin AndroidPermission
LogPluginManager: Mounting plugin AppleARKit
LogPluginManager: Mounting plugin AppleMoviePlayer
LogPluginManager: Mounting plugin ArchVisCharacter
LogPluginManager: Mounting plugin CableComponent
LogPluginManager: Mounting plugin CustomMeshComponent
LogPluginManager: Mounting plugin ExampleDeviceProfileSelector
LogPluginManager: Mounting plugin GoogleCloudMessaging
LogPluginManager: Mounting plugin ImmediatePhysics
LogPluginManager: Mounting plugin IOSDeviceProfileSelector
LogPluginManager: Mounting plugin LinuxDeviceProfileSelector
LogPluginManager: Mounting plugin LocationServicesBPLibrary
LogPluginManager: Mounting plugin MobilePatchingUtils
LogPluginManager: Mounting plugin OculusVR
LogPluginManager: Plugin shader directory ../../../Engine/Plugins/Runtime/Oculus/OculusVR/Shaders found
LogPluginManager: Mapping shader source directory ../../../Engine/Plugins/Runtime/Oculus/OculusVR/Shaders to virtual directory /Plugin/OculusVR
LogPluginManager: Mounting plugin PhysXVehicles
LogPluginManager: Mounting plugin ProceduralMeshComponent
LogPluginManager: Mounting plugin RuntimePhysXCooking
LogPluginManager: Mounting plugin SteamVR
LogPluginManager: Mounting plugin WindowsMoviePlayer
LogInit: Using libcurl 7.47.1
LogInit:  - built for x86_64-pc-win32
LogInit:  - supports SSL with OpenSSL/1.0.2g
LogInit:  - supports HTTP deflate (compression) using libz 1.2.8
LogInit:  - other features:
LogInit:      CURL_VERSION_SSL
LogInit:      CURL_VERSION_LIBZ
LogInit:      CURL_VERSION_IPV6
LogInit:      CURL_VERSION_ASYNCHDNS
LogInit:      CURL_VERSION_LARGEFILE
LogInit:      CURL_VERSION_IDN
LogInit:  CurlRequestOptions (configurable via config and command line):
LogInit:  - bVerifyPeer = false  - Libcurl will NOT verify peer certificate
LogInit:  - bUseHttpProxy = false  - Libcurl will NOT use HTTP proxy
LogInit:  - bDontReuseConnections = false  - Libcurl will reuse connections
LogInit:  - CertBundlePath = nullptr  - Libcurl will use whatever was configured at build time.
LogHMD: Failed initializing OVRPlugin 1.19.0
LogInit: Build: ++UE4+Release-4.18-CL-3832480
LogInit: Engine Version: 4.18.3-3832480+++UE4+Release-4.18
LogInit: Compatible Engine Version: 4.18.0-3709383+++UE4+Release-4.18
LogInit: Net CL: 3709383
LogDevObjectVersion: Number of dev versions registered: 16
LogDevObjectVersion:   Dev-Blueprints (B0D832E4-1F89-4F0D-ACCF-7EB736FD4AA2): 10
LogDevObjectVersion:   Dev-Build (E1C64328-A22C-4D53-A36C-8E866417BD8C): 0
LogDevObjectVersion:   Dev-Core (375EC13C-06E4-48FB-B500-84F0262A717E): 2
LogDevObjectVersion:   Dev-Editor (E4B068ED-F494-42E9-A231-DA0B2E46BB41): 20
LogDevObjectVersion:   Dev-Framework (CFFC743F-43B0-4480-9391-14DF171D2073): 30
LogDevObjectVersion:   Dev-Mobile (B02B49B5-BB20-44E9-A304-32B752E40360): 0
LogDevObjectVersion:   Dev-Networking (A4E4105C-59A1-49B5-A7C5-40C4547EDFEE): 0
LogDevObjectVersion:   Dev-Online (39C831C9-5AE6-47DC-9A44-9C173E1C8E7C): 0
LogDevObjectVersion:   Dev-Physics (78F01B33-EBEA-4F98-B9B4-84EACCB95AA2): 0
LogDevObjectVersion:   Dev-Platform (6631380F-2D4D-43E0-8009-CF276956A95A): 0
LogDevObjectVersion:   Dev-Rendering (12F88B9F-8875-4AFC-A67C-D90C383ABD29): 20
LogDevObjectVersion:   Dev-Sequencer (7B5AE74C-D270-4C10-A958-57980B212A5A): 4
LogDevObjectVersion:   Dev-VR (D7296918-1DD6-4BDD-9DE2-64A83CC13884): 0
LogDevObjectVersion:   Dev-LoadTimes (C2A15278-BFE7-4AFE-6C17-90FF531DF755): 1
LogDevObjectVersion:   Private-Geometry (6EACA3D4-40EC-4CC1-B786-8BED09428FC5): 1
LogDevObjectVersion:   Dev-AnimPhys (29E575DD-E0A3-4627-9D10-D276232CDCEA): 12
LogInit: Compiled (64-bit): Jan 12 2018 02:04:55
LogInit: Compiled with Visual C++: 19.00.24215.01
LogInit: Build Configuration: Development
LogInit: Branch Name: ++UE4+Release-4.18
LogInit: Command line:  
LogInit: Base directory: E:/UE_4.18/Engine/Binaries/Win64/
LogInit: Installed Engine Build: 1
LogInit: Presizing for max 8388607 objects, including 0 objects not considered by GC, pre-allocating 0 bytes for permanent pool.
LogInit: Object subsystem initialized
[2018.02.07-16.47.13:129][  0]LogInit: Selected Device Profile: [Windows]
[2018.02.07-16.47.13:129][  0]LogInit: Applying CVar settings loaded from the selected device profile: [Windows]
[2018.02.07-16.47.13:140][  0]LogInit: Computer: DESKTOP-26BKDR7
[2018.02.07-16.47.13:140][  0]LogInit: User: Cameron
[2018.02.07-16.47.13:140][  0]LogInit: CPU Page size=4096, Cores=4
[2018.02.07-16.47.13:140][  0]LogInit: High frequency timer resolution =2.648440 MHz
[2018.02.07-16.47.13:140][  0]LogMemory: Memory total: Physical=15.9GB (16GB approx)
[2018.02.07-16.47.13:140][  0]LogMemory: Platform Memory Stats for Windows
[2018.02.07-16.47.13:140][  0]LogMemory: Process Physical Memory: 278.13 MB used, 278.13 MB peak
[2018.02.07-16.47.13:140][  0]LogMemory: Process Virtual Memory: 268.00 MB used, 268.00 MB peak
[2018.02.07-16.47.13:140][  0]LogMemory: Physical Memory: 4918.40 MB used,  11391.44 MB free, 16309.84 MB total
[2018.02.07-16.47.13:140][  0]LogMemory: Virtual Memory: 710.40 MB used,  11391.44 MB free, 134217728.00 MB total
[2018.02.07-16.47.13:254][  0]LogInit: Using OS detected language (en-US).
[2018.02.07-16.47.13:254][  0]LogInit: Using OS detected locale (en-US).
[2018.02.07-16.47.13:258][  0]LogTextLocalizationManager: No specific localization for 'en-US' exists, so the 'en' localization will be used.
[2018.02.07-16.47.13:777][  0]LogInit: Setting process to per monitor DPI aware
[2018.02.07-16.47.14:063][  0]LogD3D11RHI: D3D11 adapters:
[2018.02.07-16.47.14:108][  0]LogD3D11RHI:    0. 'NVIDIA GeForce GTX 970' (Feature Level 11_0)
[2018.02.07-16.47.14:108][  0]LogD3D11RHI:       4058/0/8154 MB DedicatedVideo/DedicatedSystem/SharedSystem, Outputs:2, VendorId:0x10de
[2018.02.07-16.47.14:111][  0]LogD3D11RHI:    1. 'Microsoft Basic Render Driver' (Feature Level 11_0)
[2018.02.07-16.47.14:111][  0]LogD3D11RHI:       0/0/8154 MB DedicatedVideo/DedicatedSystem/SharedSystem, Outputs:0, VendorId:0x1414
[2018.02.07-16.47.14:111][  0]LogD3D11RHI: Chosen D3D11 Adapter: 0
[2018.02.07-16.47.14:117][  0]LogD3D11RHI: Creating new Direct3DDevice
[2018.02.07-16.47.14:117][  0]LogD3D11RHI:     GPU DeviceId: 0x13c2 (for the marketing name, search the web for "GPU Device Id")
[2018.02.07-16.47.14:117][  0]LogWindows: EnumDisplayDevices:
[2018.02.07-16.47.14:117][  0]LogWindows:    0. 'NVIDIA GeForce GTX 970' (P:1 D:1)
[2018.02.07-16.47.14:117][  0]LogWindows:    1. 'NVIDIA GeForce GTX 970' (P:0 D:1)
[2018.02.07-16.47.14:118][  0]LogWindows:    2. 'NVIDIA GeForce GTX 970' (P:0 D:0)
[2018.02.07-16.47.14:118][  0]LogWindows:    3. 'NVIDIA GeForce GTX 970' (P:0 D:0)
[2018.02.07-16.47.14:118][  0]LogWindows: DebugString: GetVideoDriverDetailsInvalid PrimaryIsNotTheChoosenAdapter GetVideoDriverDetailsInvalid PrimaryIsNotTheChoosenAdapter GetVideoDriverDetailsInvalid PrimaryIsNotTheChoosenAdapter GetVideoDriverDetailsInvalid PrimaryIsNotTheChoosenAdapter FoundDriverCount:0 
[2018.02.07-16.47.14:118][  0]LogD3D11RHI:     Adapter Name: NVIDIA GeForce GTX 970
[2018.02.07-16.47.14:118][  0]LogD3D11RHI:   Driver Version: Unknown (internal:Unknown, unified:Unknown)
[2018.02.07-16.47.14:118][  0]LogD3D11RHI:      Driver Date: Unknown
[2018.02.07-16.47.14:118][  0]LogRHI: Texture pool is 2840 MB (70% of 4058 MB)
[2018.02.07-16.47.14:140][  0]LogD3D11RHI: Async texture creation enabled
[2018.02.07-16.47.14:178][  0]LogD3D11RHI: GPU Timing Frequency: 1000.000000 (Debug: 2 1)
[2018.02.07-16.47.14:222][  0]LogShaderCompilers: Guid format shader working directory is 2 characters bigger than the processId version (C:/Users/Cameron/Documents/GitHub/Game1/Game1/Intermediate/Shaders/WorkingDirectory/14020/).
[2018.02.07-16.47.14:222][  0]LogShaderCompilers: Cleaned the shader compiler working directory 'C:/Users/Cameron/AppData/Local/Temp/UnrealShaderWorkingDir/206B6F8D46F827625F922488E636E4A1/'.
[2018.02.07-16.47.14:223][  0]LogShaderCompilers: Display: Using Local Shader Compiler.
[2018.02.07-16.47.15:160][  0]LogTemp: Display: Loaded TP AllDesktopTargetPlatform
[2018.02.07-16.47.15:204][  0]LogTemp: Display: Loaded TP MacClientTargetPlatform
[2018.02.07-16.47.15:248][  0]LogTemp: Display: Loaded TP MacNoEditorTargetPlatform
[2018.02.07-16.47.15:293][  0]LogTemp: Display: Loaded TP MacServerTargetPlatform
[2018.02.07-16.47.15:337][  0]LogTemp: Display: Loaded TP MacTargetPlatform
[2018.02.07-16.47.15:382][  0]LogTemp: Display: Loaded TP WindowsClientTargetPlatform
[2018.02.07-16.47.15:425][  0]LogTemp: Display: Loaded TP WindowsNoEditorTargetPlatform
[2018.02.07-16.47.15:467][  0]LogTemp: Display: Loaded TP WindowsServerTargetPlatform
[2018.02.07-16.47.15:504][  0]LogTemp: Display: Loaded TP WindowsTargetPlatform
[2018.02.07-16.47.15:546][  0]LogTemp: Display: Loaded TP Android_ASTCTargetPlatform
[2018.02.07-16.47.15:589][  0]LogTemp: Display: Loaded TP Android_ATCTargetPlatform
[2018.02.07-16.47.15:633][  0]LogTemp: Display: Loaded TP Android_DXTTargetPlatform
[2018.02.07-16.47.15:676][  0]LogTemp: Display: Loaded TP Android_ETC1TargetPlatform
[2018.02.07-16.47.15:720][  0]LogTemp: Display: Loaded TP Android_ETC2TargetPlatform
[2018.02.07-16.47.15:805][  0]LogTemp: Display: Loaded TP Android_MultiTargetPlatform
[2018.02.07-16.47.15:805][  0]LogTemp: Display: Loaded TP Android_PVRTCTargetPlatform
[2018.02.07-16.47.15:846][  0]LogTemp: Display: Loaded TP AndroidTargetPlatform
[2018.02.07-16.47.15:885][  0]LogTemp: Display: Loaded TP HTML5TargetPlatform
[2018.02.07-16.47.15:970][  0]LogTemp: Display: Loaded TP IOSTargetPlatform
[2018.02.07-16.47.15:992][  0]LogTemp: Display: Loaded TP TVOSTargetPlatform
[2018.02.07-16.47.16:037][  0]LogTemp: Display: Loaded TP LinuxClientTargetPlatform
[2018.02.07-16.47.16:078][  0]LogTemp: Display: Loaded TP LinuxNoEditorTargetPlatform
[2018.02.07-16.47.16:122][  0]LogTemp: Display: Loaded TP LinuxServerTargetPlatform
[2018.02.07-16.47.16:166][  0]LogTemp: Display: Loaded TP LinuxTargetPlatform
[2018.02.07-16.47.16:166][  0]LogTargetPlatformManager: Display: Building Assets For Windows
[2018.02.07-16.47.16:534][  0]LogDerivedDataCache: Display: Max Cache Size: 512 MB
[2018.02.07-16.47.16:601][  0]LogDerivedDataCache: Loaded boot cache 0.07s 78MB C:/Users/Cameron/AppData/Local/UnrealEngine/4.18/DerivedDataCache/Boot.ddc.
[2018.02.07-16.47.16:601][  0]LogDerivedDataCache: Display: Loaded Boot cache: C:/Users/Cameron/AppData/Local/UnrealEngine/4.18/DerivedDataCache/Boot.ddc
[2018.02.07-16.47.16:601][  0]LogDerivedDataCache: FDerivedDataBackendGraph:  Pak pak cache file C:/Users/Cameron/Documents/GitHub/Game1/Game1/DerivedDataCache/DDC.ddp not found, will not use a pak cache.
[2018.02.07-16.47.16:601][  0]LogDerivedDataCache: Unable to find inner node Pak for hierarchical cache Hierarchy.
[2018.02.07-16.47.16:601][  0]LogDerivedDataCache: FDerivedDataBackendGraph:  CompressedPak pak cache file C:/Users/Cameron/Documents/GitHub/Game1/Game1/DerivedDataCache/Compressed.ddp not found, will not use a pak cache.
[2018.02.07-16.47.16:601][  0]LogDerivedDataCache: Unable to find inner node CompressedPak for hierarchical cache Hierarchy.
[2018.02.07-16.47.16:617][  0]LogDerivedDataCache: Display: Pak cache opened for reading ../../../Engine/DerivedDataCache/Compressed.ddp.
[2018.02.07-16.47.16:630][  0]LogDerivedDataCache: Using Local data cache path C:/Users/Cameron/AppData/Local/UnrealEngine/Common/DerivedDataCache: Writable
[2018.02.07-16.47.16:641][  0]LogMaterial: Verifying Global Shaders for PCD3D_SM5
[2018.02.07-16.47.16:642][  0]LogSlate: Using Freetype 2.6.0
[2018.02.07-16.47.16:642][  0]LogSlate: SlateFontCache - WITH_FREETYPE: 1, WITH_HARFBUZZ: 1
[2018.02.07-16.47.16:642][  0]LogSlate: SlateFontCache - WITH_FREETYPE: 1, WITH_HARFBUZZ: 1
[2018.02.07-16.47.17:037][  0]LogInit: Selected Device Profile: [Windows]
[2018.02.07-16.47.17:337][  0]LogSimplygon: Simplygon DLL not present - disabling.
[2018.02.07-16.47.17:369][  0]LogMeshReduction: Using SimplygonSwarm for distributed automatic mesh merging
[2018.02.07-16.47.17:369][  0]LogMeshReduction: Using QuadricMeshReduction for automatic static mesh reduction
[2018.02.07-16.47.17:369][  0]LogMeshReduction: No automatic skeletal mesh reduction module available
[2018.02.07-16.47.17:369][  0]LogMeshReduction: No automatic mesh merging module available
[2018.02.07-16.47.17:369][  0]LogMeshMerging: No automatic mesh merging module available
[2018.02.07-16.47.17:405][  0]LogNetVersion: Game1 , NetCL: 3709383, EngineNetVer: 2, GameNetVer: 0 (Checksum: 2978213144)
[2018.02.07-16.47.17:568][  0]LogAssetRegistry: FAssetRegistry took 0.0266 seconds to start up
[2018.02.07-16.47.18:093][  0]LogPackageLocalizationCache: Processed 7 localized package path(s) for 2 prioritized culture(s) in 0.082535 seconds
[2018.02.07-16.47.18:098][  0]LogUObjectArray: 35870 objects as part of root set at end of initial load.
[2018.02.07-16.47.18:098][  0]LogUObjectAllocator: 7363696 out of 0 bytes used by permanent object pool.
[2018.02.07-16.47.18:098][  0]LogUObjectArray: CloseDisregardForGC: 0/0 objects in disregard for GC pool
[2018.02.07-16.47.18:137][  0]LogInit: WinSock: version 1.1 (2.2), MaxSocks=32767, MaxUdp=65467
[2018.02.07-16.47.20:759][  0]LogTcpMessaging: Initializing TcpMessaging bridge
[2018.02.07-16.47.20:801][  0]LogUdpMessaging: Initializing bridge on interface 0.0.0.0:0 to multicast group 230.0.0.1:6666.
[2018.02.07-16.47.21:430][  0]LogMaterial: Uniform references updated for custom material expression Custom.
[2018.02.07-16.47.21:818][  0]SourceControl: Source control is disabled
[2018.02.07-16.47.23:532][  0]LogAndroidPermission: UAndroidPermissionCallbackProxy::GetInstance
[2018.02.07-16.47.23:782][  0]LogOcInput: OculusInput pre-init called
[2018.02.07-16.47.24:058][  0]LogEngine: Initializing Engine...
[2018.02.07-16.47.24:061][  0]LogHMD: Failed to initialize OpenVR with code 110
[2018.02.07-16.47.24:276][  0]LogStats: UGameplayTagsManager::ConstructGameplayTagTree: Construct from data asset -  0.000 s
[2018.02.07-16.47.24:276][  0]LogStats: UGameplayTagsManager::ConstructGameplayTagTree: GameplayTagTreeChangedEvent.Broadcast -  0.000 s
[2018.02.07-16.47.24:384][  0]LogAIModule: Creating AISystem for world Untitled
[2018.02.07-16.47.24:405][  0]LogInit: XAudio2 using 'Speakers (Klipsch PM2.1 BT Stereo)' : 2 channels at 44.1 kHz using 16 bits per sample (channel mask 0x3)
[2018.02.07-16.47.24:422][  0]LogInit: FAudioDevice initialized.
[2018.02.07-16.47.24:504][  0]LogDerivedDataCache: Saved boot cache 0.08s 78MB C:/Users/Cameron/AppData/Local/UnrealEngine/4.18/DerivedDataCache/Boot.ddc.
[2018.02.07-16.47.24:512][  0]LogInit: Texture streaming: Enabled
[2018.02.07-16.47.24:592][  0]LogEngineSessionManager: EngineSessionManager initialized
[2018.02.07-16.47.24:703][  0]LogInit: Transaction tracking system initialized
[2018.02.07-16.47.24:968][  0]BlueprintLog: New page: Editor Load
[2018.02.07-16.47.25:705][  0]LocalizationService: Localization service is disabled
[2018.02.07-16.47.26:379][  0]LogConsoleResponse: Display: 
[2018.02.07-16.47.26:565][  0]LogCook: Display: Max memory allowance for cook 16384mb min free memory 0mb
[2018.02.07-16.47.26:565][  0]LogCook: Display: Mobile HDR setting 1
[2018.02.07-16.47.26:565][  0]LogGameplayTags: Display: UGameplayTagsManager::DoneAddingNativeTags. DelegateIsBound: 0
[2018.02.07-16.47.27:305][  0]LogFileCache: Scanning file cache for directory 'C:/Users/Cameron/Documents/GitHub/Game1/Game1/Content/' took 0.06s
[2018.02.07-16.47.27:607][  0]Cmd: MAP LOAD FILE="C:/Users/Cameron/Documents/GitHub/Game1/Game1/Content/FirstPersonBP/Maps/FirstPersonExampleMap.umap" TEMPLATE=0 SHOWPROGRESS=1 FEATURELEVEL=3
[2018.02.07-16.47.27:610][  0]LightingResults: New page: Lighting Build
[2018.02.07-16.47.27:643][  0]MapCheck: New page: Map Check
[2018.02.07-16.47.27:643][  0]LightingResults: New page: Lighting Build
[2018.02.07-16.47.29:010][  0]LogAIModule: Creating AISystem for world FirstPersonExampleMap
[2018.02.07-16.47.29:102][  0]LogEditorServer: Finished looking for orphan Actors (0.000 secs)
[2018.02.07-16.47.29:152][  0]Cmd: MAP CHECKDEP NOCLEARLOG
[2018.02.07-16.47.29:216][  0]MapCheck: Map check complete: 0 Error(s), 0 Warning(s), took 63.744ms to complete.
[2018.02.07-16.47.29:216][  0]LogFileHelpers: Loading map 'FirstPersonExampleMap' took 1.609
[2018.02.07-16.47.29:736][  0]LogCollectionManager: Loaded 0 collections in 0.001392 seconds
[2018.02.07-16.47.29:883][  0]LogFileCache: Scanning file cache for directory 'C:/Users/Cameron/Documents/GitHub/Game1/Game1/Saved/Collections/' took 0.01s
[2018.02.07-16.47.29:883][  0]LogFileCache: Scanning file cache for directory 'C:/Users/Cameron/Documents/GitHub/Game1/Game1/Content/Developers/Cameron/Collections/' took 0.01s
[2018.02.07-16.47.29:883][  0]LogFileCache: Scanning file cache for directory 'C:/Users/Cameron/Documents/GitHub/Game1/Game1/Content/Collections/' took 0.01s
[2018.02.07-16.47.29:883][  0]LogCollectionManager: Rebuilt the GUID cache for 0 collections in 0.000000 seconds
[2018.02.07-16.47.29:894][  0]LogContentBrowser: Native class hierarchy populated in 0.0092 seconds. Added 2363 classes and 519 folders.
[2018.02.07-16.47.29:990][  0]LogContentBrowser: Native class hierarchy updated for 'WidgetCarousel' in 0.0002 seconds. Added 0 classes and 0 folders.
[2018.02.07-16.47.30:706][  0]LogContentBrowser: Native class hierarchy updated for 'AddContentDialog' in 0.0003 seconds. Added 0 classes and 0 folders.
[2018.02.07-16.47.30:764][  0]LogContentBrowser: Native class hierarchy updated for 'SceneOutliner' in 0.0002 seconds. Added 1 classes and 2 folders.
[2018.02.07-16.47.31:433][  0]LogSlate: Took 0.000244 seconds to synchronously load lazily loaded font '../../../Engine/Content/Slate/Fonts/Roboto-Regular.ttf' (155K)
[2018.02.07-16.47.31:439][  0]LogSlate: Took 0.000209 seconds to synchronously load lazily loaded font '../../../Engine/Content/Slate/Fonts/Roboto-Bold.ttf' (160K)
[2018.02.07-16.47.31:459][  0]LogSlate: Took 0.014299 seconds to synchronously load lazily loaded font '../../../Engine/Content/Editor/Slate/Fonts/FontAwesome.ttf' (139K)
[2018.02.07-16.47.31:758][  0]LogRenderer: Reallocating scene render targets to support 1208x576 Format 10 NumSamples 1 (Frame:1).
[2018.02.07-16.47.32:064][  0]LogContentBrowser: Native class hierarchy updated for 'HierarchicalLODOutliner' in 0.0002 seconds. Added 1 classes and 2 folders.
[2018.02.07-16.47.32:064][  0]LogLoad: (Engine Initialization) Total time: 21.86 seconds
[2018.02.07-16.47.32:064][  0]LogLoad: (Engine Initialization) Total Blueprint compile time: 0.00 seconds
[2018.02.07-16.47.32:064][  0]LogExternalProfiler: No external profilers were discovered.  External profiling features will not be available.
[2018.02.07-16.47.32:449][  0]SourceControl: On branch master
[2018.02.07-16.47.32:449][  0]SourceControl: Your branch is up to date with 'origin/master'.
[2018.02.07-16.47.32:449][  0]SourceControl: Changes to be committed:
[2018.02.07-16.47.32:449][  0]SourceControl:   (use "git reset HEAD <file>..." to unstage)
[2018.02.07-16.47.32:449][  0]SourceControl: 	new file:   Game1/Content/Assets/Environments/Earth/Materials/M_Landscape.uasset
[2018.02.07-16.47.32:449][  0]SourceControl: 	new file:   Game1/Content/Assets/Environments/Earth/Textures/Dirt_D.uasset
[2018.02.07-16.47.32:449][  0]SourceControl: 	new file:   Game1/Content/Assets/Environments/Earth/Textures/Dirt_N.uasset
[2018.02.07-16.47.32:449][  0]SourceControl: 	new file:   Game1/Content/Assets/Environments/Earth/Textures/Dirt_R.uasset
[2018.02.07-16.47.32:449][  0]SourceControl: 	new file:   Game1/Content/Assets/Environments/Earth/Textures/Grass2_D.uasset
[2018.02.07-16.47.32:449][  0]SourceControl: 	new file:   Game1/Content/Assets/Environments/Earth/Textures/Grass2_N.uasset
[2018.02.07-16.47.32:449][  0]SourceControl: 	new file:   Game1/Content/Assets/Environments/Earth/Textures/Grass2_R.uasset
[2018.02.07-16.47.32:449][  0]SourceControl: 	new file:   Game1/Content/Assets/Environments/Earth/Textures/Grass_D.uasset
[2018.02.07-16.47.32:449][  0]SourceControl: 	new file:   Game1/Content/Assets/Environments/Earth/Textures/Grass_N.uasset
[2018.02.07-16.47.32:449][  0]SourceControl: 	new file:   Game1/Content/Assets/Environments/Earth/Textures/Grass_R.uasset
[2018.02.07-16.47.32:449][  0]SourceControl: 	new file:   Game1/Content/Assets/Environments/Earth/Textures/RockTerrain_D.uasset
[2018.02.07-16.47.32:449][  0]SourceControl: 	new file:   Game1/Content/Assets/Environments/Earth/Textures/RockTerrain_N.uasset
[2018.02.07-16.47.32:449][  0]SourceControl: 	new file:   Game1/Content/Assets/Environments/Earth/Textures/RockTerrain_R.uasset
[2018.02.07-16.47.32:449][  0]SourceControl: 	new file:   Game1/Content/Maps/Level_One_sharedassets/Dirt_LayerInfo.uasset
[2018.02.07-16.47.32:449][  0]SourceControl: 	new file:   Game1/Content/Maps/Level_One_sharedassets/GrashLush_LayerInfo.uasset
[2018.02.07-16.47.32:449][  0]SourceControl: 	new file:   Game1/Content/Maps/Level_One_sharedassets/GrassDry_LayerInfo.uasset
[2018.02.07-16.47.32:449][  0]SourceControl: 	new file:   Game1/Content/Maps/Level_One_sharedassets/Rock_LayerInfo.uasset
[2018.02.07-16.47.32:449][  0]SourceControl: Changes not staged for commit:
[2018.02.07-16.47.32:449][  0]SourceControl:   (use "git add/rm <file>..." to update what will be committed)
[2018.02.07-16.47.32:449][  0]SourceControl:   (use "git checkout -- <file>..." to discard changes in working directory)
[2018.02.07-16.47.32:449][  0]SourceControl: 	modified:   Game1/Content/Assets/Environments/Earth/Materials/M_Landscape.uasset
[2018.02.07-16.47.32:449][  0]SourceControl: 	modified:   Game1/Content/Maps/Level_One.umap
[2018.02.07-16.47.32:449][  0]SourceControl: 	modified:   Game1/Intermediate/AssetRegistryCache/311563bb.bin
[2018.02.07-16.47.32:449][  0]SourceControl: 	modified:   Game1/Intermediate/AssetRegistryCache/c90e3f55.bin
[2018.02.07-16.47.32:449][  0]SourceControl: 	modified:   Game1/Intermediate/CachedAssetRegistry.bin
[2018.02.07-16.47.32:449][  0]SourceControl: 	modified:   Game1/Saved/AutoScreenshot.png
[2018.02.07-16.47.32:449][  0]SourceControl: 	modified:   Game1/Saved/Autosaves/Game/Maps/Level_One_Auto1.umap
[2018.02.07-16.47.32:449][  0]SourceControl: 	modified:   Game1/Saved/Autosaves/Game/Maps/Level_One_Auto2.umap
[2018.02.07-16.47.32:449][  0]SourceControl: 	modified:   Game1/Saved/Autosaves/Game/Maps/Level_One_Auto3.umap
[2018.02.07-16.47.32:449][  0]SourceControl: 	modified:   Game1/Saved/Autosaves/Game/Maps/Level_One_Auto4.umap
[2018.02.07-16.47.32:449][  0]SourceControl: 	deleted:    Game1/Saved/Backup/EnemyAI_2018-02-06-21-31-24.uasset
[2018.02.07-16.47.32:449][  0]SourceControl: 	deleted:    Game1/Saved/Backup/EnemyAI_2018-02-06-21-40-19.uasset
[2018.02.07-16.47.32:449][  0]SourceControl: 	deleted:    Game1/Saved/Backup/Level_One_2018-02-06-21-38-57.umap
[2018.02.07-16.47.32:449][  0]SourceControl: 	deleted:    Game1/Saved/Backup/Level_One_2018-02-06-21-58-32.umap
[2018.02.07-16.47.32:449][  0]SourceControl: 	deleted:    Game1/Saved/Backup/Level_One_BuiltData_2018-02-06-21-38-58.uasset
[2018.02.07-16.47.32:449][  0]SourceControl: 	modified:   Game1/Saved/Config/Windows/EditorPerProjectUserSettings.ini
[2018.02.07-16.47.32:449][  0]SourceControl: 	modified:   Game1/Saved/Config/Windows/Engine.ini
[2018.02.07-16.47.32:449][  0]SourceControl: 	deleted:    Game1/Saved/Logs/Game1-backup-2018.02.03-23.51.29.log
[2018.02.07-16.47.32:449][  0]SourceControl: 	deleted:    Game1/Saved/Logs/Game1-backup-2018.02.04-00.15.37.log
[2018.02.07-16.47.32:449][  0]SourceControl: 	deleted:    Game1/Saved/Logs/Game1-backup-2018.02.04-23.52.21.log
[2018.02.07-16.47.32:449][  0]SourceControl: 	modified:   Game1/Saved/Logs/Game1.log
[2018.02.07-16.47.32:449][  0]SourceControl: Untracked files:
[2018.02.07-16.47.32:449][  0]SourceControl:   (use "git add <file>..." to include in what will be committed)
[2018.02.07-16.47.32:449][  0]SourceControl: 	Game1/Saved/Autosaves/Game/Assets/Environments/Earth/Materials/M_Landscape_Auto3.uasset
[2018.02.07-16.47.32:449][  0]SourceControl: 	Game1/Saved/Autosaves/Game/Assets/Environments/Earth/Textures/Dirt_D_Auto4.uasset
[2018.02.07-16.47.32:449][  0]SourceControl: 	Game1/Saved/Autosaves/Game/Assets/Environments/Earth/Textures/Dirt_N_Auto4.uasset
[2018.02.07-16.47.32:449][  0]SourceControl: 	Game1/Saved/Autosaves/Game/Assets/Environments/Earth/Textures/Dirt_R_Auto4.uasset
[2018.02.07-16.47.32:449][  0]SourceControl: 	Game1/Saved/Autosaves/Game/Assets/Environments/Earth/Textures/Grass2_D_Auto4.uasset
[2018.02.07-16.47.32:450][  0]SourceControl: 	Game1/Saved/Autosaves/Game/Assets/Environments/Earth/Textures/Grass2_N_Auto4.uasset
[2018.02.07-16.47.32:450][  0]SourceControl: 	Game1/Saved/Autosaves/Game/Assets/Environments/Earth/Textures/Grass2_R_Auto4.uasset
[2018.02.07-16.47.32:450][  0]SourceControl: 	Game1/Saved/Autosaves/Game/Assets/Environments/Earth/Textures/Grass_D_Auto4.uasset
[2018.02.07-16.47.32:450][  0]SourceControl: 	Game1/Saved/Autosaves/Game/Assets/Environments/Earth/Textures/Grass_N_Auto4.uasset
[2018.02.07-16.47.32:450][  0]SourceControl: 	Game1/Saved/Autosaves/Game/Assets/Environments/Earth/Textures/Grass_R_Auto4.uasset
[2018.02.07-16.47.32:450][  0]SourceControl: 	Game1/Saved/Autosaves/Game/Assets/Environments/Earth/Textures/RockTerrain_D_Auto4.uasset
[2018.02.07-16.47.32:450][  0]SourceControl: 	Game1/Saved/Autosaves/Game/Assets/Environments/Earth/Textures/RockTerrain_N_Auto4.uasset
[2018.02.07-16.47.32:450][  0]SourceControl: 	Game1/Saved/Autosaves/Game/Assets/Environments/Earth/Textures/RockTerrain_R_Auto4.uasset
[2018.02.07-16.47.32:450][  0]SourceControl: 	Game1/Saved/Autosaves/Game/Maps/Level_One_sharedassets/
[2018.02.07-16.47.32:450][  0]SourceControl: 	Game1/Saved/Backup/Level_One_2018-02-06-22-41-20.umap
[2018.02.07-16.47.32:450][  0]SourceControl: 	Game1/Saved/Backup/Level_One_2018-02-06-22-58-33.umap
[2018.02.07-16.47.32:450][  0]SourceControl: 	Game1/Saved/Backup/Level_One_2018-02-06-23-11-46.umap
[2018.02.07-16.47.32:450][  0]SourceControl: 	Game1/Saved/Backup/Level_One_2018-02-06-23-26-54.umap
[2018.02.07-16.47.32:450][  0]SourceControl: 	Game1/Saved/Backup/Level_One_2018-02-06-23-32-07.umap
[2018.02.07-16.47.32:450][  0]SourceControl: 	Game1/Saved/Backup/Level_One_2018-02-06-23-51-03.umap
[2018.02.07-16.47.32:450][  0]SourceControl: 	Game1/Saved/Backup/Level_One_2018-02-07-00-01-36.umap
[2018.02.07-16.47.32:450][  0]SourceControl: 	Game1/Saved/Backup/Level_One_2018-02-07-00-14-52.umap
[2018.02.07-16.47.32:450][  0]SourceControl: 	Game1/Saved/Backup/Level_One_2018-02-07-10-21-03.umap
[2018.02.07-16.47.32:450][  0]SourceControl: 	Game1/Saved/Backup/M_Landscape_2018-02-06-23-32-56.uasset
[2018.02.07-16.47.32:450][  0]SourceControl: 	Game1/Saved/Backup/M_Landscape_2018-02-06-23-53-59.uasset
[2018.02.07-16.47.32:450][  0]SourceControl: 	Game1/Saved/Backup/M_Landscape_2018-02-07-00-14-53.uasset
[2018.02.07-16.47.32:450][  0]SourceControl: 	Game1/Saved/Backup/M_Landscape_2018-02-07-10-21-03.uasset
[2018.02.07-16.47.32:450][  0]SourceControl: 	Game1/Saved/Config/CrashReportClient/UE4CC-Windows-06698B7B4C535D317AF4D1B52E2BCAC9/
[2018.02.07-16.47.32:450][  0]SourceControl: 	Game1/Saved/Config/CrashReportClient/UE4CC-Windows-63D50A7D45D0772F91E351B31DC022CB/
[2018.02.07-16.47.32:450][  0]SourceControl: 	Game1/Saved/Config/CrashReportClient/UE4CC-Windows-D5640BAE4894F9E8B5B56FBAB9D2325D/
[2018.02.07-16.47.32:450][  0]SourceControl: 	Game1/Saved/Logs/Game1-backup-2018.02.06-22.11.02.log
[2018.02.07-16.47.32:450][  0]SourceControl: 	Game1/Saved/Logs/Game1-backup-2018.02.06-23.33.22.log
[2018.02.07-16.47.32:450][  0]SourceControl: 	Game1/Saved/Logs/Game1-backup-2018.02.07-11.47.11.log
[2018.02.07-16.47.32:450][  0]LogContentStreaming: Texture pool size now 1000 MB
[2018.02.07-16.47.32:547][  0]LogSlate: Took 0.007904 seconds to synchronously load lazily loaded font '../../../Engine/Content/Slate/Fonts/Roboto-Light.ttf' (159K)
[2018.02.07-16.47.33:092][  2]LogAssetRegistry: Asset discovery search completed in 15.5460 seconds
[2018.02.07-16.47.33:097][  2]LogCollectionManager: Rebuilt the object cache for 0 collections in 0.000001 seconds (found 0 objects)
[2018.02.07-16.47.33:097][  2]LogCollectionManager: Fixed up redirectors for 0 collections in 0.000076 seconds (updated 0 objects)
[2018.02.07-16.49.44:115][936]LogSlate: Took 0.000535 seconds to synchronously load lazily loaded font '../../../Engine/Content/Slate/Fonts/Roboto-Light.ttf' (159K)
[2018.02.07-16.49.44:763][936]LogAIModule: Creating AISystem for world Level_One
[2018.02.07-16.49.44:836][936]Cmd: MAP LOAD FILE="C:/Users/Cameron/Documents/GitHub/Game1/Game1/Content/Maps/Level_One.umap" TEMPLATE=0 SHOWPROGRESS=1 FEATURELEVEL=3
[2018.02.07-16.49.44:836][936]LightingResults: New page: Lighting Build
[2018.02.07-16.49.44:836][936]LoadErrors: New page: Loading map: Level_One.umap
[2018.02.07-16.49.44:837][936]MapCheck: New page: Map Check
[2018.02.07-16.49.44:837][936]LightingResults: New page: Lighting Build
[2018.02.07-16.49.45:043][936]LogEditorServer: Finished looking for orphan Actors (0.000 secs)
[2018.02.07-16.49.45:082][936]Cmd: MAP CHECKDEP NOCLEARLOG
[2018.02.07-16.49.45:149][936]MapCheck: Map check complete: 0 Error(s), 0 Warning(s), took 66.774ms to complete.
[2018.02.07-16.49.45:149][936]LogFileHelpers: Loading map 'Level_One' took 0.314
[2018.02.07-16.50.21:689][925]Cmd: MAP LOAD FILE="../../../Engine/Content/Maps/Templates/Template_Default.umap" TEMPLATE=1 SHOWPROGRESS=1 FEATURELEVEL=3
[2018.02.07-16.50.21:708][925]LightingResults: New page: Lighting Build
[2018.02.07-16.50.21:709][925]LoadErrors: New page: Loading map: Template_Default.umap
[2018.02.07-16.50.21:713][925]MapCheck: New page: Map Check
[2018.02.07-16.50.21:713][925]LightingResults: New page: Lighting Build
[2018.02.07-16.50.21:779][925]LogAIModule: Creating AISystem for world Untitled_1
[2018.02.07-16.50.21:867][925]LogEditorServer: Finished looking for orphan Actors (0.000 secs)
[2018.02.07-16.50.21:881][925]Cmd: MAP CHECKDEP NOCLEARLOG
[2018.02.07-16.50.21:948][925]MapCheck: Map check complete: 0 Error(s), 0 Warning(s), took 66.593ms to complete.
[2018.02.07-16.50.21:948][925]LogFileHelpers: Loading map 'Template_Default' took 0.261
[2018.02.07-16.50.26:105][417]LogEditorViewport: Clicking on Actor (LMB): StaticMeshActor (Floor)
[2018.02.07-16.50.39:681][916]SourceControl: Error: fatal: Invalid path '/Temp': No such file or directory
[2018.02.07-16.50.40:848][ 55]Cmd: DELETE
[2018.02.07-16.50.40:848][ 55]Cmd: ACTOR DELETE
[2018.02.07-16.50.40:918][ 55]LogEditorActor: Deleted Actor: StaticMeshActor
[2018.02.07-16.50.40:957][ 55]LogEditorActor: Deleted 1 Actors (0.062 secs)
[2018.02.07-16.50.41:740][149]LogEditorViewport: Clicking on Actor (LMB): BP_Sky_Sphere_C (Sky Sphere)
[2018.02.07-16.50.43:934][391]LogAIModule: Creating AISystem for world Level_One
[2018.02.07-16.51.26:668][350]Cmd: OBJ SAVEPACKAGE PACKAGE="/Game/Maps/New_Level" FILE="C:/Users/Cameron/Documents/GitHub/Game1/Game1/Content/Maps/New_Level.umap" SILENT=true AUTOSAVING=false KEEPDIRTY=false
[2018.02.07-16.51.26:720][350]LogSavePackage: Save=39.13ms
[2018.02.07-16.51.26:720][350]LogSavePackage: Moving 'C:/Users/Cameron/Documents/GitHub/Game1/Game1/Saved/New_Level702BB73D4E007DFFC2795D8C3839E114.tmp' to 'C:/Users/Cameron/Documents/GitHub/Game1/Game1/Content/Maps/New_Level.umap'
[2018.02.07-16.51.26:727][350]LogSavePackage: Display: Finished SavePackage C:/Users/Cameron/Documents/GitHub/Game1/Game1/Content/Maps/New_Level.umap
[2018.02.07-16.51.27:160][350]Cmd: OBJ SAVEPACKAGE PACKAGE="/Game/Maps/New_Level_BuiltData" FILE="C:/Users/Cameron/Documents/GitHub/Game1/Game1/Content/Maps/New_Level_BuiltData.uasset" SILENT=true
[2018.02.07-16.51.27:172][350]LogSavePackage: Save=10.88ms
[2018.02.07-16.51.27:172][350]LogSavePackage: Moving 'C:/Users/Cameron/Documents/GitHub/Game1/Game1/Saved/New_Level_BuiltData351FAFDE45E814020760169BD744C0CB.tmp' to 'C:/Users/Cameron/Documents/GitHub/Game1/Game1/Content/Maps/New_Level_BuiltData.uasset'
[2018.02.07-16.51.27:175][350]LogSavePackage: Display: Finished SavePackage C:/Users/Cameron/Documents/GitHub/Game1/Game1/Content/Maps/New_Level_BuiltData.uasset
[2018.02.07-16.51.27:367][350]SourceControl: Error: The following paths are ignored by one of your .gitignore files:
[2018.02.07-16.51.27:367][350]SourceControl: Error: Game1/Content/Maps/New_Level_BuiltData.uasset
[2018.02.07-16.51.27:367][350]SourceControl: Error: Use -f if you really want to add them.
[2018.02.07-16.51.27:372][350]LogFileHelpers: Saving map 'New_Level' took 1.380
[2018.02.07-16.51.27:373][350]Cmd: MAP LOAD FILE="C:/Users/Cameron/Documents/GitHub/Game1/Game1/Content/Maps/New_Level.umap" TEMPLATE=0 SHOWPROGRESS=1 FEATURELEVEL=3
[2018.02.07-16.51.27:386][350]LightingResults: New page: Lighting Build
[2018.02.07-16.51.27:387][350]LoadErrors: New page: Loading map: New_Level.umap
[2018.02.07-16.51.27:388][350]MapCheck: New page: Map Check
[2018.02.07-16.51.27:388][350]LightingResults: New page: Lighting Build
[2018.02.07-16.51.27:458][350]LogAIModule: Creating AISystem for world New_Level
[2018.02.07-16.51.27:533][350]LogEditorServer: Finished looking for orphan Actors (0.000 secs)
[2018.02.07-16.51.27:571][350]Cmd: MAP CHECKDEP NOCLEARLOG
[2018.02.07-16.51.27:638][350]MapCheck: Map check complete: 0 Error(s), 0 Warning(s), took 66.108ms to complete.
[2018.02.07-16.51.27:638][350]LogFileHelpers: Loading map 'New_Level' took 0.265
[2018.02.07-16.51.27:638][350]LoadErrors: Error: /Game/Maps/New_Level : Failed import for MapBuildDataRegistry /Game/Maps/New_Level_BuiltData.New_Level_BuiltData Referenced by export Level /Game/Maps/New_Level.New_Level:PersistentLevel
[2018.02.07-16.51.30:312][641]LogAIModule: Creating AISystem for world Level_One
[2018.02.07-16.51.30:337][641]Cmd: MAP LOAD FILE="C:/Users/Cameron/Documents/GitHub/Game1/Game1/Content/Maps/Level_One.umap" TEMPLATE=0 SHOWPROGRESS=1 FEATURELEVEL=3
[2018.02.07-16.51.30:337][641]LightingResults: New page: Lighting Build
[2018.02.07-16.51.30:338][641]LoadErrors: New page: Loading map: Level_One.umap
[2018.02.07-16.51.30:339][641]MapCheck: New page: Map Check
[2018.02.07-16.51.30:339][641]LightingResults: New page: Lighting Build
[2018.02.07-16.51.30:520][641]LogEditorServer: Finished looking for orphan Actors (0.000 secs)
[2018.02.07-16.51.30:557][641]Cmd: MAP CHECKDEP NOCLEARLOG
[2018.02.07-16.51.30:624][641]MapCheck: Map check complete: 0 Error(s), 0 Warning(s), took 66.52ms to complete.
[2018.02.07-16.51.30:624][641]LogFileHelpers: Loading map 'Level_One' took 0.288
[2018.02.07-16.51.31:928][790]LogAIModule: Creating AISystem for world New_Level
[2018.02.07-16.51.31:942][790]Cmd: MAP LOAD FILE="C:/Users/Cameron/Documents/GitHub/Game1/Game1/Content/Maps/New_Level.umap" TEMPLATE=0 SHOWPROGRESS=1 FEATURELEVEL=3
[2018.02.07-16.51.31:942][790]LightingResults: New page: Lighting Build
[2018.02.07-16.51.31:942][790]LoadErrors: New page: Loading map: New_Level.umap
[2018.02.07-16.51.31:944][790]MapCheck: New page: Map Check
[2018.02.07-16.51.31:945][790]LightingResults: New page: Lighting Build
[2018.02.07-16.51.32:055][790]LogEditorServer: Finished looking for orphan Actors (0.000 secs)
[2018.02.07-16.51.32:087][790]Cmd: MAP CHECKDEP NOCLEARLOG
[2018.02.07-16.51.32:154][790]MapCheck: Map check complete: 0 Error(s), 0 Warning(s), took 65.974ms to complete.
[2018.02.07-16.51.32:154][790]LogFileHelpers: Loading map 'New_Level' took 0.214
[2018.02.07-16.51.32:159][790]LoadErrors: Error: /Game/Maps/New_Level : Failed import for MapBuildDataRegistry /Game/Maps/New_Level_BuiltData.New_Level_BuiltData Referenced by export Level /Game/Maps/New_Level.New_Level:PersistentLevel
[2018.02.07-16.51.57:288][563]LightingResults: New page: Lighting Build
[2018.02.07-16.51.57:288][563]MapCheck: New page: Map Check
[2018.02.07-16.51.57:288][563]LightingResults: New page: Lighting Build
[2018.02.07-16.51.57:307][563]LogAIModule: Creating AISystem for world Untitled
[2018.02.07-16.51.57:422][563]LoadErrors: New page: New Map
[2018.02.07-16.51.57:439][563]LogAIModule: Creating AISystem for world New_Level
[2018.02.07-16.51.59:459][563]LoadErrors: Error: /Game/Maps/New_Level : Failed import for MapBuildDataRegistry /Game/Maps/New_Level_BuiltData.New_Level_BuiltData Referenced by export Level /Game/Maps/New_Level.New_Level:PersistentLevel
[2018.02.07-16.52.03:142][  2]LogUObjectGlobals: Warning: Failed to find object 'Object /Game/Maps/New_Level_BuiltData.New_Level_BuiltData'
[2018.02.07-16.52.21:087][120]LogAIModule: Creating AISystem for world New_Level
[2018.02.07-16.52.25:056][401]LogAIModule: Creating AISystem for world New_Level
[2018.02.07-16.52.31:049][888]LogAIModule: Creating AISystem for world Level_One
[2018.02.07-16.52.31:075][888]Cmd: MAP LOAD FILE="C:/Users/Cameron/Documents/GitHub/Game1/Game1/Content/Maps/Level_One.umap" TEMPLATE=0 SHOWPROGRESS=1 FEATURELEVEL=3
[2018.02.07-16.52.31:075][888]LightingResults: New page: Lighting Build
[2018.02.07-16.52.31:076][888]LoadErrors: New page: Loading map: Level_One.umap
[2018.02.07-16.52.31:076][888]MapCheck: New page: Map Check
[2018.02.07-16.52.31:076][888]LightingResults: New page: Lighting Build
[2018.02.07-16.52.31:332][888]LogEditorServer: Finished looking for orphan Actors (0.000 secs)
[2018.02.07-16.52.31:381][888]Cmd: MAP CHECKDEP NOCLEARLOG
[2018.02.07-16.52.31:452][888]MapCheck: Map check complete: 0 Error(s), 0 Warning(s), took 69.859ms to complete.
[2018.02.07-16.52.31:452][888]LogFileHelpers: Loading map 'Level_One' took 0.378
[2018.02.07-16.52.32:563][ 10]LogAIModule: Creating AISystem for world New_Level
[2018.02.07-16.52.43:319][ 89]LogAIModule: Creating AISystem for world New_Level
[2018.02.07-16.52.43:333][ 89]Cmd: MAP LOAD FILE="C:/Users/Cameron/Documents/GitHub/Game1/Game1/Content/Maps/New_Level.umap" TEMPLATE=0 SHOWPROGRESS=1 FEATURELEVEL=3
[2018.02.07-16.52.43:333][ 89]LightingResults: New page: Lighting Build
[2018.02.07-16.52.43:333][ 89]LoadErrors: New page: Loading map: New_Level.umap
[2018.02.07-16.52.43:335][ 89]MapCheck: New page: Map Check
[2018.02.07-16.52.43:335][ 89]LightingResults: New page: Lighting Build
[2018.02.07-16.52.43:489][ 89]LogEditorServer: Finished looking for orphan Actors (0.000 secs)
[2018.02.07-16.52.43:522][ 89]Cmd: MAP CHECKDEP NOCLEARLOG
[2018.02.07-16.52.43:593][ 89]MapCheck: Map check complete: 0 Error(s), 0 Warning(s), took 71.351ms to complete.
[2018.02.07-16.52.43:593][ 89]LogFileHelpers: Loading map 'New_Level' took 0.262
[2018.02.07-16.53.45:377][725]LightingResults: New page: Lighting Build
[2018.02.07-16.53.45:377][725]MapCheck: New page: Map Check
[2018.02.07-16.53.45:378][725]LightingResults: New page: Lighting Build
[2018.02.07-16.53.45:389][725]LogAIModule: Creating AISystem for world Untitled
[2018.02.07-16.53.45:545][725]LoadErrors: New page: New Map
[2018.02.07-16.53.45:562][725]LogAIModule: Creating AISystem for world New_Level
[2018.02.07-16.53.48:956][ 23]LogAIModule: Creating AISystem for world Level_One
[2018.02.07-16.53.48:981][ 23]Cmd: MAP LOAD FILE="C:/Users/Cameron/Documents/GitHub/Game1/Game1/Content/Maps/Level_One.umap" TEMPLATE=0 SHOWPROGRESS=1 FEATURELEVEL=3
[2018.02.07-16.53.48:981][ 23]LightingResults: New page: Lighting Build
[2018.02.07-16.53.48:982][ 23]LoadErrors: New page: Loading map: Level_One.umap
[2018.02.07-16.53.48:982][ 23]MapCheck: New page: Map Check
[2018.02.07-16.53.48:982][ 23]LightingResults: New page: Lighting Build
[2018.02.07-16.53.49:306][ 23]LogEditorServer: Finished looking for orphan Actors (0.000 secs)
[2018.02.07-16.53.49:343][ 23]Cmd: MAP CHECKDEP NOCLEARLOG
[2018.02.07-16.53.49:414][ 23]MapCheck: Map check complete: 0 Error(s), 0 Warning(s), took 70.146ms to complete.
[2018.02.07-16.53.49:414][ 23]LogFileHelpers: Loading map 'Level_One' took 0.434
[2018.02.07-16.53.50:901][190]LogAIModule: Creating AISystem for world New_Level
[2018.02.07-16.53.50:915][190]Cmd: MAP LOAD FILE="C:/Users/Cameron/Documents/GitHub/Game1/Game1/Content/Maps/New_Level.umap" TEMPLATE=0 SHOWPROGRESS=1 FEATURELEVEL=3
[2018.02.07-16.53.50:916][190]LightingResults: New page: Lighting Build
[2018.02.07-16.53.50:916][190]LoadErrors: New page: Loading map: New_Level.umap
[2018.02.07-16.53.50:918][190]MapCheck: New page: Map Check
[2018.02.07-16.53.50:918][190]LightingResults: New page: Lighting Build
[2018.02.07-16.53.51:113][190]LogEditorServer: Finished looking for orphan Actors (0.000 secs)
[2018.02.07-16.53.51:148][190]Cmd: MAP CHECKDEP NOCLEARLOG
[2018.02.07-16.53.51:218][190]MapCheck: Map check complete: 0 Error(s), 0 Warning(s), took 69.841ms to complete.
[2018.02.07-16.53.51:218][190]LogFileHelpers: Loading map 'New_Level' took 0.303
[2018.02.07-16.55.15:408][583]LogWindowsTextInputMethodSystem: Display: IME system now deactivated.
[2018.02.07-16.55.15:651][584]Cmd: QUIT_EDITOR
[2018.02.07-16.55.15:680][584]LogExit: Preparing to exit.
[2018.02.07-16.55.15:966][584]LogExit: Editor shut down
[2018.02.07-16.55.15:968][584]LogExit: Transaction tracking system shut down
[2018.02.07-16.55.16:126][584]LogDirectoryWatcher: A directory notification for '../../../Engine/Content/' was aborted.
[2018.02.07-16.55.16:126][584]LogDirectoryWatcher: A directory notification for 'C:/Users/Cameron/Documents/GitHub/Game1/Game1/Content/' was aborted.
[2018.02.07-16.55.16:126][584]LogDirectoryWatcher: A directory notification for '../../../Engine/Plugins/2D/Paper2D/Content/' was aborted.
[2018.02.07-16.55.16:126][584]LogDirectoryWatcher: A directory notification for '../../../Engine/Plugins/Media/MediaCompositing/Content/' was aborted.
[2018.02.07-16.55.16:126][584]LogDirectoryWatcher: A directory notification for '../../../Engine/Plugins/Runtime/AppleARKit/Content/' was aborted.
[2018.02.07-16.55.16:126][584]LogDirectoryWatcher: A directory notification for '../../../Engine/Plugins/Runtime/Oculus/OculusVR/Content/' was aborted.
[2018.02.07-16.55.16:126][584]LogDirectoryWatcher: A directory notification for '../../../Engine/Plugins/Runtime/Steam/SteamVR/Content/' was aborted.
[2018.02.07-16.55.16:200][584]LogExit: Object subsystem successfully closed.
[2018.02.07-16.55.16:223][584]LogD3D11RHI: Shutdown
[2018.02.07-16.55.16:223][584]LogD3D11RHI: CleanupD3DDevice
[2018.02.07-16.55.16:225][584]LogD3D11RHI: ~FD3D11DynamicRHI
[2018.02.07-16.55.16:233][584]LogModuleManager: Shutting down and abandoning module HierarchicalLODUtilities (552)
[2018.02.07-16.55.16:233][584]LogModuleManager: Shutting down and abandoning module NewLevelDialog (550)
[2018.02.07-16.55.16:233][584]LogModuleManager: Shutting down and abandoning module HierarchicalLODOutliner (548)
[2018.02.07-16.55.16:233][584]LogModuleManager: Shutting down and abandoning module SceneOutliner (546)
[2018.02.07-16.55.16:233][584]LogModuleManager: Shutting down and abandoning module AddContentDialog (544)
[2018.02.07-16.55.16:233][584]LogDirectoryWatcher: A directory notification for 'E:/UE_4.18/FeaturePacks/' was aborted.
[2018.02.07-16.55.16:234][584]LogModuleManager: Shutting down and abandoning module WidgetCarousel (543)
[2018.02.07-16.55.16:235][584]LogModuleManager: Shutting down and abandoning module EditorWidgets (540)
[2018.02.07-16.55.16:235][584]LogModuleManager: Shutting down and abandoning module CollectionManager (538)
[2018.02.07-16.55.16:235][584]LogDirectoryWatcher: A directory notification for 'C:/Users/Cameron/Documents/GitHub/Game1/Game1/Content/Collections/' was aborted.
[2018.02.07-16.55.16:235][584]LogDirectoryWatcher: A directory notification for 'C:/Users/Cameron/Documents/GitHub/Game1/Game1/Content/Developers/Cameron/Collections/' was aborted.
[2018.02.07-16.55.16:235][584]LogDirectoryWatcher: A directory notification for 'C:/Users/Cameron/Documents/GitHub/Game1/Game1/Saved/Collections/' was aborted.
[2018.02.07-16.55.16:235][584]LogModuleManager: Shutting down and abandoning module StatsViewer (536)
[2018.02.07-16.55.16:235][584]LogModuleManager: Shutting down and abandoning module FoliageEdit (534)
[2018.02.07-16.55.16:235][584]LogModuleManager: Shutting down and abandoning module LandscapeEditor (532)
[2018.02.07-16.55.16:235][584]LogModuleManager: Shutting down and abandoning module MeshPaintMode (530)
[2018.02.07-16.55.16:235][584]LogModuleManager: Shutting down and abandoning module SceneDepthPickerMode (528)
[2018.02.07-16.55.16:235][584]LogModuleManager: Shutting down and abandoning module ActorPickerMode (526)
[2018.02.07-16.55.16:235][584]LogModuleManager: Shutting down and abandoning module GeometryMode (524)
[2018.02.07-16.55.16:235][584]LogModuleManager: Shutting down and abandoning module TextureAlignMode (522)
[2018.02.07-16.55.16:235][584]LogModuleManager: Shutting down and abandoning module BspMode (520)
[2018.02.07-16.55.16:235][584]LogModuleManager: Shutting down and abandoning module PIEPreviewDeviceProfileSelector (518)
[2018.02.07-16.55.16:235][584]LogModuleManager: Shutting down and abandoning module HardwareSurvey (516)
[2018.02.07-16.55.16:235][584]LogModuleManager: Shutting down and abandoning module SequenceRecorderSections (514)
[2018.02.07-16.55.16:235][584]LogModuleManager: Shutting down and abandoning module AutomationWorker (512)
[2018.02.07-16.55.16:235][584]LogModuleManager: Shutting down and abandoning module MatineeToLevelSequence (510)
[2018.02.07-16.55.16:235][584]LogModuleManager: Shutting down and abandoning module LevelSequenceEditor (508)
[2018.02.07-16.55.16:235][584]LogModuleManager: Shutting down and abandoning module PlacementMode (507)
[2018.02.07-16.55.16:235][584]LogModuleManager: Shutting down and abandoning module WmfMediaFactory (504)
[2018.02.07-16.55.16:235][584]LogModuleManager: Shutting down and abandoning module WmfMediaEditor (502)
[2018.02.07-16.55.16:235][584]LogModuleManager: Shutting down and abandoning module OpenExrWrapper (500)
[2018.02.07-16.55.16:235][584]LogModuleManager: Shutting down and abandoning module ImgMediaFactory (498)
[2018.02.07-16.55.16:235][584]LogModuleManager: Shutting down and abandoning module ImgMediaEditor (496)
[2018.02.07-16.55.16:235][584]LogModuleManager: Shutting down and abandoning module AvfMediaFactory (494)
[2018.02.07-16.55.16:235][584]LogModuleManager: Shutting down and abandoning module AvfMediaEditor (492)
[2018.02.07-16.55.16:235][584]LogModuleManager: Shutting down and abandoning module AndroidMediaFactory (490)
[2018.02.07-16.55.16:235][584]LogModuleManager: Shutting down and abandoning module AndroidMediaEditor (488)
[2018.02.07-16.55.16:236][584]LogModuleManager: Shutting down and abandoning module CharacterAI (486)
[2018.02.07-16.55.16:236][584]LogModuleManager: Shutting down and abandoning module AudioCapture (484)
[2018.02.07-16.55.16:236][584]LogModuleManager: Shutting down and abandoning module SequenceRecorder (483)
[2018.02.07-16.55.16:236][584]LogModuleManager: Shutting down and abandoning module SmartSnapping (480)
[2018.02.07-16.55.16:236][584]LogModuleManager: Shutting down and abandoning module SessionServices (478)
[2018.02.07-16.55.16:236][584]LogModuleManager: Shutting down and abandoning module ViewportSnapping (476)
[2018.02.07-16.55.16:236][584]LogModuleManager: Shutting down and abandoning module ViewportInteraction (474)
[2018.02.07-16.55.16:236][584]LogModuleManager: Shutting down and abandoning module ClothPainter (472)
[2018.02.07-16.55.16:236][584]LogModuleManager: Shutting down and abandoning module SkeletalMeshEditor (471)
[2018.02.07-16.55.16:236][584]LogModuleManager: Shutting down and abandoning module LogVisualizer (468)
[2018.02.07-16.55.16:236][584]LogModuleManager: Shutting down and abandoning module IntroTutorials (466)
[2018.02.07-16.55.16:236][584]LogModuleManager: Shutting down and abandoning module GameProjectGeneration (465)
[2018.02.07-16.55.16:236][584]LogModuleManager: Shutting down and abandoning module IOSPlatformEditor (462)
[2018.02.07-16.55.16:236][584]LogModuleManager: Shutting down and abandoning module HTML5PlatformEditor (460)
[2018.02.07-16.55.16:236][584]LogModuleManager: Shutting down and abandoning module AndroidPlatformEditor (458)
[2018.02.07-16.55.16:236][584]LogModuleManager: Shutting down and abandoning module AndroidDeviceDetection (457)
[2018.02.07-16.55.17:195][584]LogModuleManager: Shutting down and abandoning module WindowsPlatformEditor (454)
[2018.02.07-16.55.17:196][584]LogModuleManager: Shutting down and abandoning module IOSRuntimeSettings (452)
[2018.02.07-16.55.17:196][584]LogModuleManager: Shutting down and abandoning module AndroidRuntimeSettings (450)
[2018.02.07-16.55.17:196][584]LogModuleManager: Shutting down and abandoning module InputBindingEditor (448)
[2018.02.07-16.55.17:196][584]LogModuleManager: Shutting down and abandoning module MergeActors (446)
[2018.02.07-16.55.17:196][584]LogModuleManager: Shutting down and abandoning module SizeMap (444)
[2018.02.07-16.55.17:196][584]LogModuleManager: Shutting down and abandoning module TreeMap (442)
[2018.02.07-16.55.17:196][584]LogModuleManager: Shutting down and abandoning module ReferenceViewer (440)
[2018.02.07-16.55.17:196][584]LogModuleManager: Shutting down and abandoning module LocalizationDashboard (438)
[2018.02.07-16.55.17:196][584]LogModuleManager: Shutting down and abandoning module LocalizationService (437)
[2018.02.07-16.55.17:196][584]LogModuleManager: Shutting down and abandoning module HardwareTargeting (434)
[2018.02.07-16.55.17:196][584]LogModuleManager: Shutting down and abandoning module DeviceProfileEditor (432)
[2018.02.07-16.55.17:196][584]LogModuleManager: Shutting down and abandoning module UndoHistory (430)
[2018.02.07-16.55.17:196][584]LogModuleManager: Shutting down and abandoning module XmlParser (428)
[2018.02.07-16.55.17:196][584]LogModuleManager: Shutting down and abandoning module Blutility (426)
[2018.02.07-16.55.17:196][584]LogModuleManager: Shutting down and abandoning module ProjectSettingsViewer (424)
[2018.02.07-16.55.17:196][584]LogModuleManager: Shutting down and abandoning module ProjectTargetPlatformEditor (423)
[2018.02.07-16.55.17:196][584]LogModuleManager: Shutting down and abandoning module EditorSettingsViewer (420)
[2018.02.07-16.55.17:196][584]LogModuleManager: Shutting down and abandoning module SettingsEditor (418)
[2018.02.07-16.55.17:196][584]LogModuleManager: Shutting down and abandoning module ProjectLauncher (416)
[2018.02.07-16.55.17:197][584]LogModuleManager: Shutting down and abandoning module SessionFrontend (414)
[2018.02.07-16.55.17:197][584]LogModuleManager: Shutting down and abandoning module ProfilerClient (412)
[2018.02.07-16.55.17:197][584]LogModuleManager: Shutting down and abandoning module DeviceManager (410)
[2018.02.07-16.55.17:197][584]LogModuleManager: Shutting down and abandoning module TargetDeviceServices (409)
[2018.02.07-16.55.17:250][584]LogModuleManager: Shutting down and abandoning module AutomationController (406)
[2018.02.07-16.55.17:250][584]LogModuleManager: Shutting down and abandoning module AutomationWindow (404)
[2018.02.07-16.55.17:250][584]LogModuleManager: Shutting down and abandoning module Layers (402)
[2018.02.07-16.55.17:250][584]LogModuleManager: Shutting down and abandoning module ComponentVisualizers (400)
[2018.02.07-16.55.17:250][584]LogModuleManager: Shutting down and abandoning module DetailCustomizations (398)
[2018.02.07-16.55.17:250][584]LogModuleManager: Shutting down and abandoning module PackagesDialog (396)
[2018.02.07-16.55.17:251][584]LogModuleManager: Shutting down and abandoning module Persona (394)
[2018.02.07-16.55.17:252][584]LogModuleManager: Shutting down and abandoning module AdvancedPreviewScene (393)
[2018.02.07-16.55.17:253][584]LogModuleManager: Shutting down and abandoning module AnimGraph (391)
[2018.02.07-16.55.17:253][584]LogModuleManager: Shutting down and abandoning module Kismet (388)
[2018.02.07-16.55.17:254][584]LogModuleManager: Shutting down and abandoning module ClassViewer (386)
[2018.02.07-16.55.17:255][584]LogModuleManager: Shutting down and abandoning module Toolbox (384)
[2018.02.07-16.55.17:255][584]LogModuleManager: Shutting down and abandoning module ModuleUI (382)
[2018.02.07-16.55.17:255][584]LogModuleManager: Shutting down and abandoning module MovieSceneTools (380)
[2018.02.07-16.55.17:255][584]LogModuleManager: Shutting down and abandoning module OutputLog (378)
[2018.02.07-16.55.17:255][584]LogModuleManager: Shutting down and abandoning module GammaUI (376)
[2018.02.07-16.55.17:255][584]LogModuleManager: Shutting down and abandoning module Documentation (374)
[2018.02.07-16.55.17:255][584]LogModuleManager: Shutting down and abandoning module MovieSceneTracks (372)
[2018.02.07-16.55.17:255][584]LogModuleManager: Shutting down and abandoning module MovieScene (370)
[2018.02.07-16.55.17:255][584]LogModuleManager: Shutting down and abandoning module StreamingPauseRendering (368)
[2018.02.07-16.55.17:255][584]LogModuleManager: Shutting down and abandoning module LauncherPlatform (366)
[2018.02.07-16.55.17:255][584]LogModuleManager: Shutting down and abandoning module AnalyticsET (364)
[2018.02.07-16.55.17:255][584]LogModuleManager: Shutting down and abandoning module PortalServices (362)
[2018.02.07-16.55.17:255][584]LogModuleManager: Shutting down and abandoning module PortalRpc (360)
[2018.02.07-16.55.17:255][584]LogModuleManager: Shutting down and abandoning module MessagingRpc (358)
[2018.02.07-16.55.17:255][584]LogModuleManager: Shutting down and abandoning module AIModule (356)
[2018.02.07-16.55.17:255][584]LogModuleManager: Shutting down and abandoning module GameplayDebugger (355)
[2018.02.07-16.55.17:255][584]LogModuleManager: Shutting down and abandoning module AITestSuite (353)
[2018.02.07-16.55.17:255][584]LogModuleManager: Shutting down and abandoning module DesktopPlatform (350)
[2018.02.07-16.55.17:255][584]LogModuleManager: Shutting down and abandoning module ProfilerService (348)
[2018.02.07-16.55.17:293][584]LogModuleManager: Shutting down and abandoning module TaskGraph (346)
[2018.02.07-16.55.17:293][584]LogModuleManager: Shutting down and abandoning module SteamVRController (344)
[2018.02.07-16.55.17:293][584]LogModuleManager: Shutting down and abandoning module ProceduralMeshComponentEditor (342)
[2018.02.07-16.55.17:293][584]LogModuleManager: Shutting down and abandoning module ProceduralMeshComponent (340)
[2018.02.07-16.55.17:293][584]LogModuleManager: Shutting down and abandoning module OculusInput (338)
[2018.02.07-16.55.17:293][584]LogModuleManager: Shutting down and abandoning module MobilePatchingUtils (336)
[2018.02.07-16.55.17:293][584]LogModuleManager: Shutting down and abandoning module CustomMeshComponent (334)
[2018.02.07-16.55.17:293][584]LogModuleManager: Shutting down and abandoning module CableComponent (332)
[2018.02.07-16.55.17:293][584]LogModuleManager: Shutting down and abandoning module ArchVisCharacter (330)
[2018.02.07-16.55.17:293][584]LogModuleManager: Shutting down and abandoning module AndroidPermission (328)
[2018.02.07-16.55.17:293][584]LogModuleManager: Shutting down and abandoning module ActorSequence (324)
[2018.02.07-16.55.17:293][584]LogModuleManager: Shutting down and abandoning module MediaPlayerEditor (322)
[2018.02.07-16.55.17:293][584]LogModuleManager: Shutting down and abandoning module MediaCompositingEditor (320)
[2018.02.07-16.55.17:293][584]LogModuleManager: Shutting down and abandoning module MediaCompositing (318)
[2018.02.07-16.55.17:293][584]LogModuleManager: Shutting down and abandoning module HTML5Networking (316)
[2018.02.07-16.55.17:293][584]LogModuleManager: Shutting down and abandoning module AlembicImporter (314)
[2018.02.07-16.55.17:293][584]LogModuleManager: Shutting down and abandoning module AlembicLibrary (313)
[2018.02.07-16.55.17:294][584]LogModuleManager: Shutting down and abandoning module GeometryCache (312)
[2018.02.07-16.55.17:294][584]LogModuleManager: Shutting down and abandoning module GeometryCacheEd (311)
[2018.02.07-16.55.17:294][584]LogModuleManager: Shutting down and abandoning module SpeedTreeImporter (306)
[2018.02.07-16.55.17:294][584]LogModuleManager: Shutting down and abandoning module PluginBrowser (304)
[2018.02.07-16.55.17:294][584]LogModuleManager: Shutting down and abandoning module MobileLauncherProfileWizard (302)
[2018.02.07-16.55.17:294][584]LogModuleManager: Shutting down and abandoning module VisualStudioSourceCodeAccess (300)
[2018.02.07-16.55.17:294][584]LogModuleManager: Shutting down and abandoning module VisualStudioCodeSourceCodeAccess (298)
[2018.02.07-16.55.17:294][584]LogModuleManager: Shutting down and abandoning module UObjectPlugin (296)
[2018.02.07-16.55.17:294][584]LogModuleManager: Shutting down and abandoning module SubversionSourceControl (294)
[2018.02.07-16.55.17:294][584]LogModuleManager: Shutting down and abandoning module PerforceSourceControl (292)
[2018.02.07-16.55.17:294][584]LogModuleManager: Shutting down and abandoning module GitSourceControl (290)
[2018.02.07-16.55.17:294][584]LogModuleManager: Shutting down and abandoning module SourceControl (289)
[2018.02.07-16.55.17:294][584]LogModuleManager: Shutting down and abandoning module LightPropagationVolumeEditor (286)
[2018.02.07-16.55.17:294][584]LogModuleManager: Shutting down and abandoning module PaperTiledImporter (284)
[2018.02.07-16.55.17:294][584]LogModuleManager: Shutting down and abandoning module PaperSpriteSheetImporter (282)
[2018.02.07-16.55.17:294][584]LogModuleManager: Shutting down and abandoning module Paper2DEditor (280)
[2018.02.07-16.55.17:294][584]LogModuleManager: Shutting down and abandoning module MeshPaint (279)
[2018.02.07-16.55.17:294][584]LogModuleManager: Shutting down and abandoning module LevelEditor (277)
[2018.02.07-16.55.17:296][584]LogModuleManager: Shutting down and abandoning module PixelInspectorModule (276)
[2018.02.07-16.55.17:296][584]LogModuleManager: Shutting down and abandoning module MainFrame (274)
[2018.02.07-16.55.17:296][584]LogModuleManager: Shutting down and abandoning module HotReload (273)
[2018.02.07-16.55.17:297][584]LogModuleManager: Shutting down and abandoning module RuntimePhysXCooking (268)
[2018.02.07-16.55.17:297][584]LogModuleManager: Shutting down and abandoning module PhysXVehiclesEditor (266)
[2018.02.07-16.55.17:297][584]LogModuleManager: Shutting down and abandoning module PhysXVehicles (264)
[2018.02.07-16.55.17:297][584]LogModuleManager: Shutting down and abandoning module OculusEditor (262)
[2018.02.07-16.55.17:297][584]LogModuleManager: Shutting down and abandoning module LocationServicesBPLibrary (260)
[2018.02.07-16.55.17:297][584]LogModuleManager: Shutting down and abandoning module ImmediatePhysicsEditor (258)
[2018.02.07-16.55.17:297][584]LogModuleManager: Shutting down and abandoning module ImmediatePhysics (256)
[2018.02.07-16.55.17:297][584]LogModuleManager: Shutting down and abandoning module UdpMessaging (254)
[2018.02.07-16.55.17:397][584]LogModuleManager: Shutting down and abandoning module TcpMessaging (252)
[2018.02.07-16.55.17:498][584]LogModuleManager: Shutting down and abandoning module GameplayTagsEditor (250)
[2018.02.07-16.55.17:498][584]LogModuleManager: Shutting down and abandoning module FacialAnimationEditor (248)
[2018.02.07-16.55.17:498][584]LogModuleManager: Shutting down and abandoning module FacialAnimation (246)
[2018.02.07-16.55.17:498][584]LogModuleManager: Shutting down and abandoning module AssetManagerEditor (244)
[2018.02.07-16.55.17:498][584]LogModuleManager: Shutting down and abandoning module GraphEditor (243)
[2018.02.07-16.55.17:498][584]LogModuleManager: Shutting down and abandoning module ContentBrowser (241)
[2018.02.07-16.55.17:499][584]LogModuleManager: Shutting down and abandoning module LightPropagationVolumeRuntime (238)
[2018.02.07-16.55.17:499][584]LogModuleManager: Shutting down and abandoning module Paper2D (236)
[2018.02.07-16.55.17:499][584]LogModuleManager: Shutting down and abandoning module WindowsMoviePlayer (234)
[2018.02.07-16.55.17:499][584]LogModuleManager: Shutting down and abandoning module WmfMedia (232)
[2018.02.07-16.55.17:501][584]LogModuleManager: Shutting down and abandoning module ImgMedia (230)
[2018.02.07-16.55.17:501][584]LogModuleManager: Shutting down and abandoning module PacketHandler (228)
[2018.02.07-16.55.17:501][584]LogModuleManager: Shutting down and abandoning module ClothingSystemEditor (226)
[2018.02.07-16.55.17:501][584]LogModuleManager: Shutting down and abandoning module ClothingSystemRuntime (224)
[2018.02.07-16.55.17:501][584]LogModuleManager: Shutting down and abandoning module MediaAssets (222)
[2018.02.07-16.55.17:502][584]LogModuleManager: Shutting down and abandoning module Media (221)
[2018.02.07-16.55.17:508][584]LogModuleManager: Shutting down and abandoning module Overlay (218)
[2018.02.07-16.55.17:508][584]LogModuleManager: Shutting down and abandoning module OverlayEditor (217)
[2018.02.07-16.55.17:508][584]LogModuleManager: Shutting down and abandoning module VREditor (214)
[2018.02.07-16.55.17:508][584]LogModuleManager: Shutting down and abandoning module StringTableEditor (212)
[2018.02.07-16.55.17:508][584]LogModuleManager: Shutting down and abandoning module GameplayTasksEditor (210)
[2018.02.07-16.55.17:508][584]LogModuleManager: Shutting down and abandoning module BehaviorTreeEditor (208)
[2018.02.07-16.55.17:508][584]LogModuleManager: Shutting down and abandoning module FunctionalTesting (206)
[2018.02.07-16.55.17:508][584]LogModuleManager: Shutting down and abandoning module CollisionAnalyzer (204)
[2018.02.07-16.55.17:508][584]LogModuleManager: Shutting down and abandoning module WorkspaceMenuStructure (203)
[2018.02.07-16.55.17:508][584]LogModuleManager: Shutting down and abandoning module UMG (200)
[2018.02.07-16.55.17:508][584]LogModuleManager: Shutting down and abandoning module UMGEditor (199)
[2018.02.07-16.55.17:508][584]LogModuleManager: Shutting down and abandoning module Sequencer (198)
[2018.02.07-16.55.17:508][584]LogModuleManager: Shutting down and abandoning module MessageLog (195)
[2018.02.07-16.55.17:508][584]LogModuleManager: Shutting down and abandoning module SlateReflector (190)
[2018.02.07-16.55.17:508][584]LogModuleManager: Shutting down and abandoning module Slate (188)
[2018.02.07-16.55.17:508][584]LogModuleManager: Shutting down and abandoning module EditorStyle (186)
[2018.02.07-16.55.17:510][584]LogModuleManager: Shutting down and abandoning module MRMesh (184)
[2018.02.07-16.55.17:510][584]LogModuleManager: Shutting down and abandoning module SourceCodeAccess (182)
[2018.02.07-16.55.17:510][584]LogModuleManager: Shutting down and abandoning module HeadMountedDisplay (180)
[2018.02.07-16.55.17:510][584]LogModuleManager: Shutting down and abandoning module XAudio2 (178)
[2018.02.07-16.55.17:510][584]LogModuleManager: Shutting down and abandoning module Networking (176)
[2018.02.07-16.55.17:510][584]LogModuleManager: Shutting down and abandoning module Core (172)
[2018.02.07-16.55.17:510][584]LogModuleManager: Shutting down and abandoning module LevelSequence (168)
[2018.02.07-16.55.17:510][584]LogModuleManager: Shutting down and abandoning module DirectoryWatcher (166)
[2018.02.07-16.55.17:511][584]LogModuleManager: Shutting down and abandoning module KismetCompiler (164)
[2018.02.07-16.55.17:511][584]LogModuleManager: Shutting down and abandoning module MeshUtilities (162)
[2018.02.07-16.55.17:511][584]LogModuleManager: Shutting down and abandoning module MeshMergeUtilities (161)
[2018.02.07-16.55.17:511][584]LogModuleManager: Shutting down and abandoning module MeshReductionInterface (160)
[2018.02.07-16.55.17:511][584]LogModuleManager: Shutting down and abandoning module SimplygonSwarm (159)
[2018.02.07-16.55.17:511][584]LogModuleManager: Shutting down and abandoning module SimplygonMeshReduction (157)
[2018.02.07-16.55.17:511][584]LogModuleManager: Shutting down and abandoning module QuadricMeshReduction (155)
[2018.02.07-16.55.17:511][584]LogModuleManager: Shutting down and abandoning module MaterialBaking (151)
[2018.02.07-16.55.17:511][584]LogModuleManager: Shutting down and abandoning module DerivedDataCache (148)
[2018.02.07-16.55.17:598][584]LogDerivedDataCache: Shutdown
[2018.02.07-16.55.17:598][584]LogModuleManager: Shutting down and abandoning module TargetPlatform (146)
[2018.02.07-16.55.17:598][584]LogModuleManager: Shutting down and abandoning module VulkanShaderFormat (145)
[2018.02.07-16.55.17:598][584]LogModuleManager: Shutting down and abandoning module ShaderFormatVectorVM (143)
[2018.02.07-16.55.17:598][584]LogModuleManager: Shutting down and abandoning module ShaderFormatOpenGL (141)
[2018.02.07-16.55.17:598][584]LogModuleManager: Shutting down and abandoning module ShaderFormatD3D (139)
[2018.02.07-16.55.17:598][584]LogModuleManager: Shutting down and abandoning module MetalShaderFormat (137)
[2018.02.07-16.55.17:598][584]LogModuleManager: Shutting down and abandoning module TextureFormatUncompressed (135)
[2018.02.07-16.55.17:598][584]LogModuleManager: Shutting down and abandoning module TextureFormatPVR (133)
[2018.02.07-16.55.17:598][584]LogModuleManager: Shutting down and abandoning module TextureFormatDXT (131)
[2018.02.07-16.55.17:598][584]LogModuleManager: Shutting down and abandoning module TextureFormatIntelISPCTexComp (129)
[2018.02.07-16.55.17:598][584]LogModuleManager: Shutting down and abandoning module TextureFormatASTC (127)
[2018.02.07-16.55.17:598][584]LogModuleManager: Shutting down and abandoning module ImageWrapper (126)
[2018.02.07-16.55.17:598][584]LogModuleManager: Shutting down and abandoning module TextureFormatAndroid (123)
[2018.02.07-16.55.17:598][584]LogModuleManager: Shutting down and abandoning module AudioFormatOpus (121)
[2018.02.07-16.55.17:598][584]LogModuleManager: Shutting down and abandoning module AudioFormatOgg (119)
[2018.02.07-16.55.17:598][584]LogModuleManager: Shutting down and abandoning module AudioFormatADPCM (117)
[2018.02.07-16.55.17:598][584]LogModuleManager: Shutting down and abandoning module LinuxTargetPlatform (115)
[2018.02.07-16.55.17:598][584]LogModuleManager: Shutting down and abandoning module LinuxServerTargetPlatform (113)
[2018.02.07-16.55.17:598][584]LogModuleManager: Shutting down and abandoning module LinuxNoEditorTargetPlatform (111)
[2018.02.07-16.55.17:598][584]LogModuleManager: Shutting down and abandoning module LinuxClientTargetPlatform (109)
[2018.02.07-16.55.17:598][584]LogModuleManager: Shutting down and abandoning module TVOSTargetPlatform (107)
[2018.02.07-16.55.17:598][584]LogModuleManager: Shutting down and abandoning module Messaging (105)
[2018.02.07-16.55.17:598][584]LogModuleManager: Shutting down and abandoning module IOSTargetPlatform (103)
[2018.02.07-16.55.17:598][584]LogModuleManager: Shutting down and abandoning module HTML5TargetPlatform (101)
[2018.02.07-16.55.17:599][584]LogModuleManager: Shutting down and abandoning module AndroidTargetPlatform (99)
[2018.02.07-16.55.17:599][584]LogModuleManager: Shutting down and abandoning module Android_PVRTCTargetPlatform (97)
[2018.02.07-16.55.17:599][584]LogModuleManager: Shutting down and abandoning module Android_MultiTargetPlatform (95)
[2018.02.07-16.55.17:599][584]LogModuleManager: Shutting down and abandoning module Android_ETC2TargetPlatform (93)
[2018.02.07-16.55.17:599][584]LogModuleManager: Shutting down and abandoning module Android_ETC1TargetPlatform (91)
[2018.02.07-16.55.17:599][584]LogModuleManager: Shutting down and abandoning module Android_DXTTargetPlatform (89)
[2018.02.07-16.55.17:599][584]LogModuleManager: Shutting down and abandoning module Android_ATCTargetPlatform (87)
[2018.02.07-16.55.17:599][584]LogModuleManager: Shutting down and abandoning module Android_ASTCTargetPlatform (85)
[2018.02.07-16.55.17:599][584]LogModuleManager: Shutting down and abandoning module WindowsTargetPlatform (83)
[2018.02.07-16.55.17:599][584]LogModuleManager: Shutting down and abandoning module WindowsServerTargetPlatform (81)
[2018.02.07-16.55.17:599][584]LogModuleManager: Shutting down and abandoning module WindowsNoEditorTargetPlatform (79)
[2018.02.07-16.55.17:599][584]LogModuleManager: Shutting down and abandoning module WindowsClientTargetPlatform (77)
[2018.02.07-16.55.17:599][584]LogModuleManager: Shutting down and abandoning module MacTargetPlatform (75)
[2018.02.07-16.55.17:599][584]LogModuleManager: Shutting down and abandoning module MacServerTargetPlatform (73)
[2018.02.07-16.55.17:599][584]LogModuleManager: Shutting down and abandoning module MacNoEditorTargetPlatform (71)
[2018.02.07-16.55.17:599][584]LogModuleManager: Shutting down and abandoning module MacClientTargetPlatform (69)
[2018.02.07-16.55.17:599][584]LogModuleManager: Shutting down and abandoning module AllDesktopTargetPlatform (67)
[2018.02.07-16.55.17:599][584]LogModuleManager: Shutting down and abandoning module InputCore (64)
[2018.02.07-16.55.17:599][584]LogModuleManager: Shutting down and abandoning module Settings (62)
[2018.02.07-16.55.17:599][584]LogModuleManager: Shutting down and abandoning module PhysXCooking (60)
[2018.02.07-16.55.17:599][584]LogModuleManager: Shutting down and abandoning module SteamVR (58)
[2018.02.07-16.55.17:599][584]LogModuleManager: Shutting down and abandoning module OculusHMD (56)
[2018.02.07-16.55.17:599][584]LogModuleManager: Shutting down and abandoning module ExampleDeviceProfileSelector (54)
[2018.02.07-16.55.17:599][584]LogModuleManager: Shutting down and abandoning module AppleARKit (52)
[2018.02.07-16.55.17:599][584]LogModuleManager: Shutting down and abandoning module AugmentedReality (51)
[2018.02.07-16.55.17:599][584]LogModuleManager: Shutting down and abandoning module OnlineBlueprintSupport (48)
[2018.02.07-16.55.17:599][584]LogModuleManager: Shutting down and abandoning module OnlineSubsystem (44)
[2018.02.07-16.55.17:599][584]LogModuleManager: Shutting down and abandoning module XMPP (43)
[2018.02.07-16.55.17:599][584]LogModuleManager: Shutting down and abandoning module HTTP (41)
[2018.02.07-16.55.17:599][584]LogHttp: Display: Http module shutting down, but needs to wait on 1 outstanding Http requests:
[2018.02.07-16.55.17:599][584]LogHttp: Display: 	verb=[POST] url=[https://datarouter.ol.epicgames.com/datarouter/api/v1/public/data?SessionID=%7B66D4501A-4784-8853-1662-C78210E1C43E%7D&AppID=UEEditor.Rocket.Release&AppVersion=4.18.3-3832480%2B%2B%2BUE4%2BRelease-4.18&UserID=53b19e1a4c66008f887ef79341d17316%7Cd5951a104dca4ad0a06bb7043cc25760%7C10cd45eb-d778-418f-954e-16fdba5101c0&AppEnvironment=datacollector-binary&UploadType=eteventstream] status=Processing
[2018.02.07-16.55.17:611][584]LogModuleManager: Shutting down and abandoning module SSL (40)
[2018.02.07-16.55.17:612][584]LogModuleManager: Shutting down and abandoning module AnimationModifiers (36)
[2018.02.07-16.55.17:613][584]LogModuleManager: Shutting down and abandoning module PropertyEditor (35)
[2018.02.07-16.55.17:613][584]LogModuleManager: Shutting down and abandoning module AudioEditor (32)
[2018.02.07-16.55.17:613][584]LogModuleManager: Shutting down and abandoning module TextureCompressor (30)
[2018.02.07-16.55.17:613][584]LogModuleManager: Shutting down and abandoning module ShaderCore (28)
[2018.02.07-16.55.17:613][584]LogModuleManager: Shutting down and abandoning module Landscape (26)
[2018.02.07-16.55.17:613][584]LogModuleManager: Shutting down and abandoning module SlateRHIRenderer (24)
[2018.02.07-16.55.17:613][584]LogModuleManager: Shutting down and abandoning module OpenGLDrv (22)
[2018.02.07-16.55.17:613][584]LogModuleManager: Shutting down and abandoning module D3D11RHI (20)
[2018.02.07-16.55.17:613][584]LogModuleManager: Shutting down and abandoning module AnimGraphRuntime (18)
[2018.02.07-16.55.17:613][584]LogModuleManager: Shutting down and abandoning module Renderer (16)
[2018.02.07-16.55.17:613][584]LogModuleManager: Shutting down and abandoning module Engine (14)
[2018.02.07-16.55.17:614][584]LogModuleManager: Shutting down and abandoning module CoreUObject (12)
[2018.02.07-16.55.17:614][584]LogModuleManager: Shutting down and abandoning module NetworkFile (10)
[2018.02.07-16.55.17:614][584]LogModuleManager: Shutting down and abandoning module CookedIterativeFile (8)
[2018.02.07-16.55.17:614][584]LogModuleManager: Shutting down and abandoning module StreamingFile (6)
[2018.02.07-16.55.17:614][584]LogModuleManager: Shutting down and abandoning module SandboxFile (4)
[2018.02.07-16.55.17:614][584]LogModuleManager: Shutting down and abandoning module PakFile (2)
[2018.02.07-16.55.17:617][584]LogExit: Exiting.
[2018.02.07-16.55.17:631][584]Log file closed, 02/07/18 11:55:17
