Log file open, 02/03/18 22:20:06
LogWindows: Failed to load 'aqProf.dll' (GetLastError=126)
LogWindows: File 'aqProf.dll' does not exist
LogWindows: Failed to load 'VSPerf140.dll' (GetLastError=126)
LogWindows: File 'VSPerf140.dll' does not exist
LogWindows: Failed to load 'VtuneApi.dll' (GetLastError=126)
LogWindows: File 'VtuneApi.dll' does not exist
LogWindows: Failed to load 'VtuneApi32e.dll' (GetLastError=126)
LogWindows: File 'VtuneApi32e.dll' does not exist
LogInit: Display: Running engine for game: Game1
LogPlatformFile: Not using cached read wrapper
LogInit: Display: RandInit(-1629457050) SRandInit(-1629457050).
LogInit: Read version file with build ID '3709383'
LogInit: Overriding engine version to CL 3832480, compatible CL 3709383
LogInit: Registered custom module enumerator with build ID '3709383'
LogTaskGraph: Started task graph with 5 named threads and 14 total threads with 3 sets of task threads.
LogStats: Stats thread started at 0.174200
LogD3D11RHI: Aftermath initialized
LogModuleManager: Display: Found up-to-date module file ../../../Engine/Plugins/2D/Paper2D/Binaries/Win64/UE4Editor-Paper2D.dll (API version 3709383).
LogModuleManager: Display: Found up-to-date module file ../../../Engine/Plugins/2D/Paper2D/Binaries/Win64/UE4Editor-Paper2DEditor.dll (API version 3709383).
LogModuleManager: Display: Found up-to-date module file ../../../Engine/Plugins/2D/Paper2D/Binaries/Win64/UE4Editor-PaperSpriteSheetImporter.dll (API version 3709383).
LogModuleManager: Display: Found up-to-date module file ../../../Engine/Plugins/2D/Paper2D/Binaries/Win64/UE4Editor-PaperTiledImporter.dll (API version 3709383).
LogModuleManager: Display: Found up-to-date module file ../../../Engine/Plugins/2D/Paper2D/Binaries/Win64/UE4Editor-SmartSnapping.dll (API version 3709383).
LogModuleManager: Display: Found up-to-date module file ../../../Engine/Plugins/Blendables/LightPropagationVolume/Binaries/Win64/UE4Editor-LightPropagationVolumeRuntime.dll (API version 3709383).
LogModuleManager: Display: Found up-to-date module file ../../../Engine/Plugins/Blendables/LightPropagationVolume/Binaries/Win64/UE4Editor-LightPropagationVolumeEditor.dll (API version 3709383).
LogModuleManager: Display: Found up-to-date module file ../../../Engine/Plugins/Developer/GitSourceControl/Binaries/Win64/UE4Editor-GitSourceControl.dll (API version 3709383).
LogModuleManager: Display: Found up-to-date module file ../../../Engine/Plugins/Developer/PerforceSourceControl/Binaries/Win64/UE4Editor-PerforceSourceControl.dll (API version 3709383).
LogModuleManager: Display: Found up-to-date module file ../../../Engine/Plugins/Developer/SubversionSourceControl/Binaries/Win64/UE4Editor-SubversionSourceControl.dll (API version 3709383).
LogModuleManager: Display: Found up-to-date module file ../../../Engine/Plugins/Developer/UObjectPlugin/Binaries/Win64/UE4Editor-UObjectPlugin.dll (API version 3709383).
LogModuleManager: Display: Found up-to-date module file ../../../Engine/Plugins/Developer/VisualStudioCodeSourceCodeAccess/Binaries/Win64/UE4Editor-VisualStudioCodeSourceCodeAccess.dll (API version 3709383).
LogModuleManager: Display: Found up-to-date module file ../../../Engine/Plugins/Developer/VisualStudioSourceCodeAccess/Binaries/Win64/UE4Editor-VisualStudioSourceCodeAccess.dll (API version 3709383).
LogModuleManager: Display: Found up-to-date module file ../../../Engine/Plugins/Editor/AssetManagerEditor/Binaries/Win64/UE4Editor-AssetManagerEditor.dll (API version 3709383).
LogModuleManager: Display: Found up-to-date module file ../../../Engine/Plugins/Editor/AudioCapture/Binaries/Win64/UE4Editor-AudioCapture.dll (API version 3709383).
LogModuleManager: Display: Found up-to-date module file ../../../Engine/Plugins/Editor/FacialAnimation/Binaries/Win64/UE4Editor-FacialAnimation.dll (API version 3709383).
LogModuleManager: Display: Found up-to-date module file ../../../Engine/Plugins/Editor/FacialAnimation/Binaries/Win64/UE4Editor-FacialAnimationEditor.dll (API version 3709383).
LogModuleManager: Display: Found up-to-date module file ../../../Engine/Plugins/Editor/GameplayTagsEditor/Binaries/Win64/UE4Editor-GameplayTagsEditor.dll (API version 3709383).
LogModuleManager: Display: Found up-to-date module file ../../../Engine/Plugins/Editor/MobileLauncherProfileWizard/Binaries/Win64/UE4Editor-MobileLauncherProfileWizard.dll (API version 3709383).
LogModuleManager: Display: Found up-to-date module file ../../../Engine/Plugins/Editor/PluginBrowser/Binaries/Win64/UE4Editor-PluginBrowser.dll (API version 3709383).
LogModuleManager: Display: Found up-to-date module file ../../../Engine/Plugins/Editor/SpeedTreeImporter/Binaries/Win64/UE4Editor-SpeedTreeImporter.dll (API version 3709383).
LogModuleManager: Display: Found up-to-date module file ../../../Engine/Plugins/Experimental/AlembicImporter/Binaries/Win64/UE4Editor-AlembicImporter.dll (API version 3709383).
LogModuleManager: Display: Found up-to-date module file ../../../Engine/Plugins/Experimental/AlembicImporter/Binaries/Win64/UE4Editor-AlembicLibrary.dll (API version 3709383).
LogModuleManager: Display: Found up-to-date module file ../../../Engine/Plugins/Experimental/CharacterAI/Binaries/Win64/UE4Editor-CharacterAI.dll (API version 3709383).
LogModuleManager: Display: Found up-to-date module file ../../../Engine/Plugins/Experimental/HTML5Networking/Binaries/Win64/UE4Editor-HTML5Networking.dll (API version 3709383).
LogModuleManager: Display: Found up-to-date module file ../../../Engine/Plugins/Media/AndroidMedia/Binaries/Win64/UE4Editor-AndroidMediaEditor.dll (API version 3709383).
LogModuleManager: Display: Found up-to-date module file ../../../Engine/Plugins/Media/AndroidMedia/Binaries/Win64/UE4Editor-AndroidMediaFactory.dll (API version 3709383).
LogModuleManager: Display: Found up-to-date module file ../../../Engine/Plugins/Media/AvfMedia/Binaries/Win64/UE4Editor-AvfMediaEditor.dll (API version 3709383).
LogModuleManager: Display: Found up-to-date module file ../../../Engine/Plugins/Media/AvfMedia/Binaries/Win64/UE4Editor-AvfMediaFactory.dll (API version 3709383).
LogModuleManager: Display: Found up-to-date module file ../../../Engine/Plugins/Media/AvfMedia/Binaries/Win64/UE4Editor-AvfMediaFactory.dll (API version 3709383).
LogModuleManager: Display: Found up-to-date module file ../../../Engine/Plugins/Media/ImgMedia/Binaries/Win64/UE4Editor-ImgMedia.dll (API version 3709383).
LogModuleManager: Display: Found up-to-date module file ../../../Engine/Plugins/Media/ImgMedia/Binaries/Win64/UE4Editor-ImgMediaEditor.dll (API version 3709383).
LogModuleManager: Display: Found up-to-date module file ../../../Engine/Plugins/Media/ImgMedia/Binaries/Win64/UE4Editor-ImgMediaFactory.dll (API version 3709383).
LogModuleManager: Display: Found up-to-date module file ../../../Engine/Plugins/Media/ImgMedia/Binaries/Win64/UE4Editor-ImgMediaFactory.dll (API version 3709383).
LogModuleManager: Display: Found up-to-date module file ../../../Engine/Plugins/Media/ImgMedia/Binaries/Win64/UE4Editor-OpenExrWrapper.dll (API version 3709383).
LogModuleManager: Display: Found up-to-date module file ../../../Engine/Plugins/Media/MediaCompositing/Binaries/Win64/UE4Editor-MediaCompositing.dll (API version 3709383).
LogModuleManager: Display: Found up-to-date module file ../../../Engine/Plugins/Media/MediaCompositing/Binaries/Win64/UE4Editor-MediaCompositingEditor.dll (API version 3709383).
LogModuleManager: Display: Found up-to-date module file ../../../Engine/Plugins/Media/MediaPlayerEditor/Binaries/Win64/UE4Editor-MediaPlayerEditor.dll (API version 3709383).
LogModuleManager: Display: Found up-to-date module file ../../../Engine/Plugins/Media/WmfMedia/Binaries/Win64/UE4Editor-WmfMedia.dll (API version 3709383).
LogModuleManager: Display: Found up-to-date module file ../../../Engine/Plugins/Media/WmfMedia/Binaries/Win64/UE4Editor-WmfMediaEditor.dll (API version 3709383).
LogModuleManager: Display: Found up-to-date module file ../../../Engine/Plugins/Media/WmfMedia/Binaries/Win64/UE4Editor-WmfMediaFactory.dll (API version 3709383).
LogModuleManager: Display: Found up-to-date module file ../../../Engine/Plugins/Media/WmfMedia/Binaries/Win64/UE4Editor-WmfMediaFactory.dll (API version 3709383).
LogModuleManager: Display: Found up-to-date module file ../../../Engine/Plugins/Messaging/TcpMessaging/Binaries/Win64/UE4Editor-TcpMessaging.dll (API version 3709383).
LogModuleManager: Display: Found up-to-date module file ../../../Engine/Plugins/Messaging/UdpMessaging/Binaries/Win64/UE4Editor-UdpMessaging.dll (API version 3709383).
LogModuleManager: Display: Found up-to-date module file ../../../Engine/Plugins/MovieScene/ActorSequence/Binaries/Win64/UE4Editor-ActorSequence.dll (API version 3709383).
LogModuleManager: Display: Found up-to-date module file ../../../Engine/Plugins/MovieScene/LevelSequenceEditor/Binaries/Win64/UE4Editor-LevelSequenceEditor.dll (API version 3709383).
LogModuleManager: Display: Found up-to-date module file ../../../Engine/Plugins/MovieScene/MatineeToLevelSequence/Binaries/Win64/UE4Editor-MatineeToLevelSequence.dll (API version 3709383).
LogModuleManager: Display: Found up-to-date module file ../../../Engine/Plugins/Online/OnlineSubsystem/Binaries/Win64/UE4Editor-OnlineSubsystem.dll (API version 3709383).
LogModuleManager: Display: Found up-to-date module file ../../../Engine/Plugins/Runtime/AndroidPermission/Binaries/Win64/UE4Editor-AndroidPermission.dll (API version 3709383).
LogModuleManager: Display: Found up-to-date module file ../../../Engine/Plugins/Online/OnlineSubsystemNull/Binaries/Win64/UE4Editor-OnlineSubsystemNull.dll (API version 3709383).
LogModuleManager: Display: Found up-to-date module file ../../../Engine/Plugins/Online/OnlineSubsystemUtils/Binaries/Win64/UE4Editor-OnlineSubsystemUtils.dll (API version 3709383).
LogModuleManager: Display: Found up-to-date module file ../../../Engine/Plugins/Online/OnlineSubsystemUtils/Binaries/Win64/UE4Editor-OnlineBlueprintSupport.dll (API version 3709383).
LogModuleManager: Display: Found up-to-date module file ../../../Engine/Plugins/Runtime/AndroidDeviceProfileSelector/Binaries/Win64/UE4Editor-AndroidDeviceProfileSelector.dll (API version 3709383).
LogModuleManager: Display: Found up-to-date module file ../../../Engine/Plugins/Runtime/AppleARKit/Binaries/Win64/UE4Editor-AppleARKit.dll (API version 3709383).
LogModuleManager: Display: Found up-to-date module file ../../../Engine/Plugins/Runtime/ArchVisCharacter/Binaries/Win64/UE4Editor-ArchVisCharacter.dll (API version 3709383).
LogModuleManager: Display: Found up-to-date module file ../../../Engine/Plugins/Runtime/CableComponent/Binaries/Win64/UE4Editor-CableComponent.dll (API version 3709383).
LogModuleManager: Display: Found up-to-date module file ../../../Engine/Plugins/Runtime/CustomMeshComponent/Binaries/Win64/UE4Editor-CustomMeshComponent.dll (API version 3709383).
LogModuleManager: Display: Found up-to-date module file ../../../Engine/Plugins/Runtime/ExampleDeviceProfileSelector/Binaries/Win64/UE4Editor-ExampleDeviceProfileSelector.dll (API version 3709383).
LogModuleManager: Display: Found up-to-date module file ../../../Engine/Plugins/Runtime/ImmediatePhysics/Binaries/Win64/UE4Editor-ImmediatePhysics.dll (API version 3709383).
LogModuleManager: Display: Found up-to-date module file ../../../Engine/Plugins/Runtime/ImmediatePhysics/Binaries/Win64/UE4Editor-ImmediatePhysicsEditor.dll (API version 3709383).
LogModuleManager: Display: Found up-to-date module file ../../../Engine/Plugins/Runtime/LocationServicesBPLibrary/Binaries/Win64/UE4Editor-LocationServicesBPLibrary.dll (API version 3709383).
LogModuleManager: Display: Found up-to-date module file ../../../Engine/Plugins/Runtime/MobilePatchingUtils/Binaries/Win64/UE4Editor-MobilePatchingUtils.dll (API version 3709383).
LogModuleManager: Display: Found up-to-date module file ../../../Engine/Plugins/Runtime/Oculus/OculusVR/Binaries/Win64/UE4Editor-OculusHMD.dll (API version 3709383).
LogModuleManager: Display: Found up-to-date module file ../../../Engine/Plugins/Runtime/Oculus/OculusVR/Binaries/Win64/UE4Editor-OculusInput.dll (API version 3709383).
LogModuleManager: Display: Found up-to-date module file ../../../Engine/Plugins/Runtime/Oculus/OculusVR/Binaries/Win64/UE4Editor-OculusEditor.dll (API version 3709383).
LogModuleManager: Display: Found up-to-date module file ../../../Engine/Plugins/Runtime/PhysXVehicles/Binaries/Win64/UE4Editor-PhysXVehicles.dll (API version 3709383).
LogModuleManager: Display: Found up-to-date module file ../../../Engine/Plugins/Runtime/PhysXVehicles/Binaries/Win64/UE4Editor-PhysXVehiclesEditor.dll (API version 3709383).
LogModuleManager: Display: Found up-to-date module file ../../../Engine/Plugins/Runtime/ProceduralMeshComponent/Binaries/Win64/UE4Editor-ProceduralMeshComponent.dll (API version 3709383).
LogModuleManager: Display: Found up-to-date module file ../../../Engine/Plugins/Runtime/ProceduralMeshComponent/Binaries/Win64/UE4Editor-ProceduralMeshComponentEditor.dll (API version 3709383).
LogModuleManager: Display: Found up-to-date module file ../../../Engine/Plugins/Runtime/RuntimePhysXCooking/Binaries/Win64/UE4Editor-RuntimePhysXCooking.dll (API version 3709383).
LogModuleManager: Display: Found up-to-date module file ../../../Engine/Plugins/Runtime/Steam/SteamVR/Binaries/Win64/UE4Editor-SteamVR.dll (API version 3709383).
LogModuleManager: Display: Found up-to-date module file ../../../Engine/Plugins/Runtime/Steam/SteamVR/Binaries/Win64/UE4Editor-SteamVRController.dll (API version 3709383).
LogModuleManager: Display: Found up-to-date module file ../../../Engine/Plugins/Runtime/WindowsMoviePlayer/Binaries/Win64/UE4Editor-WindowsMoviePlayer.dll (API version 3709383).
LogPluginManager: Mounting plugin Paper2D
LogPluginManager: Mounting plugin LightPropagationVolume
LogPluginManager: Mounting plugin CodeLiteSourceCodeAccess
LogPluginManager: Mounting plugin GitSourceControl
LogPluginManager: Mounting plugin KDevelopSourceCodeAccess
LogPluginManager: Mounting plugin NullSourceCodeAccess
LogPluginManager: Mounting plugin PerforceSourceControl
LogPluginManager: Mounting plugin SubversionSourceControl
LogPluginManager: Mounting plugin UObjectPlugin
LogPluginManager: Mounting plugin VisualStudioCodeSourceCodeAccess
LogPluginManager: Mounting plugin VisualStudioSourceCodeAccess
LogPluginManager: Mounting plugin XCodeSourceCodeAccess
LogPluginManager: Mounting plugin AssetManagerEditor
LogPluginManager: Mounting plugin AudioCapture
LogPluginManager: Mounting plugin FacialAnimation
LogPluginManager: Mounting plugin GameplayTagsEditor
LogPluginManager: Mounting plugin MobileLauncherProfileWizard
LogPluginManager: Mounting plugin PluginBrowser
LogPluginManager: Mounting plugin SpeedTreeImporter
LogPluginManager: Mounting plugin AlembicImporter
LogPluginManager: Mounting plugin CharacterAI
LogPluginManager: Mounting plugin HTML5Networking
LogPluginManager: Mounting plugin AndroidMedia
LogPluginManager: Mounting plugin AvfMedia
LogPluginManager: Mounting plugin ImgMedia
LogPluginManager: Mounting plugin MediaCompositing
LogPluginManager: Mounting plugin MediaPlayerEditor
LogPluginManager: Mounting plugin WmfMedia
LogPluginManager: Mounting plugin TcpMessaging
LogPluginManager: Mounting plugin UdpMessaging
LogPluginManager: Mounting plugin ActorSequence
LogPluginManager: Mounting plugin LevelSequenceEditor
LogPluginManager: Mounting plugin MatineeToLevelSequence
LogPluginManager: Mounting plugin OnlineSubsystemGooglePlay
LogPluginManager: Mounting plugin OnlineSubsystemIOS
LogPluginManager: Mounting plugin OnlineSubsystem
LogPluginManager: Mounting plugin OnlineSubsystemNull
LogPluginManager: Mounting plugin OnlineSubsystemUtils
LogPluginManager: Mounting plugin AndroidDeviceProfileSelector
LogPluginManager: Mounting plugin AndroidMoviePlayer
LogPluginManager: Mounting plugin AndroidPermission
LogPluginManager: Mounting plugin AppleARKit
LogPluginManager: Mounting plugin AppleMoviePlayer
LogPluginManager: Mounting plugin ArchVisCharacter
LogPluginManager: Mounting plugin CableComponent
LogPluginManager: Mounting plugin CustomMeshComponent
LogPluginManager: Mounting plugin ExampleDeviceProfileSelector
LogPluginManager: Mounting plugin GoogleCloudMessaging
LogPluginManager: Mounting plugin ImmediatePhysics
LogPluginManager: Mounting plugin IOSDeviceProfileSelector
LogPluginManager: Mounting plugin LinuxDeviceProfileSelector
LogPluginManager: Mounting plugin LocationServicesBPLibrary
LogPluginManager: Mounting plugin MobilePatchingUtils
LogPluginManager: Mounting plugin OculusVR
LogPluginManager: Plugin shader directory ../../../Engine/Plugins/Runtime/Oculus/OculusVR/Shaders found
LogPluginManager: Mapping shader source directory ../../../Engine/Plugins/Runtime/Oculus/OculusVR/Shaders to virtual directory /Plugin/OculusVR
LogPluginManager: Mounting plugin PhysXVehicles
LogPluginManager: Mounting plugin ProceduralMeshComponent
LogPluginManager: Mounting plugin RuntimePhysXCooking
LogPluginManager: Mounting plugin SteamVR
LogPluginManager: Mounting plugin WindowsMoviePlayer
LogInit: Using libcurl 7.47.1
LogInit:  - built for x86_64-pc-win32
LogInit:  - supports SSL with OpenSSL/1.0.2g
LogInit:  - supports HTTP deflate (compression) using libz 1.2.8
LogInit:  - other features:
LogInit:      CURL_VERSION_SSL
LogInit:      CURL_VERSION_LIBZ
LogInit:      CURL_VERSION_IPV6
LogInit:      CURL_VERSION_ASYNCHDNS
LogInit:      CURL_VERSION_LARGEFILE
LogInit:      CURL_VERSION_IDN
LogInit:  CurlRequestOptions (configurable via config and command line):
LogInit:  - bVerifyPeer = false  - Libcurl will NOT verify peer certificate
LogInit:  - bUseHttpProxy = false  - Libcurl will NOT use HTTP proxy
LogInit:  - bDontReuseConnections = false  - Libcurl will reuse connections
LogInit:  - CertBundlePath = nullptr  - Libcurl will use whatever was configured at build time.
LogInit: Build: ++UE4+Release-4.18-CL-3832480
LogInit: Engine Version: 4.18.3-3832480+++UE4+Release-4.18
LogInit: Compatible Engine Version: 4.18.0-3709383+++UE4+Release-4.18
LogInit: Net CL: 3709383
LogDevObjectVersion: Number of dev versions registered: 16
LogDevObjectVersion:   Dev-Blueprints (B0D832E4-1F89-4F0D-ACCF-7EB736FD4AA2): 10
LogDevObjectVersion:   Dev-Build (E1C64328-A22C-4D53-A36C-8E866417BD8C): 0
LogDevObjectVersion:   Dev-Core (375EC13C-06E4-48FB-B500-84F0262A717E): 2
LogDevObjectVersion:   Dev-Editor (E4B068ED-F494-42E9-A231-DA0B2E46BB41): 20
LogDevObjectVersion:   Dev-Framework (CFFC743F-43B0-4480-9391-14DF171D2073): 30
LogDevObjectVersion:   Dev-Mobile (B02B49B5-BB20-44E9-A304-32B752E40360): 0
LogDevObjectVersion:   Dev-Networking (A4E4105C-59A1-49B5-A7C5-40C4547EDFEE): 0
LogDevObjectVersion:   Dev-Online (39C831C9-5AE6-47DC-9A44-9C173E1C8E7C): 0
LogDevObjectVersion:   Dev-Physics (78F01B33-EBEA-4F98-B9B4-84EACCB95AA2): 0
LogDevObjectVersion:   Dev-Platform (6631380F-2D4D-43E0-8009-CF276956A95A): 0
LogDevObjectVersion:   Dev-Rendering (12F88B9F-8875-4AFC-A67C-D90C383ABD29): 20
LogDevObjectVersion:   Dev-Sequencer (7B5AE74C-D270-4C10-A958-57980B212A5A): 4
LogDevObjectVersion:   Dev-VR (D7296918-1DD6-4BDD-9DE2-64A83CC13884): 0
LogDevObjectVersion:   Dev-LoadTimes (C2A15278-BFE7-4AFE-6C17-90FF531DF755): 1
LogDevObjectVersion:   Private-Geometry (6EACA3D4-40EC-4CC1-B786-8BED09428FC5): 1
LogDevObjectVersion:   Dev-AnimPhys (29E575DD-E0A3-4627-9D10-D276232CDCEA): 12
LogInit: Compiled (64-bit): Jan 12 2018 02:04:55
LogInit: Compiled with Visual C++: 19.00.24215.01
LogInit: Build Configuration: Development
LogInit: Branch Name: ++UE4+Release-4.18
LogInit: Command line: -EpicPortal 
LogInit: Base directory: E:/UE_4.18/Engine/Binaries/Win64/
LogInit: Installed Engine Build: 1
LogInit: Presizing for max 8388607 objects, including 0 objects not considered by GC, pre-allocating 0 bytes for permanent pool.
LogInit: Object subsystem initialized
[2018.02.04-03.20.07:788][  0]LogInit: Selected Device Profile: [Windows]
[2018.02.04-03.20.07:788][  0]LogInit: Applying CVar settings loaded from the selected device profile: [Windows]
[2018.02.04-03.20.07:798][  0]LogInit: Computer: DESKTOP-26BKDR7
[2018.02.04-03.20.07:798][  0]LogInit: User: Cameron
[2018.02.04-03.20.07:798][  0]LogInit: CPU Page size=4096, Cores=4
[2018.02.04-03.20.07:798][  0]LogInit: High frequency timer resolution =2.648440 MHz
[2018.02.04-03.20.07:798][  0]LogMemory: Memory total: Physical=15.9GB (16GB approx)
[2018.02.04-03.20.07:798][  0]LogMemory: Platform Memory Stats for Windows
[2018.02.04-03.20.07:798][  0]LogMemory: Process Physical Memory: 280.93 MB used, 280.93 MB peak
[2018.02.04-03.20.07:798][  0]LogMemory: Process Virtual Memory: 270.33 MB used, 270.33 MB peak
[2018.02.04-03.20.07:798][  0]LogMemory: Physical Memory: 8301.26 MB used,  8008.58 MB free, 16309.84 MB total
[2018.02.04-03.20.07:798][  0]LogMemory: Virtual Memory: 719.15 MB used,  8008.58 MB free, 134217728.00 MB total
[2018.02.04-03.20.07:913][  0]LogInit: Using OS detected language (en-US).
[2018.02.04-03.20.07:913][  0]LogInit: Using OS detected locale (en-US).
[2018.02.04-03.20.07:916][  0]LogTextLocalizationManager: No specific localization for 'en-US' exists, so the 'en' localization will be used.
[2018.02.04-03.20.08:362][  0]LogInit: Setting process to per monitor DPI aware
[2018.02.04-03.20.08:639][  0]LogD3D11RHI: D3D11 adapters:
[2018.02.04-03.20.08:672][  0]LogD3D11RHI:    0. 'NVIDIA GeForce GTX 970' (Feature Level 11_0)
[2018.02.04-03.20.08:672][  0]LogD3D11RHI:       4058/0/8154 MB DedicatedVideo/DedicatedSystem/SharedSystem, Outputs:2, VendorId:0x10de
[2018.02.04-03.20.08:674][  0]LogD3D11RHI:    1. 'Microsoft Basic Render Driver' (Feature Level 11_0)
[2018.02.04-03.20.08:674][  0]LogD3D11RHI:       0/0/8154 MB DedicatedVideo/DedicatedSystem/SharedSystem, Outputs:0, VendorId:0x1414
[2018.02.04-03.20.08:674][  0]LogD3D11RHI: Chosen D3D11 Adapter: 0
[2018.02.04-03.20.08:681][  0]LogD3D11RHI: Creating new Direct3DDevice
[2018.02.04-03.20.08:681][  0]LogD3D11RHI:     GPU DeviceId: 0x13c2 (for the marketing name, search the web for "GPU Device Id")
[2018.02.04-03.20.08:681][  0]LogWindows: EnumDisplayDevices:
[2018.02.04-03.20.08:681][  0]LogWindows:    0. 'NVIDIA GeForce GTX 970' (P:1 D:1)
[2018.02.04-03.20.08:681][  0]LogWindows:    1. 'NVIDIA GeForce GTX 970' (P:0 D:1)
[2018.02.04-03.20.08:682][  0]LogWindows:    2. 'NVIDIA GeForce GTX 970' (P:0 D:0)
[2018.02.04-03.20.08:682][  0]LogWindows:    3. 'NVIDIA GeForce GTX 970' (P:0 D:0)
[2018.02.04-03.20.08:682][  0]LogWindows: DebugString: GetVideoDriverDetailsInvalid PrimaryIsNotTheChoosenAdapter GetVideoDriverDetailsInvalid PrimaryIsNotTheChoosenAdapter GetVideoDriverDetailsInvalid PrimaryIsNotTheChoosenAdapter GetVideoDriverDetailsInvalid PrimaryIsNotTheChoosenAdapter FoundDriverCount:0 
[2018.02.04-03.20.08:682][  0]LogD3D11RHI:     Adapter Name: NVIDIA GeForce GTX 970
[2018.02.04-03.20.08:682][  0]LogD3D11RHI:   Driver Version: Unknown (internal:Unknown, unified:Unknown)
[2018.02.04-03.20.08:682][  0]LogD3D11RHI:      Driver Date: Unknown
[2018.02.04-03.20.08:682][  0]LogRHI: Texture pool is 2840 MB (70% of 4058 MB)
[2018.02.04-03.20.08:704][  0]LogD3D11RHI: Async texture creation enabled
[2018.02.04-03.20.08:739][  0]LogD3D11RHI: GPU Timing Frequency: 1000.000000 (Debug: 2 1)
[2018.02.04-03.20.08:784][  0]LogShaderCompilers: Guid format shader working directory is 2 characters bigger than the processId version (C:/Users/Cameron/Documents/GitHub/Game1/Game1/Intermediate/Shaders/WorkingDirectory/14068/).
[2018.02.04-03.20.08:784][  0]LogShaderCompilers: Cleaned the shader compiler working directory 'C:/Users/Cameron/AppData/Local/Temp/UnrealShaderWorkingDir/B7B2996949FABDC4D01812B60F2DE4E7/'.
[2018.02.04-03.20.08:784][  0]LogShaderCompilers: Display: Using Local Shader Compiler.
[2018.02.04-03.20.09:686][  0]LogTemp: Display: Loaded TP AllDesktopTargetPlatform
[2018.02.04-03.20.09:731][  0]LogTemp: Display: Loaded TP MacClientTargetPlatform
[2018.02.04-03.20.09:777][  0]LogTemp: Display: Loaded TP MacNoEditorTargetPlatform
[2018.02.04-03.20.09:821][  0]LogTemp: Display: Loaded TP MacServerTargetPlatform
[2018.02.04-03.20.09:864][  0]LogTemp: Display: Loaded TP MacTargetPlatform
[2018.02.04-03.20.09:908][  0]LogTemp: Display: Loaded TP WindowsClientTargetPlatform
[2018.02.04-03.20.09:952][  0]LogTemp: Display: Loaded TP WindowsNoEditorTargetPlatform
[2018.02.04-03.20.10:006][  0]LogTemp: Display: Loaded TP WindowsServerTargetPlatform
[2018.02.04-03.20.10:041][  0]LogTemp: Display: Loaded TP WindowsTargetPlatform
[2018.02.04-03.20.10:085][  0]LogTemp: Display: Loaded TP Android_ASTCTargetPlatform
[2018.02.04-03.20.10:127][  0]LogTemp: Display: Loaded TP Android_ATCTargetPlatform
[2018.02.04-03.20.10:172][  0]LogTemp: Display: Loaded TP Android_DXTTargetPlatform
[2018.02.04-03.20.10:217][  0]LogTemp: Display: Loaded TP Android_ETC1TargetPlatform
[2018.02.04-03.20.10:262][  0]LogTemp: Display: Loaded TP Android_ETC2TargetPlatform
[2018.02.04-03.20.10:350][  0]LogTemp: Display: Loaded TP Android_MultiTargetPlatform
[2018.02.04-03.20.10:350][  0]LogTemp: Display: Loaded TP Android_PVRTCTargetPlatform
[2018.02.04-03.20.10:395][  0]LogTemp: Display: Loaded TP AndroidTargetPlatform
[2018.02.04-03.20.10:427][  0]LogTemp: Display: Loaded TP HTML5TargetPlatform
[2018.02.04-03.20.10:509][  0]LogTemp: Display: Loaded TP IOSTargetPlatform
[2018.02.04-03.20.10:534][  0]LogTemp: Display: Loaded TP TVOSTargetPlatform
[2018.02.04-03.20.10:579][  0]LogTemp: Display: Loaded TP LinuxClientTargetPlatform
[2018.02.04-03.20.10:623][  0]LogTemp: Display: Loaded TP LinuxNoEditorTargetPlatform
[2018.02.04-03.20.10:669][  0]LogTemp: Display: Loaded TP LinuxServerTargetPlatform
[2018.02.04-03.20.10:713][  0]LogTemp: Display: Loaded TP LinuxTargetPlatform
[2018.02.04-03.20.10:713][  0]LogTargetPlatformManager: Display: Building Assets For Windows
[2018.02.04-03.20.11:084][  0]LogDerivedDataCache: Display: Max Cache Size: 512 MB
[2018.02.04-03.20.11:153][  0]LogDerivedDataCache: Loaded boot cache 0.07s 78MB C:/Users/Cameron/AppData/Local/UnrealEngine/4.18/DerivedDataCache/Boot.ddc.
[2018.02.04-03.20.11:153][  0]LogDerivedDataCache: Display: Loaded Boot cache: C:/Users/Cameron/AppData/Local/UnrealEngine/4.18/DerivedDataCache/Boot.ddc
[2018.02.04-03.20.11:153][  0]LogDerivedDataCache: FDerivedDataBackendGraph:  Pak pak cache file C:/Users/Cameron/Documents/GitHub/Game1/Game1/DerivedDataCache/DDC.ddp not found, will not use a pak cache.
[2018.02.04-03.20.11:153][  0]LogDerivedDataCache: Unable to find inner node Pak for hierarchical cache Hierarchy.
[2018.02.04-03.20.11:153][  0]LogDerivedDataCache: FDerivedDataBackendGraph:  CompressedPak pak cache file C:/Users/Cameron/Documents/GitHub/Game1/Game1/DerivedDataCache/Compressed.ddp not found, will not use a pak cache.
[2018.02.04-03.20.11:153][  0]LogDerivedDataCache: Unable to find inner node CompressedPak for hierarchical cache Hierarchy.
[2018.02.04-03.20.11:170][  0]LogDerivedDataCache: Display: Pak cache opened for reading ../../../Engine/DerivedDataCache/Compressed.ddp.
[2018.02.04-03.20.11:182][  0]LogDerivedDataCache: Using Local data cache path C:/Users/Cameron/AppData/Local/UnrealEngine/Common/DerivedDataCache: Writable
[2018.02.04-03.20.11:193][  0]LogMaterial: Verifying Global Shaders for PCD3D_SM5
[2018.02.04-03.20.11:193][  0]LogSlate: Using Freetype 2.6.0
[2018.02.04-03.20.11:194][  0]LogSlate: SlateFontCache - WITH_FREETYPE: 1, WITH_HARFBUZZ: 1
[2018.02.04-03.20.11:194][  0]LogSlate: SlateFontCache - WITH_FREETYPE: 1, WITH_HARFBUZZ: 1
[2018.02.04-03.20.11:580][  0]LogInit: Selected Device Profile: [Windows]
[2018.02.04-03.20.11:875][  0]LogSimplygon: Simplygon DLL not present - disabling.
[2018.02.04-03.20.11:908][  0]LogMeshReduction: Using SimplygonSwarm for distributed automatic mesh merging
[2018.02.04-03.20.11:908][  0]LogMeshReduction: Using QuadricMeshReduction for automatic static mesh reduction
[2018.02.04-03.20.11:908][  0]LogMeshReduction: No automatic skeletal mesh reduction module available
[2018.02.04-03.20.11:908][  0]LogMeshReduction: No automatic mesh merging module available
[2018.02.04-03.20.11:908][  0]LogMeshMerging: No automatic mesh merging module available
[2018.02.04-03.20.11:942][  0]LogNetVersion: Game1 , NetCL: 3709383, EngineNetVer: 2, GameNetVer: 0 (Checksum: 2978213144)
[2018.02.04-03.20.12:099][  0]LogAssetRegistry: FAssetRegistry took 0.0269 seconds to start up
[2018.02.04-03.20.12:585][  0]LogPackageLocalizationCache: Processed 7 localized package path(s) for 2 prioritized culture(s) in 0.075694 seconds
[2018.02.04-03.20.12:591][  0]LogUObjectArray: 35870 objects as part of root set at end of initial load.
[2018.02.04-03.20.12:591][  0]LogUObjectAllocator: 7363704 out of 0 bytes used by permanent object pool.
[2018.02.04-03.20.12:591][  0]LogUObjectArray: CloseDisregardForGC: 0/0 objects in disregard for GC pool
[2018.02.04-03.20.12:630][  0]LogInit: WinSock: version 1.1 (2.2), MaxSocks=32767, MaxUdp=65467
[2018.02.04-03.20.15:157][  0]LogTcpMessaging: Initializing TcpMessaging bridge
[2018.02.04-03.20.15:203][  0]LogUdpMessaging: Initializing bridge on interface 0.0.0.0:0 to multicast group 230.0.0.1:6666.
[2018.02.04-03.20.15:828][  0]LogMaterial: Uniform references updated for custom material expression Custom.
[2018.02.04-03.20.16:228][  0]SourceControl: Source control is disabled
[2018.02.04-03.20.17:599][  0]LogAndroidPermission: UAndroidPermissionCallbackProxy::GetInstance
[2018.02.04-03.20.17:848][  0]LogOcInput: OculusInput pre-init called
[2018.02.04-03.20.18:107][  0]LogEngine: Initializing Engine...
[2018.02.04-03.20.18:108][  0]LogHMD: Oculus plugin initialized. Version: 4.18.3-3832480+++UE4+Release-4.18, OVRPlugin: 1.19.0
[2018.02.04-03.20.18:316][  0]LogStats: UGameplayTagsManager::ConstructGameplayTagTree: Construct from data asset -  0.000 s
[2018.02.04-03.20.18:316][  0]LogStats: UGameplayTagsManager::ConstructGameplayTagTree: GameplayTagTreeChangedEvent.Broadcast -  0.000 s
[2018.02.04-03.20.18:420][  0]LogAIModule: Creating AISystem for world Untitled
[2018.02.04-03.20.18:441][  0]LogInit: XAudio2 using 'Headset Earphone (SteelSeries Arctis 7 Chat)' : 1 channels at 48 kHz using 16 bits per sample (channel mask 0x0)
[2018.02.04-03.20.18:456][  0]LogInit: FAudioDevice initialized.
[2018.02.04-03.20.18:535][  0]LogDerivedDataCache: Saved boot cache 0.08s 78MB C:/Users/Cameron/AppData/Local/UnrealEngine/4.18/DerivedDataCache/Boot.ddc.
[2018.02.04-03.20.18:545][  0]LogInit: Texture streaming: Enabled
[2018.02.04-03.20.18:621][  0]LogEngineSessionManager: EngineSessionManager initialized
[2018.02.04-03.20.18:734][  0]LogInit: Transaction tracking system initialized
[2018.02.04-03.20.18:995][  0]BlueprintLog: New page: Editor Load
[2018.02.04-03.20.19:714][  0]LocalizationService: Localization service is disabled
[2018.02.04-03.20.20:336][  0]LogConsoleResponse: Display: 
[2018.02.04-03.20.20:501][  0]LogCook: Display: Max memory allowance for cook 16384mb min free memory 0mb
[2018.02.04-03.20.20:501][  0]LogCook: Display: Mobile HDR setting 1
[2018.02.04-03.20.20:501][  0]LogGameplayTags: Display: UGameplayTagsManager::DoneAddingNativeTags. DelegateIsBound: 0
[2018.02.04-03.20.21:477][  0]LogFileCache: Scanning file cache for directory 'C:/Users/Cameron/Documents/GitHub/Game1/Game1/Content/' took 0.05s
[2018.02.04-03.20.21:515][  0]Cmd: MAP LOAD FILE="C:/Users/Cameron/Documents/GitHub/Game1/Game1/Content/FirstPersonBP/Maps/FirstPersonExampleMap.umap" TEMPLATE=0 SHOWPROGRESS=1 FEATURELEVEL=3
[2018.02.04-03.20.21:515][  0]LightingResults: New page: Lighting Build
[2018.02.04-03.20.21:549][  0]MapCheck: New page: Map Check
[2018.02.04-03.20.21:549][  0]LightingResults: New page: Lighting Build
[2018.02.04-03.20.22:187][  0]LogAIModule: Creating AISystem for world FirstPersonExampleMap
[2018.02.04-03.20.22:198][  0]LogEditorServer: Finished looking for orphan Actors (0.000 secs)
[2018.02.04-03.20.22:212][  0]Cmd: MAP CHECKDEP NOCLEARLOG
[2018.02.04-03.20.22:267][  0]MapCheck: Map check complete: 0 Error(s), 0 Warning(s), took 54.986ms to complete.
[2018.02.04-03.20.22:267][  0]LogFileHelpers: Loading map 'FirstPersonExampleMap' took 0.752
[2018.02.04-03.20.22:430][  0]LogCollectionManager: Loaded 0 collections in 0.001582 seconds
[2018.02.04-03.20.22:509][  0]LogFileCache: Scanning file cache for directory 'C:/Users/Cameron/Documents/GitHub/Game1/Game1/Saved/Collections/' took 0.01s
[2018.02.04-03.20.22:509][  0]LogFileCache: Scanning file cache for directory 'C:/Users/Cameron/Documents/GitHub/Game1/Game1/Content/Developers/Cameron/Collections/' took 0.01s
[2018.02.04-03.20.22:509][  0]LogFileCache: Scanning file cache for directory 'C:/Users/Cameron/Documents/GitHub/Game1/Game1/Content/Collections/' took 0.01s
[2018.02.04-03.20.22:509][  0]LogCollectionManager: Rebuilt the GUID cache for 0 collections in 0.000001 seconds
[2018.02.04-03.20.22:518][  0]LogContentBrowser: Native class hierarchy populated in 0.0085 seconds. Added 2363 classes and 519 folders.
[2018.02.04-03.20.22:569][  0]LogContentBrowser: Native class hierarchy updated for 'WidgetCarousel' in 0.0002 seconds. Added 0 classes and 0 folders.
[2018.02.04-03.20.22:616][  0]LogContentBrowser: Native class hierarchy updated for 'AddContentDialog' in 0.0002 seconds. Added 0 classes and 0 folders.
[2018.02.04-03.20.22:652][  0]LogContentBrowser: Native class hierarchy updated for 'SceneOutliner' in 0.0003 seconds. Added 1 classes and 2 folders.
[2018.02.04-03.20.22:669][  0]LogSlate: Took 0.000216 seconds to synchronously load lazily loaded font '../../../Engine/Content/Slate/Fonts/Roboto-Regular.ttf' (155K)
[2018.02.04-03.20.22:671][  0]LogSlate: Took 0.000209 seconds to synchronously load lazily loaded font '../../../Engine/Content/Slate/Fonts/Roboto-Bold.ttf' (160K)
[2018.02.04-03.20.22:676][  0]LogSlate: Took 0.000214 seconds to synchronously load lazily loaded font '../../../Engine/Content/Editor/Slate/Fonts/FontAwesome.ttf' (139K)
[2018.02.04-03.20.22:778][  0]LogRenderer: Reallocating scene render targets to support 1208x576 Format 10 NumSamples 1 (Frame:1).
[2018.02.04-03.20.22:918][  0]LogContentBrowser: Native class hierarchy updated for 'HierarchicalLODOutliner' in 0.0002 seconds. Added 1 classes and 2 folders.
[2018.02.04-03.20.22:918][  0]LogLoad: (Engine Initialization) Total time: 17.54 seconds
[2018.02.04-03.20.22:918][  0]LogLoad: (Engine Initialization) Total Blueprint compile time: 0.00 seconds
[2018.02.04-03.20.22:918][  0]LogExternalProfiler: No external profilers were discovered.  External profiling features will not be available.
[2018.02.04-03.20.22:928][  0]LogWindowsTextInputMethodSystem: Display: IME system now deactivated.
[2018.02.04-03.20.22:933][  0]LogOcInput: OculusInput is initialized
[2018.02.04-03.20.22:952][  0]SourceControl: On branch master
[2018.02.04-03.20.22:952][  0]SourceControl: Your branch is up to date with 'origin/master'.
[2018.02.04-03.20.22:952][  0]SourceControl: Changes not staged for commit:
[2018.02.04-03.20.22:952][  0]SourceControl:   (use "git add/rm <file>..." to update what will be committed)
[2018.02.04-03.20.22:952][  0]SourceControl:   (use "git checkout -- <file>..." to discard changes in working directory)
[2018.02.04-03.20.22:952][  0]SourceControl: 	modified:   Game1/Intermediate/CachedAssetRegistry.bin
[2018.02.04-03.20.22:952][  0]SourceControl: 	modified:   Game1/Saved/Config/Windows/Editor.ini
[2018.02.04-03.20.22:952][  0]SourceControl: 	modified:   Game1/Saved/Config/Windows/EditorPerProjectUserSettings.ini
[2018.02.04-03.20.22:952][  0]SourceControl: 	deleted:    Game1/Saved/Logs/Game1-backup-2018.02.01-11.07.54.log
[2018.02.04-03.20.22:952][  0]SourceControl: 	modified:   Game1/Saved/Logs/Game1.log
[2018.02.04-03.20.22:952][  0]SourceControl: Untracked files:
[2018.02.04-03.20.22:952][  0]SourceControl:   (use "git add <file>..." to include in what will be committed)
[2018.02.04-03.20.22:952][  0]SourceControl: 	Game1/Saved/Config/CrashReportClient/UE4CC-Windows-6B8B6D20468F0C8A3088DDAC6F8AA897/
[2018.02.04-03.20.22:952][  0]SourceControl: 	Game1/Saved/Logs/Game1-backup-2018.02.03-22.20.06.log
[2018.02.04-03.20.22:952][  0]SourceControl: no changes added to commit (use "git add" and/or "git commit -a")
[2018.02.04-03.20.22:952][  0]LogContentStreaming: Texture pool size now 1000 MB
[2018.02.04-03.20.23:032][  1]LogSlate: Took 0.000436 seconds to synchronously load lazily loaded font '../../../Engine/Content/Slate/Fonts/Roboto-Light.ttf' (159K)
[2018.02.04-03.20.23:053][  2]LogAssetRegistry: Asset discovery search completed in 10.9761 seconds
[2018.02.04-03.20.23:058][  2]LogCollectionManager: Rebuilt the object cache for 0 collections in 0.000000 seconds (found 0 objects)
[2018.02.04-03.20.23:058][  2]LogCollectionManager: Fixed up redirectors for 0 collections in 0.000073 seconds (updated 0 objects)
[2018.02.04-03.20.23:953][ 93]LogSlate: Took 0.000225 seconds to synchronously load lazily loaded font '../../../Engine/Content/Slate/Fonts/Roboto-Light.ttf' (159K)
[2018.02.04-03.20.25:597][283]LogSlate: Took 0.000199 seconds to synchronously load lazily loaded font '../../../Engine/Content/Slate/Fonts/Roboto-Light.ttf' (159K)
[2018.02.04-03.20.25:958][283]LogMaterial: Missing cached shader map for material M_GrassMaster, compiling. 
[2018.02.04-03.20.26:184][283]LogAIModule: Creating AISystem for world Level_One
[2018.02.04-03.20.26:232][283]Cmd: MAP LOAD FILE="C:/Users/Cameron/Documents/GitHub/Game1/Game1/Content/Maps/Level_One.umap" TEMPLATE=0 SHOWPROGRESS=1 FEATURELEVEL=3
[2018.02.04-03.20.26:232][283]LightingResults: New page: Lighting Build
[2018.02.04-03.20.26:233][283]LoadErrors: New page: Loading map: Level_One.umap
[2018.02.04-03.20.26:234][283]MapCheck: New page: Map Check
[2018.02.04-03.20.26:234][283]LightingResults: New page: Lighting Build
[2018.02.04-03.20.26:292][283]LogEditorServer: Finished looking for orphan Actors (0.000 secs)
[2018.02.04-03.20.26:335][283]Cmd: MAP CHECKDEP NOCLEARLOG
[2018.02.04-03.20.26:408][283]MapCheck: Map check complete: 0 Error(s), 0 Warning(s), took 73.251ms to complete.
[2018.02.04-03.20.26:408][283]LogFileHelpers: Loading map 'Level_One' took 0.177
[2018.02.04-03.21.31:323][485]LogTemp: Repeating last play command: Selected Viewport
[2018.02.04-03.21.31:480][485]LogPlayLevel: PlayLevel: No blueprints needed recompiling
[2018.02.04-03.21.31:480][485]LogHMD: Initializing OVRPlugin session
[2018.02.04-03.21.33:151][485]PIE: New page: PIE session: Level_One (Feb 3, 2018, 5:21:33 PM)
[2018.02.04-03.21.33:151][485]LogPlayLevel: Creating play world package: /Game/Maps/UEDPIE_0_Level_One
[2018.02.04-03.21.33:239][485]LogPlayLevel: PIE: StaticDuplicateObject took: (0.088217s)
[2018.02.04-03.21.33:240][485]LogAIModule: Creating AISystem for world Level_One
[2018.02.04-03.21.33:240][485]LogPlayLevel: PIE: World Init took: (0.000852s)
[2018.02.04-03.21.33:240][485]LogPlayLevel: PIE: Created PIE world by copying editor world from /Game/Maps/Level_One.Level_One to /Game/Maps/UEDPIE_0_Level_One.Level_One (0.089508s)
[2018.02.04-03.21.33:288][485]LogInit: XAudio2 using 'Headset Earphone (SteelSeries Arctis 7 Chat)' : 1 channels at 48 kHz using 16 bits per sample (channel mask 0x0)
[2018.02.04-03.21.33:354][485]LogInit: FAudioDevice initialized.
[2018.02.04-03.21.33:399][485]LogLoad: Game class is 'FirstPersonGameMode_C'
[2018.02.04-03.21.33:411][485]LogWorld: Bringing World /Game/Maps/UEDPIE_0_Level_One.Level_One up for play (max tick rate 0) at 2018.02.03-22.21.33
[2018.02.04-03.21.33:412][485]LogWorld: Bringing up level for play took: 0.012433
[2018.02.04-03.21.33:451][485]LogContentBrowser: Native class hierarchy updated for 'MovieSceneCapture' in 0.0003 seconds. Added 11 classes and 0 folders.
[2018.02.04-03.21.33:500][485]PIE: Play in editor start time for /Game/Maps/UEDPIE_0_Level_One 1.922
[2018.02.04-03.22.02:759][933]LogSpawn: Warning: SpawnActor failed because of collision at the spawn location [X=-1957.083 Y=-193.090 Z=218.592] for [FirstPersonProjectile_C]
[2018.02.04-03.22.34:968][732]LogTemp: Repeating last play command: Selected Viewport
[2018.02.04-03.22.34:985][732]LogPlayLevel: PlayLevel: No blueprints needed recompiling
[2018.02.04-03.22.34:985][732]LogHMD: Initializing OVRPlugin session
[2018.02.04-03.22.35:010][732]PIE: New page: PIE session: Level_One (Feb 3, 2018, 5:22:35 PM)
[2018.02.04-03.22.35:010][732]LogPlayLevel: Creating play world package: /Game/Maps/UEDPIE_0_Level_One
[2018.02.04-03.22.35:068][732]LogPlayLevel: PIE: StaticDuplicateObject took: (0.058376s)
[2018.02.04-03.22.35:069][732]LogAIModule: Creating AISystem for world Level_One
[2018.02.04-03.22.35:069][732]LogPlayLevel: PIE: World Init took: (0.000912s)
[2018.02.04-03.22.35:069][732]LogPlayLevel: PIE: Created PIE world by copying editor world from /Game/Maps/Level_One.Level_One to /Game/Maps/UEDPIE_0_Level_One.Level_One (0.059801s)
[2018.02.04-03.22.35:095][732]LogInit: XAudio2 using 'Headset Earphone (SteelSeries Arctis 7 Chat)' : 1 channels at 48 kHz using 16 bits per sample (channel mask 0x0)
[2018.02.04-03.22.35:105][732]LogInit: FAudioDevice initialized.
[2018.02.04-03.22.35:136][732]LogLoad: Game class is 'FirstPersonGameMode_C'
[2018.02.04-03.22.35:148][732]LogWorld: Bringing World /Game/Maps/UEDPIE_0_Level_One.Level_One up for play (max tick rate 0) at 2018.02.03-22.22.35
[2018.02.04-03.22.35:148][732]LogWorld: Bringing up level for play took: 0.011859
[2018.02.04-03.22.35:152][732]PIE: Play in editor start time for /Game/Maps/UEDPIE_0_Level_One -0.426
[2018.02.04-03.23.07:875][601]LogTemp: Repeating last play command: Selected Viewport
[2018.02.04-03.23.07:891][601]LogPlayLevel: PlayLevel: No blueprints needed recompiling
[2018.02.04-03.23.07:891][601]LogHMD: Initializing OVRPlugin session
[2018.02.04-03.23.07:915][601]PIE: New page: PIE session: Level_One (Feb 3, 2018, 5:23:07 PM)
[2018.02.04-03.23.07:915][601]LogPlayLevel: Creating play world package: /Game/Maps/UEDPIE_0_Level_One
[2018.02.04-03.23.07:975][601]LogPlayLevel: PIE: StaticDuplicateObject took: (0.059976s)
[2018.02.04-03.23.07:976][601]LogAIModule: Creating AISystem for world Level_One
[2018.02.04-03.23.07:977][601]LogPlayLevel: PIE: World Init took: (0.001266s)
[2018.02.04-03.23.07:977][601]LogPlayLevel: PIE: Created PIE world by copying editor world from /Game/Maps/Level_One.Level_One to /Game/Maps/UEDPIE_0_Level_One.Level_One (0.061668s)
[2018.02.04-03.23.08:003][601]LogInit: XAudio2 using 'Headset Earphone (SteelSeries Arctis 7 Chat)' : 1 channels at 48 kHz using 16 bits per sample (channel mask 0x0)
[2018.02.04-03.23.08:012][601]LogInit: FAudioDevice initialized.
[2018.02.04-03.23.08:043][601]LogLoad: Game class is 'FirstPersonGameMode_C'
[2018.02.04-03.23.08:055][601]LogWorld: Bringing World /Game/Maps/UEDPIE_0_Level_One.Level_One up for play (max tick rate 0) at 2018.02.03-22.23.08
[2018.02.04-03.23.08:056][601]LogWorld: Bringing up level for play took: 0.012093
[2018.02.04-03.23.08:059][601]PIE: Play in editor start time for /Game/Maps/UEDPIE_0_Level_One 0.481
[2018.02.04-03.26.38:954][436]Cmd: TRANSACTION UNDO
[2018.02.04-03.26.38:955][436]LogEditorTransaction: Undo Move Actors
[2018.02.04-03.29.01:099][650]LogActorFactory: Actor Factory created SM_DoorFrame
[2018.02.04-03.29.01:826][716]LogActorFactory: Actor Factory created SM_DoorFrame
[2018.02.04-03.31.16:216][136]Cmd: TRANSACTION UNDO
[2018.02.04-03.31.16:216][136]LogEditorTransaction: Undo Move Actors
[2018.02.04-03.31.22:326][804]Cmd: TRANSACTION UNDO
[2018.02.04-03.31.22:326][804]LogEditorTransaction: Undo Move Actors
[2018.02.04-03.32.11:287][399]LogEditorViewport: Clicking on Actor (LMB): Landscape (Landscape)
[2018.02.04-03.32.13:497][636]LogEditorViewport: Clicking on Actor (LMB): StaticMeshActor (SM_DoorFrame)
[2018.02.04-03.32.44:568][ 84]LogTemp: Repeating last play command: Selected Viewport
[2018.02.04-03.32.44:587][ 84]LogPlayLevel: PlayLevel: No blueprints needed recompiling
[2018.02.04-03.32.44:587][ 84]LogHMD: Initializing OVRPlugin session
[2018.02.04-03.32.44:613][ 84]PIE: New page: PIE session: Level_One (Feb 3, 2018, 5:32:44 PM)
[2018.02.04-03.32.44:613][ 84]LogPlayLevel: Creating play world package: /Game/Maps/UEDPIE_0_Level_One
[2018.02.04-03.32.44:676][ 84]LogPlayLevel: PIE: StaticDuplicateObject took: (0.062789s)
[2018.02.04-03.32.44:677][ 84]LogAIModule: Creating AISystem for world Level_One
[2018.02.04-03.32.44:677][ 84]LogPlayLevel: PIE: World Init took: (0.001018s)
[2018.02.04-03.32.44:678][ 84]LogPlayLevel: PIE: Created PIE world by copying editor world from /Game/Maps/Level_One.Level_One to /Game/Maps/UEDPIE_0_Level_One.Level_One (0.064246s)
[2018.02.04-03.32.44:708][ 84]LogInit: XAudio2 using 'Headset Earphone (SteelSeries Arctis 7 Chat)' : 1 channels at 48 kHz using 16 bits per sample (channel mask 0x0)
[2018.02.04-03.32.44:718][ 84]LogInit: FAudioDevice initialized.
[2018.02.04-03.32.44:748][ 84]LogLoad: Game class is 'FirstPersonGameMode_C'
[2018.02.04-03.32.44:761][ 84]LogWorld: Bringing World /Game/Maps/UEDPIE_0_Level_One.Level_One up for play (max tick rate 0) at 2018.02.03-22.32.44
[2018.02.04-03.32.44:761][ 84]LogWorld: Bringing up level for play took: 0.012367
[2018.02.04-03.32.44:765][ 84]PIE: Play in editor start time for /Game/Maps/UEDPIE_0_Level_One -0.813
[2018.02.04-03.33.13:635][469]LogEditorViewport: Clicking on Actor (LMB): StaticMeshActor (SM_DoorFrame)
[2018.02.04-03.33.36:957][ 10]LogEditorViewport: Clicking on Actor (LMB): Landscape (Landscape)
[2018.02.04-03.33.52:623][722]LogLinker: Warning: Can't find file '/Game/cabins/Default_Material'
[2018.02.04-03.33.52:623][722]LogLinker: Warning: Can't find file for asset '/Game/cabins/Default_Material' while loading C:/Users/Cameron/Documents/GitHub/Game1/Game1/Content/Assets/cabins/Cabin.uasset.
[2018.02.04-03.33.52:623][722]LoadErrors: Error: /Game/Assets/cabins/Cabin : Can't find file for asset. /Game/cabins/Default_Material
[2018.02.04-03.33.52:623][722]LogLinker: Warning: Can't find file '/Game/cabins/lambert1'
[2018.02.04-03.33.52:623][722]LogLinker: Warning: Can't find file for asset '/Game/cabins/lambert1' while loading C:/Users/Cameron/Documents/GitHub/Game1/Game1/Content/Assets/cabins/Cabin.uasset.
[2018.02.04-03.33.52:624][722]LoadErrors: Error: /Game/Assets/cabins/Cabin : Can't find file for asset. /Game/cabins/lambert1
[2018.02.04-03.33.52:624][722]LogLinker: Warning: Can't find file '/Game/cabins/M_Beam'
[2018.02.04-03.33.52:624][722]LogLinker: Warning: Can't find file for asset '/Game/cabins/M_Beam' while loading C:/Users/Cameron/Documents/GitHub/Game1/Game1/Content/Assets/cabins/Cabin.uasset.
[2018.02.04-03.33.52:624][722]LoadErrors: Error: /Game/Assets/cabins/Cabin : Can't find file for asset. /Game/cabins/M_Beam
[2018.02.04-03.33.52:624][722]LogLinker: Warning: Can't find file '/Game/cabins/M_Chimney'
[2018.02.04-03.33.52:624][722]LogLinker: Warning: Can't find file for asset '/Game/cabins/M_Chimney' while loading C:/Users/Cameron/Documents/GitHub/Game1/Game1/Content/Assets/cabins/Cabin.uasset.
[2018.02.04-03.33.52:624][722]LoadErrors: Error: /Game/Assets/cabins/Cabin : Can't find file for asset. /Game/cabins/M_Chimney
[2018.02.04-03.33.52:624][722]LogLinker: Warning: Can't find file '/Game/cabins/M_Door'
[2018.02.04-03.33.52:624][722]LogLinker: Warning: Can't find file for asset '/Game/cabins/M_Door' while loading C:/Users/Cameron/Documents/GitHub/Game1/Game1/Content/Assets/cabins/Cabin.uasset.
[2018.02.04-03.33.52:624][722]LoadErrors: Error: /Game/Assets/cabins/Cabin : Can't find file for asset. /Game/cabins/M_Door
[2018.02.04-03.33.52:624][722]LogLinker: Warning: Can't find file '/Game/cabins/M_Slats'
[2018.02.04-03.33.52:624][722]LogLinker: Warning: Can't find file for asset '/Game/cabins/M_Slats' while loading C:/Users/Cameron/Documents/GitHub/Game1/Game1/Content/Assets/cabins/Cabin.uasset.
[2018.02.04-03.33.52:625][722]LoadErrors: Error: /Game/Assets/cabins/Cabin : Can't find file for asset. /Game/cabins/M_Slats
[2018.02.04-03.33.52:625][722]LogLinker: Warning: Can't find file '/Game/cabins/M_Tiles'
[2018.02.04-03.33.52:625][722]LogLinker: Warning: Can't find file for asset '/Game/cabins/M_Tiles' while loading C:/Users/Cameron/Documents/GitHub/Game1/Game1/Content/Assets/cabins/Cabin.uasset.
[2018.02.04-03.33.52:625][722]LoadErrors: Error: /Game/Assets/cabins/Cabin : Can't find file for asset. /Game/cabins/M_Tiles
[2018.02.04-03.33.52:625][722]LogLinker: Warning: Can't find file '/Game/cabins/M_Window'
[2018.02.04-03.33.52:625][722]LogLinker: Warning: Can't find file for asset '/Game/cabins/M_Window' while loading C:/Users/Cameron/Documents/GitHub/Game1/Game1/Content/Assets/cabins/Cabin.uasset.
[2018.02.04-03.33.52:625][722]LoadErrors: Error: /Game/Assets/cabins/Cabin : Can't find file for asset. /Game/cabins/M_Window
[2018.02.04-03.33.52:625][722]LogLinker: Warning: Can't find file '/Game/cabins/Default_Material'
[2018.02.04-03.33.52:625][722]LogLinker: Warning: Can't find file for asset '/Game/cabins/Default_Material' while loading C:/Users/Cameron/Documents/GitHub/Game1/Game1/Content/Assets/cabins/Cabin.uasset.
[2018.02.04-03.33.52:625][722]LogLinker: Warning: Can't find file '/Game/cabins/lambert1'
[2018.02.04-03.33.52:626][722]LogLinker: Warning: Can't find file for asset '/Game/cabins/lambert1' while loading C:/Users/Cameron/Documents/GitHub/Game1/Game1/Content/Assets/cabins/Cabin.uasset.
[2018.02.04-03.33.52:626][722]LogLinker: Warning: Can't find file '/Game/cabins/M_Beam'
[2018.02.04-03.33.52:626][722]LogLinker: Warning: Can't find file for asset '/Game/cabins/M_Beam' while loading C:/Users/Cameron/Documents/GitHub/Game1/Game1/Content/Assets/cabins/Cabin.uasset.
[2018.02.04-03.33.52:626][722]LogLinker: Warning: Can't find file '/Game/cabins/M_Chimney'
[2018.02.04-03.33.52:626][722]LogLinker: Warning: Can't find file for asset '/Game/cabins/M_Chimney' while loading C:/Users/Cameron/Documents/GitHub/Game1/Game1/Content/Assets/cabins/Cabin.uasset.
[2018.02.04-03.33.52:626][722]LogLinker: Warning: Can't find file '/Game/cabins/M_Door'
[2018.02.04-03.33.52:626][722]LogLinker: Warning: Can't find file for asset '/Game/cabins/M_Door' while loading C:/Users/Cameron/Documents/GitHub/Game1/Game1/Content/Assets/cabins/Cabin.uasset.
[2018.02.04-03.33.52:626][722]LogLinker: Warning: Can't find file '/Game/cabins/M_Slats'
[2018.02.04-03.33.52:626][722]LogLinker: Warning: Can't find file for asset '/Game/cabins/M_Slats' while loading C:/Users/Cameron/Documents/GitHub/Game1/Game1/Content/Assets/cabins/Cabin.uasset.
[2018.02.04-03.33.52:626][722]LogLinker: Warning: Can't find file '/Game/cabins/M_Tiles'
[2018.02.04-03.33.52:627][722]LogLinker: Warning: Can't find file for asset '/Game/cabins/M_Tiles' while loading C:/Users/Cameron/Documents/GitHub/Game1/Game1/Content/Assets/cabins/Cabin.uasset.
[2018.02.04-03.33.52:627][722]LogLinker: Warning: Can't find file '/Game/cabins/M_Window'
[2018.02.04-03.33.52:627][722]LogLinker: Warning: Can't find file for asset '/Game/cabins/M_Window' while loading C:/Users/Cameron/Documents/GitHub/Game1/Game1/Content/Assets/cabins/Cabin.uasset.
[2018.02.04-03.33.52:627][722]LogLinker: Warning: Can't find file '/Game/cabins/M_Slats'
[2018.02.04-03.33.52:628][722]LoadErrors: Failed to load /Game/cabins/M_Slats.M_Slats Referenced by Cabin
[2018.02.04-03.33.52:628][722]LogLinker: Warning: Can't find file for asset '/Game/cabins/M_Slats' while loading NULL.
[2018.02.04-03.33.52:628][722]LogLinker: Warning: Can't find file '/Game/cabins/lambert1'
[2018.02.04-03.33.52:628][722]LoadErrors: Failed to load /Game/cabins/lambert1.lambert1 Referenced by Cabin
[2018.02.04-03.33.52:628][722]LogLinker: Warning: Can't find file for asset '/Game/cabins/lambert1' while loading NULL.
[2018.02.04-03.33.52:628][722]LogLinker: Warning: Can't find file '/Game/cabins/M_Window'
[2018.02.04-03.33.52:628][722]LoadErrors: Failed to load /Game/cabins/M_Window.M_Window Referenced by Cabin
[2018.02.04-03.33.52:628][722]LogLinker: Warning: Can't find file for asset '/Game/cabins/M_Window' while loading NULL.
[2018.02.04-03.33.52:628][722]LogLinker: Warning: Can't find file '/Game/cabins/M_Beam'
[2018.02.04-03.33.52:629][722]LoadErrors: Failed to load /Game/cabins/M_Beam.M_Beam Referenced by Cabin
[2018.02.04-03.33.52:629][722]LogLinker: Warning: Can't find file for asset '/Game/cabins/M_Beam' while loading NULL.
[2018.02.04-03.33.52:629][722]LogLinker: Warning: Can't find file '/Game/cabins/Default_Material'
[2018.02.04-03.33.52:629][722]LoadErrors: Failed to load /Game/cabins/Default_Material.Default_Material Referenced by Cabin
[2018.02.04-03.33.52:629][722]LogLinker: Warning: Can't find file for asset '/Game/cabins/Default_Material' while loading NULL.
[2018.02.04-03.33.52:629][722]LogLinker: Warning: Can't find file '/Game/cabins/M_Tiles'
[2018.02.04-03.33.52:629][722]LoadErrors: Failed to load /Game/cabins/M_Tiles.M_Tiles Referenced by Cabin
[2018.02.04-03.33.52:629][722]LogLinker: Warning: Can't find file for asset '/Game/cabins/M_Tiles' while loading NULL.
[2018.02.04-03.33.52:629][722]LogLinker: Warning: Can't find file '/Game/cabins/M_Chimney'
[2018.02.04-03.33.52:630][722]LoadErrors: Failed to load /Game/cabins/M_Chimney.M_Chimney Referenced by Cabin
[2018.02.04-03.33.52:630][722]LogLinker: Warning: Can't find file for asset '/Game/cabins/M_Chimney' while loading NULL.
[2018.02.04-03.33.52:630][722]LogLinker: Warning: Can't find file '/Game/cabins/M_Door'
[2018.02.04-03.33.52:630][722]LoadErrors: Failed to load /Game/cabins/M_Door.M_Door Referenced by Cabin
[2018.02.04-03.33.52:630][722]LogLinker: Warning: Can't find file for asset '/Game/cabins/M_Door' while loading NULL.
[2018.02.04-03.33.52:630][722]LogLinker: Warning: Can't find file '/Game/cabins/M_Slats'
[2018.02.04-03.33.52:630][722]LogLinker: Warning: Can't find file for asset '/Game/cabins/M_Slats' while loading NULL.
[2018.02.04-03.33.52:630][722]LogLinker: Warning: Can't find file '/Game/cabins/lambert1'
[2018.02.04-03.33.52:631][722]LogLinker: Warning: Can't find file for asset '/Game/cabins/lambert1' while loading NULL.
[2018.02.04-03.33.52:631][722]LogLinker: Warning: Can't find file '/Game/cabins/M_Window'
[2018.02.04-03.33.52:631][722]LogLinker: Warning: Can't find file for asset '/Game/cabins/M_Window' while loading NULL.
[2018.02.04-03.33.52:631][722]LogLinker: Warning: Can't find file '/Game/cabins/M_Beam'
[2018.02.04-03.33.52:631][722]LogLinker: Warning: Can't find file for asset '/Game/cabins/M_Beam' while loading NULL.
[2018.02.04-03.33.52:631][722]LogLinker: Warning: Can't find file '/Game/cabins/Default_Material'
[2018.02.04-03.33.52:632][722]LogLinker: Warning: Can't find file for asset '/Game/cabins/Default_Material' while loading NULL.
[2018.02.04-03.33.52:632][722]LogLinker: Warning: Can't find file '/Game/cabins/M_Tiles'
[2018.02.04-03.33.52:632][722]LogLinker: Warning: Can't find file for asset '/Game/cabins/M_Tiles' while loading NULL.
[2018.02.04-03.33.52:632][722]LogLinker: Warning: Can't find file '/Game/cabins/M_Chimney'
[2018.02.04-03.33.52:632][722]LogLinker: Warning: Can't find file for asset '/Game/cabins/M_Chimney' while loading NULL.
[2018.02.04-03.33.52:632][722]LogLinker: Warning: Can't find file '/Game/cabins/M_Door'
[2018.02.04-03.33.52:632][722]LogLinker: Warning: Can't find file for asset '/Game/cabins/M_Door' while loading NULL.
[2018.02.04-03.33.52:633][722]LogStaticMesh: Building static mesh Cabin...
[2018.02.04-03.33.52:680][722]LogStaticMesh: Built static mesh [0.05s] /Game/Assets/cabins/Cabin.Cabin
[2018.02.04-03.33.52:797][732]LogActorFactory: Actor Factory created Cabin
[2018.02.04-03.33.53:552][802]LogActorFactory: Actor Factory created Cabin
[2018.02.04-03.34.03:021][835]LogEditorViewport: Clicking on Actor (LMB): StaticMeshActor (Cabin)
[2018.02.04-03.34.08:353][387]LogEditorViewport: Clicking on Actor (LMB): StaticMeshActor (Cabin)
[2018.02.04-03.34.11:627][744]LogEditorViewport: Clicking on Actor (LMB): StaticMeshActor (Cabin)
[2018.02.04-03.34.34:774][390]Cmd: DELETE
[2018.02.04-03.34.34:774][390]Cmd: ACTOR DELETE
[2018.02.04-03.34.34:794][390]LogEditorActor: Deleted Actor: StaticMeshActor
[2018.02.04-03.34.34:806][390]LogEditorActor: Deleted 1 Actors (0.031 secs)
[2018.02.04-03.35.01:612][772]Cmd: OBJ SAVEPACKAGE PACKAGE="/Game/Maps/Level_One" FILE="C:/Users/Cameron/Documents/GitHub/Game1/Game1/Saved/Autosaves/Game/Maps/Level_One_Auto1.umap" SILENT=true AUTOSAVING=true KEEPDIRTY=false
[2018.02.04-03.35.03:329][772]LogSlate: Took 0.000182 seconds to synchronously load lazily loaded font '../../../Engine/Content/Slate/Fonts/Roboto-Regular.ttf' (155K)
[2018.02.04-03.35.03:370][772]LogSavePackage: Save=1736.29ms
[2018.02.04-03.35.03:370][772]LogSavePackage: Moving 'C:/Users/Cameron/Documents/GitHub/Game1/Game1/Saved/Level_One_Auto1797013A34CEF132E3D912A84A1F6902A.tmp' to 'C:/Users/Cameron/Documents/GitHub/Game1/Game1/Saved/Autosaves/Game/Maps/Level_One_Auto1.umap'
[2018.02.04-03.35.03:376][772]LogSavePackage: Display: Finished SavePackage C:/Users/Cameron/Documents/GitHub/Game1/Game1/Saved/Autosaves/Game/Maps/Level_One_Auto1.umap
[2018.02.04-03.35.03:380][772]LogFileHelpers: Editor autosave (incl. sublevels) for '/Game/Maps/Level_One' took 1.784
[2018.02.04-03.35.03:380][772]LogFileHelpers: Editor autosave (incl. sublevels) for all levels took 1.784
[2018.02.04-03.35.31:746][854]Cmd: OBJ SAVEPACKAGE PACKAGE="/Game/Maps/Level_One" FILE="C:/Users/Cameron/Documents/GitHub/Game1/Game1/Content/Maps/Level_One.umap" SILENT=true AUTOSAVING=false KEEPDIRTY=false
[2018.02.04-03.35.32:899][854]LogSavePackage: Save=1129.39ms
[2018.02.04-03.35.32:899][854]LogSavePackage: Moving 'C:/Users/Cameron/Documents/GitHub/Game1/Game1/Saved/Level_One63EF31EC49647828FEB148B69F9D640A.tmp' to 'C:/Users/Cameron/Documents/GitHub/Game1/Game1/Content/Maps/Level_One.umap'
[2018.02.04-03.35.32:905][854]LogSavePackage: Display: Finished SavePackage C:/Users/Cameron/Documents/GitHub/Game1/Game1/Content/Maps/Level_One.umap
[2018.02.04-03.35.32:929][854]LogFileHelpers: Saving map 'Level_One' took 1.260
[2018.02.04-03.35.33:300][855]Cmd: QUIT_EDITOR
[2018.02.04-03.35.33:763][855]LogWindowsTextInputMethodSystem: Display: IME system now deactivated.
[2018.02.04-03.35.33:774][855]LogExit: Preparing to exit.
[2018.02.04-03.35.34:440][855]LogExit: Editor shut down
[2018.02.04-03.35.34:450][855]LogExit: Transaction tracking system shut down
[2018.02.04-03.35.34:651][855]LogDirectoryWatcher: A directory notification for '../../../Engine/Content/' was aborted.
[2018.02.04-03.35.34:651][855]LogDirectoryWatcher: A directory notification for 'C:/Users/Cameron/Documents/GitHub/Game1/Game1/Content/' was aborted.
[2018.02.04-03.35.34:651][855]LogDirectoryWatcher: A directory notification for '../../../Engine/Plugins/2D/Paper2D/Content/' was aborted.
[2018.02.04-03.35.34:651][855]LogDirectoryWatcher: A directory notification for '../../../Engine/Plugins/Media/MediaCompositing/Content/' was aborted.
[2018.02.04-03.35.34:651][855]LogDirectoryWatcher: A directory notification for '../../../Engine/Plugins/Runtime/AppleARKit/Content/' was aborted.
[2018.02.04-03.35.34:651][855]LogDirectoryWatcher: A directory notification for '../../../Engine/Plugins/Runtime/Oculus/OculusVR/Content/' was aborted.
[2018.02.04-03.35.34:651][855]LogDirectoryWatcher: A directory notification for '../../../Engine/Plugins/Runtime/Steam/SteamVR/Content/' was aborted.
[2018.02.04-03.35.34:713][855]LogExit: Object subsystem successfully closed.
[2018.02.04-03.35.34:734][855]LogD3D11RHI: Shutdown
[2018.02.04-03.35.34:734][855]LogD3D11RHI: CleanupD3DDevice
[2018.02.04-03.35.34:737][855]LogD3D11RHI: ~FD3D11DynamicRHI
[2018.02.04-03.35.34:761][855]LogModuleManager: Shutting down and abandoning module MovieSceneCapture (550)
[2018.02.04-03.35.34:761][855]LogModuleManager: Shutting down and abandoning module HierarchicalLODOutliner (548)
[2018.02.04-03.35.34:761][855]LogModuleManager: Shutting down and abandoning module SceneOutliner (546)
[2018.02.04-03.35.34:761][855]LogModuleManager: Shutting down and abandoning module AddContentDialog (544)
[2018.02.04-03.35.34:761][855]LogDirectoryWatcher: A directory notification for 'E:/UE_4.18/FeaturePacks/' was aborted.
[2018.02.04-03.35.34:762][855]LogModuleManager: Shutting down and abandoning module WidgetCarousel (543)
[2018.02.04-03.35.34:762][855]LogModuleManager: Shutting down and abandoning module EditorWidgets (540)
[2018.02.04-03.35.34:762][855]LogModuleManager: Shutting down and abandoning module CollectionManager (538)
[2018.02.04-03.35.34:762][855]LogDirectoryWatcher: A directory notification for 'C:/Users/Cameron/Documents/GitHub/Game1/Game1/Content/Collections/' was aborted.
[2018.02.04-03.35.34:763][855]LogDirectoryWatcher: A directory notification for 'C:/Users/Cameron/Documents/GitHub/Game1/Game1/Content/Developers/Cameron/Collections/' was aborted.
[2018.02.04-03.35.34:763][855]LogDirectoryWatcher: A directory notification for 'C:/Users/Cameron/Documents/GitHub/Game1/Game1/Saved/Collections/' was aborted.
[2018.02.04-03.35.34:763][855]LogModuleManager: Shutting down and abandoning module StatsViewer (536)
[2018.02.04-03.35.34:763][855]LogModuleManager: Shutting down and abandoning module FoliageEdit (534)
[2018.02.04-03.35.34:763][855]LogModuleManager: Shutting down and abandoning module LandscapeEditor (532)
[2018.02.04-03.35.34:763][855]LogModuleManager: Shutting down and abandoning module MeshPaintMode (530)
[2018.02.04-03.35.34:763][855]LogModuleManager: Shutting down and abandoning module SceneDepthPickerMode (528)
[2018.02.04-03.35.34:763][855]LogModuleManager: Shutting down and abandoning module ActorPickerMode (526)
[2018.02.04-03.35.34:763][855]LogModuleManager: Shutting down and abandoning module GeometryMode (524)
[2018.02.04-03.35.34:763][855]LogModuleManager: Shutting down and abandoning module TextureAlignMode (522)
[2018.02.04-03.35.34:763][855]LogModuleManager: Shutting down and abandoning module BspMode (520)
[2018.02.04-03.35.34:763][855]LogModuleManager: Shutting down and abandoning module PIEPreviewDeviceProfileSelector (518)
[2018.02.04-03.35.34:763][855]LogModuleManager: Shutting down and abandoning module HardwareSurvey (516)
[2018.02.04-03.35.34:763][855]LogModuleManager: Shutting down and abandoning module SequenceRecorderSections (514)
[2018.02.04-03.35.34:763][855]LogModuleManager: Shutting down and abandoning module AutomationWorker (512)
[2018.02.04-03.35.34:763][855]LogModuleManager: Shutting down and abandoning module MatineeToLevelSequence (510)
[2018.02.04-03.35.34:763][855]LogModuleManager: Shutting down and abandoning module LevelSequenceEditor (508)
[2018.02.04-03.35.34:763][855]LogModuleManager: Shutting down and abandoning module PlacementMode (507)
[2018.02.04-03.35.34:763][855]LogModuleManager: Shutting down and abandoning module WmfMediaFactory (504)
[2018.02.04-03.35.34:763][855]LogModuleManager: Shutting down and abandoning module WmfMediaEditor (502)
[2018.02.04-03.35.34:763][855]LogModuleManager: Shutting down and abandoning module OpenExrWrapper (500)
[2018.02.04-03.35.34:763][855]LogModuleManager: Shutting down and abandoning module ImgMediaFactory (498)
[2018.02.04-03.35.34:763][855]LogModuleManager: Shutting down and abandoning module ImgMediaEditor (496)
[2018.02.04-03.35.34:763][855]LogModuleManager: Shutting down and abandoning module AvfMediaFactory (494)
[2018.02.04-03.35.34:763][855]LogModuleManager: Shutting down and abandoning module AvfMediaEditor (492)
[2018.02.04-03.35.34:763][855]LogModuleManager: Shutting down and abandoning module AndroidMediaFactory (490)
[2018.02.04-03.35.34:763][855]LogModuleManager: Shutting down and abandoning module AndroidMediaEditor (488)
[2018.02.04-03.35.34:763][855]LogModuleManager: Shutting down and abandoning module CharacterAI (486)
[2018.02.04-03.35.34:763][855]LogModuleManager: Shutting down and abandoning module AudioCapture (484)
[2018.02.04-03.35.34:763][855]LogModuleManager: Shutting down and abandoning module SequenceRecorder (483)
[2018.02.04-03.35.34:763][855]LogModuleManager: Shutting down and abandoning module SmartSnapping (480)
[2018.02.04-03.35.34:763][855]LogModuleManager: Shutting down and abandoning module SessionServices (478)
[2018.02.04-03.35.34:764][855]LogModuleManager: Shutting down and abandoning module ViewportSnapping (476)
[2018.02.04-03.35.34:764][855]LogModuleManager: Shutting down and abandoning module ViewportInteraction (474)
[2018.02.04-03.35.34:764][855]LogModuleManager: Shutting down and abandoning module ClothPainter (472)
[2018.02.04-03.35.34:764][855]LogModuleManager: Shutting down and abandoning module SkeletalMeshEditor (471)
[2018.02.04-03.35.34:764][855]LogModuleManager: Shutting down and abandoning module LogVisualizer (468)
[2018.02.04-03.35.34:764][855]LogModuleManager: Shutting down and abandoning module IntroTutorials (466)
[2018.02.04-03.35.34:764][855]LogModuleManager: Shutting down and abandoning module GameProjectGeneration (465)
[2018.02.04-03.35.34:764][855]LogModuleManager: Shutting down and abandoning module IOSPlatformEditor (462)
[2018.02.04-03.35.34:764][855]LogModuleManager: Shutting down and abandoning module HTML5PlatformEditor (460)
[2018.02.04-03.35.34:764][855]LogModuleManager: Shutting down and abandoning module AndroidPlatformEditor (458)
[2018.02.04-03.35.34:764][855]LogModuleManager: Shutting down and abandoning module AndroidDeviceDetection (457)
[2018.02.04-03.35.35:272][855]LogModuleManager: Shutting down and abandoning module WindowsPlatformEditor (454)
[2018.02.04-03.35.35:272][855]LogModuleManager: Shutting down and abandoning module IOSRuntimeSettings (452)
[2018.02.04-03.35.35:272][855]LogModuleManager: Shutting down and abandoning module AndroidRuntimeSettings (450)
[2018.02.04-03.35.35:272][855]LogModuleManager: Shutting down and abandoning module InputBindingEditor (448)
[2018.02.04-03.35.35:272][855]LogModuleManager: Shutting down and abandoning module MergeActors (446)
[2018.02.04-03.35.35:272][855]LogModuleManager: Shutting down and abandoning module SizeMap (444)
[2018.02.04-03.35.35:272][855]LogModuleManager: Shutting down and abandoning module TreeMap (442)
[2018.02.04-03.35.35:272][855]LogModuleManager: Shutting down and abandoning module ReferenceViewer (440)
[2018.02.04-03.35.35:272][855]LogModuleManager: Shutting down and abandoning module LocalizationDashboard (438)
[2018.02.04-03.35.35:272][855]LogModuleManager: Shutting down and abandoning module LocalizationService (437)
[2018.02.04-03.35.35:272][855]LogModuleManager: Shutting down and abandoning module HardwareTargeting (434)
[2018.02.04-03.35.35:272][855]LogModuleManager: Shutting down and abandoning module DeviceProfileEditor (432)
[2018.02.04-03.35.35:272][855]LogModuleManager: Shutting down and abandoning module UndoHistory (430)
[2018.02.04-03.35.35:272][855]LogModuleManager: Shutting down and abandoning module XmlParser (428)
[2018.02.04-03.35.35:272][855]LogModuleManager: Shutting down and abandoning module Blutility (426)
[2018.02.04-03.35.35:273][855]LogModuleManager: Shutting down and abandoning module ProjectSettingsViewer (424)
[2018.02.04-03.35.35:273][855]LogModuleManager: Shutting down and abandoning module ProjectTargetPlatformEditor (423)
[2018.02.04-03.35.35:273][855]LogModuleManager: Shutting down and abandoning module EditorSettingsViewer (420)
[2018.02.04-03.35.35:273][855]LogModuleManager: Shutting down and abandoning module SettingsEditor (418)
[2018.02.04-03.35.35:273][855]LogModuleManager: Shutting down and abandoning module ProjectLauncher (416)
[2018.02.04-03.35.35:273][855]LogModuleManager: Shutting down and abandoning module SessionFrontend (414)
[2018.02.04-03.35.35:273][855]LogModuleManager: Shutting down and abandoning module ProfilerClient (412)
[2018.02.04-03.35.35:273][855]LogModuleManager: Shutting down and abandoning module DeviceManager (410)
[2018.02.04-03.35.35:273][855]LogModuleManager: Shutting down and abandoning module TargetDeviceServices (409)
[2018.02.04-03.35.35:326][855]LogModuleManager: Shutting down and abandoning module AutomationController (406)
[2018.02.04-03.35.35:326][855]LogModuleManager: Shutting down and abandoning module AutomationWindow (404)
[2018.02.04-03.35.35:326][855]LogModuleManager: Shutting down and abandoning module Layers (402)
[2018.02.04-03.35.35:326][855]LogModuleManager: Shutting down and abandoning module ComponentVisualizers (400)
[2018.02.04-03.35.35:326][855]LogModuleManager: Shutting down and abandoning module DetailCustomizations (398)
[2018.02.04-03.35.35:326][855]LogModuleManager: Shutting down and abandoning module PackagesDialog (396)
[2018.02.04-03.35.35:326][855]LogModuleManager: Shutting down and abandoning module Persona (394)
[2018.02.04-03.35.35:326][855]LogModuleManager: Shutting down and abandoning module AdvancedPreviewScene (393)
[2018.02.04-03.35.35:326][855]LogModuleManager: Shutting down and abandoning module AnimGraph (391)
[2018.02.04-03.35.35:326][855]LogModuleManager: Shutting down and abandoning module Kismet (388)
[2018.02.04-03.35.35:327][855]LogModuleManager: Shutting down and abandoning module ClassViewer (386)
[2018.02.04-03.35.35:327][855]LogModuleManager: Shutting down and abandoning module Toolbox (384)
[2018.02.04-03.35.35:327][855]LogModuleManager: Shutting down and abandoning module ModuleUI (382)
[2018.02.04-03.35.35:327][855]LogModuleManager: Shutting down and abandoning module MovieSceneTools (380)
[2018.02.04-03.35.35:327][855]LogModuleManager: Shutting down and abandoning module OutputLog (378)
[2018.02.04-03.35.35:327][855]LogModuleManager: Shutting down and abandoning module GammaUI (376)
[2018.02.04-03.35.35:327][855]LogModuleManager: Shutting down and abandoning module Documentation (374)
[2018.02.04-03.35.35:327][855]LogModuleManager: Shutting down and abandoning module MovieSceneTracks (372)
[2018.02.04-03.35.35:327][855]LogModuleManager: Shutting down and abandoning module MovieScene (370)
[2018.02.04-03.35.35:327][855]LogModuleManager: Shutting down and abandoning module StreamingPauseRendering (368)
[2018.02.04-03.35.35:327][855]LogModuleManager: Shutting down and abandoning module LauncherPlatform (366)
[2018.02.04-03.35.35:327][855]LogModuleManager: Shutting down and abandoning module AnalyticsET (364)
[2018.02.04-03.35.35:327][855]LogModuleManager: Shutting down and abandoning module PortalServices (362)
[2018.02.04-03.35.35:327][855]LogModuleManager: Shutting down and abandoning module PortalRpc (360)
[2018.02.04-03.35.35:327][855]LogModuleManager: Shutting down and abandoning module MessagingRpc (358)
[2018.02.04-03.35.35:327][855]LogModuleManager: Shutting down and abandoning module AIModule (356)
[2018.02.04-03.35.35:327][855]LogModuleManager: Shutting down and abandoning module GameplayDebugger (355)
[2018.02.04-03.35.35:327][855]LogModuleManager: Shutting down and abandoning module AITestSuite (353)
[2018.02.04-03.35.35:327][855]LogModuleManager: Shutting down and abandoning module DesktopPlatform (350)
[2018.02.04-03.35.35:327][855]LogModuleManager: Shutting down and abandoning module ProfilerService (348)
[2018.02.04-03.35.35:395][855]LogModuleManager: Shutting down and abandoning module TaskGraph (346)
[2018.02.04-03.35.35:395][855]LogModuleManager: Shutting down and abandoning module SteamVRController (344)
[2018.02.04-03.35.35:395][855]LogModuleManager: Shutting down and abandoning module ProceduralMeshComponentEditor (342)
[2018.02.04-03.35.35:395][855]LogModuleManager: Shutting down and abandoning module ProceduralMeshComponent (340)
[2018.02.04-03.35.35:395][855]LogModuleManager: Shutting down and abandoning module OculusInput (338)
[2018.02.04-03.35.35:395][855]LogModuleManager: Shutting down and abandoning module MobilePatchingUtils (336)
[2018.02.04-03.35.35:395][855]LogModuleManager: Shutting down and abandoning module CustomMeshComponent (334)
[2018.02.04-03.35.35:395][855]LogModuleManager: Shutting down and abandoning module CableComponent (332)
[2018.02.04-03.35.35:395][855]LogModuleManager: Shutting down and abandoning module ArchVisCharacter (330)
[2018.02.04-03.35.35:395][855]LogModuleManager: Shutting down and abandoning module AndroidPermission (328)
[2018.02.04-03.35.35:395][855]LogModuleManager: Shutting down and abandoning module ActorSequence (324)
[2018.02.04-03.35.35:395][855]LogModuleManager: Shutting down and abandoning module MediaPlayerEditor (322)
[2018.02.04-03.35.35:395][855]LogModuleManager: Shutting down and abandoning module MediaCompositingEditor (320)
[2018.02.04-03.35.35:395][855]LogModuleManager: Shutting down and abandoning module MediaCompositing (318)
[2018.02.04-03.35.35:395][855]LogModuleManager: Shutting down and abandoning module HTML5Networking (316)
[2018.02.04-03.35.35:395][855]LogModuleManager: Shutting down and abandoning module AlembicImporter (314)
[2018.02.04-03.35.35:395][855]LogModuleManager: Shutting down and abandoning module AlembicLibrary (313)
[2018.02.04-03.35.35:395][855]LogModuleManager: Shutting down and abandoning module GeometryCache (312)
[2018.02.04-03.35.35:395][855]LogModuleManager: Shutting down and abandoning module GeometryCacheEd (311)
[2018.02.04-03.35.35:395][855]LogModuleManager: Shutting down and abandoning module SpeedTreeImporter (306)
[2018.02.04-03.35.35:395][855]LogModuleManager: Shutting down and abandoning module PluginBrowser (304)
[2018.02.04-03.35.35:395][855]LogModuleManager: Shutting down and abandoning module MobileLauncherProfileWizard (302)
[2018.02.04-03.35.35:395][855]LogModuleManager: Shutting down and abandoning module VisualStudioSourceCodeAccess (300)
[2018.02.04-03.35.35:395][855]LogModuleManager: Shutting down and abandoning module VisualStudioCodeSourceCodeAccess (298)
[2018.02.04-03.35.35:395][855]LogModuleManager: Shutting down and abandoning module UObjectPlugin (296)
[2018.02.04-03.35.35:395][855]LogModuleManager: Shutting down and abandoning module SubversionSourceControl (294)
[2018.02.04-03.35.35:395][855]LogModuleManager: Shutting down and abandoning module PerforceSourceControl (292)
[2018.02.04-03.35.35:395][855]LogModuleManager: Shutting down and abandoning module GitSourceControl (290)
[2018.02.04-03.35.35:395][855]LogModuleManager: Shutting down and abandoning module SourceControl (289)
[2018.02.04-03.35.35:395][855]LogModuleManager: Shutting down and abandoning module LightPropagationVolumeEditor (286)
[2018.02.04-03.35.35:395][855]LogModuleManager: Shutting down and abandoning module PaperTiledImporter (284)
[2018.02.04-03.35.35:395][855]LogModuleManager: Shutting down and abandoning module PaperSpriteSheetImporter (282)
[2018.02.04-03.35.35:395][855]LogModuleManager: Shutting down and abandoning module Paper2DEditor (280)
[2018.02.04-03.35.35:396][855]LogModuleManager: Shutting down and abandoning module MeshPaint (279)
[2018.02.04-03.35.35:396][855]LogModuleManager: Shutting down and abandoning module LevelEditor (277)
[2018.02.04-03.35.35:397][855]LogModuleManager: Shutting down and abandoning module PixelInspectorModule (276)
[2018.02.04-03.35.35:397][855]LogModuleManager: Shutting down and abandoning module MainFrame (274)
[2018.02.04-03.35.35:397][855]LogModuleManager: Shutting down and abandoning module HotReload (273)
[2018.02.04-03.35.35:397][855]LogModuleManager: Shutting down and abandoning module RuntimePhysXCooking (268)
[2018.02.04-03.35.35:397][855]LogModuleManager: Shutting down and abandoning module PhysXVehiclesEditor (266)
[2018.02.04-03.35.35:397][855]LogModuleManager: Shutting down and abandoning module PhysXVehicles (264)
[2018.02.04-03.35.35:397][855]LogModuleManager: Shutting down and abandoning module OculusEditor (262)
[2018.02.04-03.35.35:397][855]LogModuleManager: Shutting down and abandoning module LocationServicesBPLibrary (260)
[2018.02.04-03.35.35:397][855]LogModuleManager: Shutting down and abandoning module ImmediatePhysicsEditor (258)
[2018.02.04-03.35.35:397][855]LogModuleManager: Shutting down and abandoning module ImmediatePhysics (256)
[2018.02.04-03.35.35:397][855]LogModuleManager: Shutting down and abandoning module UdpMessaging (254)
[2018.02.04-03.35.35:498][855]LogModuleManager: Shutting down and abandoning module TcpMessaging (252)
[2018.02.04-03.35.35:598][855]LogModuleManager: Shutting down and abandoning module GameplayTagsEditor (250)
[2018.02.04-03.35.35:598][855]LogModuleManager: Shutting down and abandoning module FacialAnimationEditor (248)
[2018.02.04-03.35.35:598][855]LogModuleManager: Shutting down and abandoning module FacialAnimation (246)
[2018.02.04-03.35.35:598][855]LogModuleManager: Shutting down and abandoning module AssetManagerEditor (244)
[2018.02.04-03.35.35:598][855]LogModuleManager: Shutting down and abandoning module GraphEditor (243)
[2018.02.04-03.35.35:598][855]LogModuleManager: Shutting down and abandoning module ContentBrowser (241)
[2018.02.04-03.35.35:599][855]LogModuleManager: Shutting down and abandoning module LightPropagationVolumeRuntime (238)
[2018.02.04-03.35.35:599][855]LogModuleManager: Shutting down and abandoning module Paper2D (236)
[2018.02.04-03.35.35:599][855]LogModuleManager: Shutting down and abandoning module WindowsMoviePlayer (234)
[2018.02.04-03.35.35:600][855]LogModuleManager: Shutting down and abandoning module WmfMedia (232)
[2018.02.04-03.35.35:602][855]LogModuleManager: Shutting down and abandoning module ImgMedia (230)
[2018.02.04-03.35.35:602][855]LogModuleManager: Shutting down and abandoning module PacketHandler (228)
[2018.02.04-03.35.35:602][855]LogModuleManager: Shutting down and abandoning module ClothingSystemEditor (226)
[2018.02.04-03.35.35:602][855]LogModuleManager: Shutting down and abandoning module ClothingSystemRuntime (224)
[2018.02.04-03.35.35:602][855]LogModuleManager: Shutting down and abandoning module MediaAssets (222)
[2018.02.04-03.35.35:602][855]LogModuleManager: Shutting down and abandoning module Media (221)
[2018.02.04-03.35.35:608][855]LogModuleManager: Shutting down and abandoning module Overlay (218)
[2018.02.04-03.35.35:608][855]LogModuleManager: Shutting down and abandoning module OverlayEditor (217)
[2018.02.04-03.35.35:608][855]LogModuleManager: Shutting down and abandoning module VREditor (214)
[2018.02.04-03.35.35:608][855]LogModuleManager: Shutting down and abandoning module StringTableEditor (212)
[2018.02.04-03.35.35:608][855]LogModuleManager: Shutting down and abandoning module GameplayTasksEditor (210)
[2018.02.04-03.35.35:608][855]LogModuleManager: Shutting down and abandoning module BehaviorTreeEditor (208)
[2018.02.04-03.35.35:608][855]LogModuleManager: Shutting down and abandoning module FunctionalTesting (206)
[2018.02.04-03.35.35:608][855]LogModuleManager: Shutting down and abandoning module CollisionAnalyzer (204)
[2018.02.04-03.35.35:608][855]LogModuleManager: Shutting down and abandoning module WorkspaceMenuStructure (203)
[2018.02.04-03.35.35:608][855]LogModuleManager: Shutting down and abandoning module UMG (200)
[2018.02.04-03.35.35:608][855]LogModuleManager: Shutting down and abandoning module UMGEditor (199)
[2018.02.04-03.35.35:608][855]LogModuleManager: Shutting down and abandoning module Sequencer (198)
[2018.02.04-03.35.35:608][855]LogModuleManager: Shutting down and abandoning module MessageLog (195)
[2018.02.04-03.35.35:608][855]LogModuleManager: Shutting down and abandoning module SlateReflector (190)
[2018.02.04-03.35.35:609][855]LogModuleManager: Shutting down and abandoning module Slate (188)
[2018.02.04-03.35.35:609][855]LogModuleManager: Shutting down and abandoning module EditorStyle (186)
[2018.02.04-03.35.35:611][855]LogModuleManager: Shutting down and abandoning module MRMesh (184)
[2018.02.04-03.35.35:611][855]LogModuleManager: Shutting down and abandoning module SourceCodeAccess (182)
[2018.02.04-03.35.35:611][855]LogModuleManager: Shutting down and abandoning module HeadMountedDisplay (180)
[2018.02.04-03.35.35:611][855]LogModuleManager: Shutting down and abandoning module XAudio2 (178)
[2018.02.04-03.35.35:611][855]LogModuleManager: Shutting down and abandoning module Networking (176)
[2018.02.04-03.35.35:611][855]LogModuleManager: Shutting down and abandoning module Core (172)
[2018.02.04-03.35.35:611][855]LogModuleManager: Shutting down and abandoning module LevelSequence (168)
[2018.02.04-03.35.35:611][855]LogModuleManager: Shutting down and abandoning module DirectoryWatcher (166)
[2018.02.04-03.35.35:612][855]LogModuleManager: Shutting down and abandoning module KismetCompiler (164)
[2018.02.04-03.35.35:612][855]LogModuleManager: Shutting down and abandoning module MeshUtilities (162)
[2018.02.04-03.35.35:612][855]LogModuleManager: Shutting down and abandoning module MeshMergeUtilities (161)
[2018.02.04-03.35.35:612][855]LogModuleManager: Shutting down and abandoning module MeshReductionInterface (160)
[2018.02.04-03.35.35:612][855]LogModuleManager: Shutting down and abandoning module SimplygonSwarm (159)
[2018.02.04-03.35.35:612][855]LogModuleManager: Shutting down and abandoning module SimplygonMeshReduction (157)
[2018.02.04-03.35.35:612][855]LogModuleManager: Shutting down and abandoning module QuadricMeshReduction (155)
[2018.02.04-03.35.35:613][855]LogModuleManager: Shutting down and abandoning module MaterialBaking (151)
[2018.02.04-03.35.35:613][855]LogModuleManager: Shutting down and abandoning module DerivedDataCache (148)
[2018.02.04-03.35.35:707][855]LogDerivedDataCache: Shutdown
[2018.02.04-03.35.35:707][855]LogModuleManager: Shutting down and abandoning module TargetPlatform (146)
[2018.02.04-03.35.35:707][855]LogModuleManager: Shutting down and abandoning module VulkanShaderFormat (145)
[2018.02.04-03.35.35:707][855]LogModuleManager: Shutting down and abandoning module ShaderFormatVectorVM (143)
[2018.02.04-03.35.35:707][855]LogModuleManager: Shutting down and abandoning module ShaderFormatOpenGL (141)
[2018.02.04-03.35.35:707][855]LogModuleManager: Shutting down and abandoning module ShaderFormatD3D (139)
[2018.02.04-03.35.35:707][855]LogModuleManager: Shutting down and abandoning module MetalShaderFormat (137)
[2018.02.04-03.35.35:707][855]LogModuleManager: Shutting down and abandoning module TextureFormatUncompressed (135)
[2018.02.04-03.35.35:707][855]LogModuleManager: Shutting down and abandoning module TextureFormatPVR (133)
[2018.02.04-03.35.35:707][855]LogModuleManager: Shutting down and abandoning module TextureFormatDXT (131)
[2018.02.04-03.35.35:707][855]LogModuleManager: Shutting down and abandoning module TextureFormatIntelISPCTexComp (129)
[2018.02.04-03.35.35:707][855]LogModuleManager: Shutting down and abandoning module TextureFormatASTC (127)
[2018.02.04-03.35.35:707][855]LogModuleManager: Shutting down and abandoning module ImageWrapper (126)
[2018.02.04-03.35.35:707][855]LogModuleManager: Shutting down and abandoning module TextureFormatAndroid (123)
[2018.02.04-03.35.35:707][855]LogModuleManager: Shutting down and abandoning module AudioFormatOpus (121)
[2018.02.04-03.35.35:707][855]LogModuleManager: Shutting down and abandoning module AudioFormatOgg (119)
[2018.02.04-03.35.35:707][855]LogModuleManager: Shutting down and abandoning module AudioFormatADPCM (117)
[2018.02.04-03.35.35:707][855]LogModuleManager: Shutting down and abandoning module LinuxTargetPlatform (115)
[2018.02.04-03.35.35:707][855]LogModuleManager: Shutting down and abandoning module LinuxServerTargetPlatform (113)
[2018.02.04-03.35.35:707][855]LogModuleManager: Shutting down and abandoning module LinuxNoEditorTargetPlatform (111)
[2018.02.04-03.35.35:707][855]LogModuleManager: Shutting down and abandoning module LinuxClientTargetPlatform (109)
[2018.02.04-03.35.35:707][855]LogModuleManager: Shutting down and abandoning module TVOSTargetPlatform (107)
[2018.02.04-03.35.35:707][855]LogModuleManager: Shutting down and abandoning module Messaging (105)
[2018.02.04-03.35.35:707][855]LogModuleManager: Shutting down and abandoning module IOSTargetPlatform (103)
[2018.02.04-03.35.35:707][855]LogModuleManager: Shutting down and abandoning module HTML5TargetPlatform (101)
[2018.02.04-03.35.35:707][855]LogModuleManager: Shutting down and abandoning module AndroidTargetPlatform (99)
[2018.02.04-03.35.35:707][855]LogModuleManager: Shutting down and abandoning module Android_PVRTCTargetPlatform (97)
[2018.02.04-03.35.35:707][855]LogModuleManager: Shutting down and abandoning module Android_MultiTargetPlatform (95)
[2018.02.04-03.35.35:707][855]LogModuleManager: Shutting down and abandoning module Android_ETC2TargetPlatform (93)
[2018.02.04-03.35.35:707][855]LogModuleManager: Shutting down and abandoning module Android_ETC1TargetPlatform (91)
[2018.02.04-03.35.35:707][855]LogModuleManager: Shutting down and abandoning module Android_DXTTargetPlatform (89)
[2018.02.04-03.35.35:707][855]LogModuleManager: Shutting down and abandoning module Android_ATCTargetPlatform (87)
[2018.02.04-03.35.35:707][855]LogModuleManager: Shutting down and abandoning module Android_ASTCTargetPlatform (85)
[2018.02.04-03.35.35:707][855]LogModuleManager: Shutting down and abandoning module WindowsTargetPlatform (83)
[2018.02.04-03.35.35:707][855]LogModuleManager: Shutting down and abandoning module WindowsServerTargetPlatform (81)
[2018.02.04-03.35.35:707][855]LogModuleManager: Shutting down and abandoning module WindowsNoEditorTargetPlatform (79)
[2018.02.04-03.35.35:707][855]LogModuleManager: Shutting down and abandoning module WindowsClientTargetPlatform (77)
[2018.02.04-03.35.35:707][855]LogModuleManager: Shutting down and abandoning module MacTargetPlatform (75)
[2018.02.04-03.35.35:708][855]LogModuleManager: Shutting down and abandoning module MacServerTargetPlatform (73)
[2018.02.04-03.35.35:708][855]LogModuleManager: Shutting down and abandoning module MacNoEditorTargetPlatform (71)
[2018.02.04-03.35.35:708][855]LogModuleManager: Shutting down and abandoning module MacClientTargetPlatform (69)
[2018.02.04-03.35.35:708][855]LogModuleManager: Shutting down and abandoning module AllDesktopTargetPlatform (67)
[2018.02.04-03.35.35:708][855]LogModuleManager: Shutting down and abandoning module InputCore (64)
[2018.02.04-03.35.35:708][855]LogModuleManager: Shutting down and abandoning module Settings (62)
[2018.02.04-03.35.35:708][855]LogModuleManager: Shutting down and abandoning module PhysXCooking (60)
[2018.02.04-03.35.35:708][855]LogModuleManager: Shutting down and abandoning module SteamVR (58)
[2018.02.04-03.35.35:708][855]LogModuleManager: Shutting down and abandoning module OculusHMD (56)
[2018.02.04-03.35.35:708][855]LogModuleManager: Shutting down and abandoning module ExampleDeviceProfileSelector (54)
[2018.02.04-03.35.35:708][855]LogModuleManager: Shutting down and abandoning module AppleARKit (52)
[2018.02.04-03.35.35:708][855]LogModuleManager: Shutting down and abandoning module AugmentedReality (51)
[2018.02.04-03.35.35:708][855]LogModuleManager: Shutting down and abandoning module OnlineBlueprintSupport (48)
[2018.02.04-03.35.35:708][855]LogModuleManager: Shutting down and abandoning module OnlineSubsystem (44)
[2018.02.04-03.35.35:708][855]LogModuleManager: Shutting down and abandoning module XMPP (43)
[2018.02.04-03.35.35:708][855]LogModuleManager: Shutting down and abandoning module HTTP (41)
[2018.02.04-03.35.35:708][855]LogHttp: Display: Http module shutting down, but needs to wait on 1 outstanding Http requests:
[2018.02.04-03.35.35:708][855]LogHttp: Display: 	verb=[POST] url=[https://datarouter.ol.epicgames.com/datarouter/api/v1/public/data?SessionID=%7B14FBA052-4DCD-3ECC-590C-51BC3B0342D9%7D&AppID=UEEditor.Rocket.Release&AppVersion=4.18.3-3832480%2B%2B%2BUE4%2BRelease-4.18&UserID=53b19e1a4c66008f887ef79341d17316%7Cd5951a104dca4ad0a06bb7043cc25760%7C10cd45eb-d778-418f-954e-16fdba5101c0&AppEnvironment=datacollector-binary&UploadType=eteventstream] status=Processing
[2018.02.04-03.35.35:727][855]LogModuleManager: Shutting down and abandoning module SSL (40)
[2018.02.04-03.35.35:728][855]LogModuleManager: Shutting down and abandoning module AnimationModifiers (36)
[2018.02.04-03.35.35:728][855]LogModuleManager: Shutting down and abandoning module PropertyEditor (35)
[2018.02.04-03.35.35:728][855]LogModuleManager: Shutting down and abandoning module AudioEditor (32)
[2018.02.04-03.35.35:728][855]LogModuleManager: Shutting down and abandoning module TextureCompressor (30)
[2018.02.04-03.35.35:728][855]LogModuleManager: Shutting down and abandoning module ShaderCore (28)
[2018.02.04-03.35.35:728][855]LogModuleManager: Shutting down and abandoning module Landscape (26)
[2018.02.04-03.35.35:728][855]LogModuleManager: Shutting down and abandoning module SlateRHIRenderer (24)
[2018.02.04-03.35.35:729][855]LogModuleManager: Shutting down and abandoning module OpenGLDrv (22)
[2018.02.04-03.35.35:729][855]LogModuleManager: Shutting down and abandoning module D3D11RHI (20)
[2018.02.04-03.35.35:729][855]LogModuleManager: Shutting down and abandoning module AnimGraphRuntime (18)
[2018.02.04-03.35.35:729][855]LogModuleManager: Shutting down and abandoning module Renderer (16)
[2018.02.04-03.35.35:729][855]LogModuleManager: Shutting down and abandoning module Engine (14)
[2018.02.04-03.35.35:729][855]LogModuleManager: Shutting down and abandoning module CoreUObject (12)
[2018.02.04-03.35.35:729][855]LogModuleManager: Shutting down and abandoning module NetworkFile (10)
[2018.02.04-03.35.35:729][855]LogModuleManager: Shutting down and abandoning module CookedIterativeFile (8)
[2018.02.04-03.35.35:729][855]LogModuleManager: Shutting down and abandoning module StreamingFile (6)
[2018.02.04-03.35.35:729][855]LogModuleManager: Shutting down and abandoning module SandboxFile (4)
[2018.02.04-03.35.35:729][855]LogModuleManager: Shutting down and abandoning module PakFile (2)
[2018.02.04-03.35.35:732][855]LogExit: Exiting.
[2018.02.04-03.35.35:743][855]Log file closed, 02/03/18 22:35:35
