Log file open, 02/03/18 23:19:16
LogWindows: Failed to load 'aqProf.dll' (GetLastError=126)
LogWindows: File 'aqProf.dll' does not exist
LogWindows: Failed to load 'VSPerf140.dll' (GetLastError=126)
LogWindows: File 'VSPerf140.dll' does not exist
LogWindows: Failed to load 'VtuneApi.dll' (GetLastError=126)
LogWindows: File 'VtuneApi.dll' does not exist
LogWindows: Failed to load 'VtuneApi32e.dll' (GetLastError=126)
LogWindows: File 'VtuneApi32e.dll' does not exist
LogInit: Display: Running engine for game: Game1
LogPlatformFile: Not using cached read wrapper
LogInit: Display: RandInit(-816788699) SRandInit(-816788698).
LogInit: Read version file with build ID '3709383'
LogInit: Overriding engine version to CL 3832480, compatible CL 3709383
LogInit: Registered custom module enumerator with build ID '3709383'
LogTaskGraph: Started task graph with 5 named threads and 14 total threads with 3 sets of task threads.
LogStats: Stats thread started at 0.178311
LogD3D11RHI: Aftermath initialized
LogModuleManager: Display: Found up-to-date module file ../../../Engine/Plugins/2D/Paper2D/Binaries/Win64/UE4Editor-Paper2D.dll (API version 3709383).
LogModuleManager: Display: Found up-to-date module file ../../../Engine/Plugins/2D/Paper2D/Binaries/Win64/UE4Editor-Paper2DEditor.dll (API version 3709383).
LogModuleManager: Display: Found up-to-date module file ../../../Engine/Plugins/2D/Paper2D/Binaries/Win64/UE4Editor-PaperSpriteSheetImporter.dll (API version 3709383).
LogModuleManager: Display: Found up-to-date module file ../../../Engine/Plugins/2D/Paper2D/Binaries/Win64/UE4Editor-PaperTiledImporter.dll (API version 3709383).
LogModuleManager: Display: Found up-to-date module file ../../../Engine/Plugins/2D/Paper2D/Binaries/Win64/UE4Editor-SmartSnapping.dll (API version 3709383).
LogModuleManager: Display: Found up-to-date module file ../../../Engine/Plugins/Blendables/LightPropagationVolume/Binaries/Win64/UE4Editor-LightPropagationVolumeRuntime.dll (API version 3709383).
LogModuleManager: Display: Found up-to-date module file ../../../Engine/Plugins/Blendables/LightPropagationVolume/Binaries/Win64/UE4Editor-LightPropagationVolumeEditor.dll (API version 3709383).
LogModuleManager: Display: Found up-to-date module file ../../../Engine/Plugins/Developer/GitSourceControl/Binaries/Win64/UE4Editor-GitSourceControl.dll (API version 3709383).
LogModuleManager: Display: Found up-to-date module file ../../../Engine/Plugins/Developer/PerforceSourceControl/Binaries/Win64/UE4Editor-PerforceSourceControl.dll (API version 3709383).
LogModuleManager: Display: Found up-to-date module file ../../../Engine/Plugins/Developer/SubversionSourceControl/Binaries/Win64/UE4Editor-SubversionSourceControl.dll (API version 3709383).
LogModuleManager: Display: Found up-to-date module file ../../../Engine/Plugins/Developer/UObjectPlugin/Binaries/Win64/UE4Editor-UObjectPlugin.dll (API version 3709383).
LogModuleManager: Display: Found up-to-date module file ../../../Engine/Plugins/Developer/VisualStudioCodeSourceCodeAccess/Binaries/Win64/UE4Editor-VisualStudioCodeSourceCodeAccess.dll (API version 3709383).
LogModuleManager: Display: Found up-to-date module file ../../../Engine/Plugins/Developer/VisualStudioSourceCodeAccess/Binaries/Win64/UE4Editor-VisualStudioSourceCodeAccess.dll (API version 3709383).
LogModuleManager: Display: Found up-to-date module file ../../../Engine/Plugins/Editor/AssetManagerEditor/Binaries/Win64/UE4Editor-AssetManagerEditor.dll (API version 3709383).
LogModuleManager: Display: Found up-to-date module file ../../../Engine/Plugins/Editor/AudioCapture/Binaries/Win64/UE4Editor-AudioCapture.dll (API version 3709383).
LogModuleManager: Display: Found up-to-date module file ../../../Engine/Plugins/Editor/FacialAnimation/Binaries/Win64/UE4Editor-FacialAnimation.dll (API version 3709383).
LogModuleManager: Display: Found up-to-date module file ../../../Engine/Plugins/Editor/FacialAnimation/Binaries/Win64/UE4Editor-FacialAnimationEditor.dll (API version 3709383).
LogModuleManager: Display: Found up-to-date module file ../../../Engine/Plugins/Editor/GameplayTagsEditor/Binaries/Win64/UE4Editor-GameplayTagsEditor.dll (API version 3709383).
LogModuleManager: Display: Found up-to-date module file ../../../Engine/Plugins/Editor/MobileLauncherProfileWizard/Binaries/Win64/UE4Editor-MobileLauncherProfileWizard.dll (API version 3709383).
LogModuleManager: Display: Found up-to-date module file ../../../Engine/Plugins/Editor/PluginBrowser/Binaries/Win64/UE4Editor-PluginBrowser.dll (API version 3709383).
LogModuleManager: Display: Found up-to-date module file ../../../Engine/Plugins/Editor/SpeedTreeImporter/Binaries/Win64/UE4Editor-SpeedTreeImporter.dll (API version 3709383).
LogModuleManager: Display: Found up-to-date module file ../../../Engine/Plugins/Experimental/AlembicImporter/Binaries/Win64/UE4Editor-AlembicImporter.dll (API version 3709383).
LogModuleManager: Display: Found up-to-date module file ../../../Engine/Plugins/Experimental/AlembicImporter/Binaries/Win64/UE4Editor-AlembicLibrary.dll (API version 3709383).
LogModuleManager: Display: Found up-to-date module file ../../../Engine/Plugins/Experimental/CharacterAI/Binaries/Win64/UE4Editor-CharacterAI.dll (API version 3709383).
LogModuleManager: Display: Found up-to-date module file ../../../Engine/Plugins/Experimental/HTML5Networking/Binaries/Win64/UE4Editor-HTML5Networking.dll (API version 3709383).
LogModuleManager: Display: Found up-to-date module file ../../../Engine/Plugins/Media/AndroidMedia/Binaries/Win64/UE4Editor-AndroidMediaEditor.dll (API version 3709383).
LogModuleManager: Display: Found up-to-date module file ../../../Engine/Plugins/Media/AndroidMedia/Binaries/Win64/UE4Editor-AndroidMediaFactory.dll (API version 3709383).
LogModuleManager: Display: Found up-to-date module file ../../../Engine/Plugins/Media/AvfMedia/Binaries/Win64/UE4Editor-AvfMediaEditor.dll (API version 3709383).
LogModuleManager: Display: Found up-to-date module file ../../../Engine/Plugins/Media/AvfMedia/Binaries/Win64/UE4Editor-AvfMediaFactory.dll (API version 3709383).
LogModuleManager: Display: Found up-to-date module file ../../../Engine/Plugins/Media/AvfMedia/Binaries/Win64/UE4Editor-AvfMediaFactory.dll (API version 3709383).
LogModuleManager: Display: Found up-to-date module file ../../../Engine/Plugins/Media/ImgMedia/Binaries/Win64/UE4Editor-ImgMedia.dll (API version 3709383).
LogModuleManager: Display: Found up-to-date module file ../../../Engine/Plugins/Media/ImgMedia/Binaries/Win64/UE4Editor-ImgMediaEditor.dll (API version 3709383).
LogModuleManager: Display: Found up-to-date module file ../../../Engine/Plugins/Media/ImgMedia/Binaries/Win64/UE4Editor-ImgMediaFactory.dll (API version 3709383).
LogModuleManager: Display: Found up-to-date module file ../../../Engine/Plugins/Media/ImgMedia/Binaries/Win64/UE4Editor-ImgMediaFactory.dll (API version 3709383).
LogModuleManager: Display: Found up-to-date module file ../../../Engine/Plugins/Media/ImgMedia/Binaries/Win64/UE4Editor-OpenExrWrapper.dll (API version 3709383).
LogModuleManager: Display: Found up-to-date module file ../../../Engine/Plugins/Media/MediaCompositing/Binaries/Win64/UE4Editor-MediaCompositing.dll (API version 3709383).
LogModuleManager: Display: Found up-to-date module file ../../../Engine/Plugins/Media/MediaCompositing/Binaries/Win64/UE4Editor-MediaCompositingEditor.dll (API version 3709383).
LogModuleManager: Display: Found up-to-date module file ../../../Engine/Plugins/Media/MediaPlayerEditor/Binaries/Win64/UE4Editor-MediaPlayerEditor.dll (API version 3709383).
LogModuleManager: Display: Found up-to-date module file ../../../Engine/Plugins/Media/WmfMedia/Binaries/Win64/UE4Editor-WmfMedia.dll (API version 3709383).
LogModuleManager: Display: Found up-to-date module file ../../../Engine/Plugins/Media/WmfMedia/Binaries/Win64/UE4Editor-WmfMediaEditor.dll (API version 3709383).
LogModuleManager: Display: Found up-to-date module file ../../../Engine/Plugins/Media/WmfMedia/Binaries/Win64/UE4Editor-WmfMediaFactory.dll (API version 3709383).
LogModuleManager: Display: Found up-to-date module file ../../../Engine/Plugins/Media/WmfMedia/Binaries/Win64/UE4Editor-WmfMediaFactory.dll (API version 3709383).
LogModuleManager: Display: Found up-to-date module file ../../../Engine/Plugins/Messaging/TcpMessaging/Binaries/Win64/UE4Editor-TcpMessaging.dll (API version 3709383).
LogModuleManager: Display: Found up-to-date module file ../../../Engine/Plugins/Messaging/UdpMessaging/Binaries/Win64/UE4Editor-UdpMessaging.dll (API version 3709383).
LogModuleManager: Display: Found up-to-date module file ../../../Engine/Plugins/MovieScene/ActorSequence/Binaries/Win64/UE4Editor-ActorSequence.dll (API version 3709383).
LogModuleManager: Display: Found up-to-date module file ../../../Engine/Plugins/MovieScene/LevelSequenceEditor/Binaries/Win64/UE4Editor-LevelSequenceEditor.dll (API version 3709383).
LogModuleManager: Display: Found up-to-date module file ../../../Engine/Plugins/MovieScene/MatineeToLevelSequence/Binaries/Win64/UE4Editor-MatineeToLevelSequence.dll (API version 3709383).
LogModuleManager: Display: Found up-to-date module file ../../../Engine/Plugins/Online/OnlineSubsystem/Binaries/Win64/UE4Editor-OnlineSubsystem.dll (API version 3709383).
LogModuleManager: Display: Found up-to-date module file ../../../Engine/Plugins/Runtime/AndroidPermission/Binaries/Win64/UE4Editor-AndroidPermission.dll (API version 3709383).
LogModuleManager: Display: Found up-to-date module file ../../../Engine/Plugins/Online/OnlineSubsystemNull/Binaries/Win64/UE4Editor-OnlineSubsystemNull.dll (API version 3709383).
LogModuleManager: Display: Found up-to-date module file ../../../Engine/Plugins/Online/OnlineSubsystemUtils/Binaries/Win64/UE4Editor-OnlineSubsystemUtils.dll (API version 3709383).
LogModuleManager: Display: Found up-to-date module file ../../../Engine/Plugins/Online/OnlineSubsystemUtils/Binaries/Win64/UE4Editor-OnlineBlueprintSupport.dll (API version 3709383).
LogModuleManager: Display: Found up-to-date module file ../../../Engine/Plugins/Runtime/AndroidDeviceProfileSelector/Binaries/Win64/UE4Editor-AndroidDeviceProfileSelector.dll (API version 3709383).
LogModuleManager: Display: Found up-to-date module file ../../../Engine/Plugins/Runtime/AppleARKit/Binaries/Win64/UE4Editor-AppleARKit.dll (API version 3709383).
LogModuleManager: Display: Found up-to-date module file ../../../Engine/Plugins/Runtime/ArchVisCharacter/Binaries/Win64/UE4Editor-ArchVisCharacter.dll (API version 3709383).
LogModuleManager: Display: Found up-to-date module file ../../../Engine/Plugins/Runtime/CableComponent/Binaries/Win64/UE4Editor-CableComponent.dll (API version 3709383).
LogModuleManager: Display: Found up-to-date module file ../../../Engine/Plugins/Runtime/CustomMeshComponent/Binaries/Win64/UE4Editor-CustomMeshComponent.dll (API version 3709383).
LogModuleManager: Display: Found up-to-date module file ../../../Engine/Plugins/Runtime/ExampleDeviceProfileSelector/Binaries/Win64/UE4Editor-ExampleDeviceProfileSelector.dll (API version 3709383).
LogModuleManager: Display: Found up-to-date module file ../../../Engine/Plugins/Runtime/ImmediatePhysics/Binaries/Win64/UE4Editor-ImmediatePhysics.dll (API version 3709383).
LogModuleManager: Display: Found up-to-date module file ../../../Engine/Plugins/Runtime/ImmediatePhysics/Binaries/Win64/UE4Editor-ImmediatePhysicsEditor.dll (API version 3709383).
LogModuleManager: Display: Found up-to-date module file ../../../Engine/Plugins/Runtime/LocationServicesBPLibrary/Binaries/Win64/UE4Editor-LocationServicesBPLibrary.dll (API version 3709383).
LogModuleManager: Display: Found up-to-date module file ../../../Engine/Plugins/Runtime/MobilePatchingUtils/Binaries/Win64/UE4Editor-MobilePatchingUtils.dll (API version 3709383).
LogModuleManager: Display: Found up-to-date module file ../../../Engine/Plugins/Runtime/Oculus/OculusVR/Binaries/Win64/UE4Editor-OculusHMD.dll (API version 3709383).
LogModuleManager: Display: Found up-to-date module file ../../../Engine/Plugins/Runtime/Oculus/OculusVR/Binaries/Win64/UE4Editor-OculusInput.dll (API version 3709383).
LogModuleManager: Display: Found up-to-date module file ../../../Engine/Plugins/Runtime/Oculus/OculusVR/Binaries/Win64/UE4Editor-OculusEditor.dll (API version 3709383).
LogModuleManager: Display: Found up-to-date module file ../../../Engine/Plugins/Runtime/PhysXVehicles/Binaries/Win64/UE4Editor-PhysXVehicles.dll (API version 3709383).
LogModuleManager: Display: Found up-to-date module file ../../../Engine/Plugins/Runtime/PhysXVehicles/Binaries/Win64/UE4Editor-PhysXVehiclesEditor.dll (API version 3709383).
LogModuleManager: Display: Found up-to-date module file ../../../Engine/Plugins/Runtime/ProceduralMeshComponent/Binaries/Win64/UE4Editor-ProceduralMeshComponent.dll (API version 3709383).
LogModuleManager: Display: Found up-to-date module file ../../../Engine/Plugins/Runtime/ProceduralMeshComponent/Binaries/Win64/UE4Editor-ProceduralMeshComponentEditor.dll (API version 3709383).
LogModuleManager: Display: Found up-to-date module file ../../../Engine/Plugins/Runtime/RuntimePhysXCooking/Binaries/Win64/UE4Editor-RuntimePhysXCooking.dll (API version 3709383).
LogModuleManager: Display: Found up-to-date module file ../../../Engine/Plugins/Runtime/Steam/SteamVR/Binaries/Win64/UE4Editor-SteamVR.dll (API version 3709383).
LogModuleManager: Display: Found up-to-date module file ../../../Engine/Plugins/Runtime/Steam/SteamVR/Binaries/Win64/UE4Editor-SteamVRController.dll (API version 3709383).
LogModuleManager: Display: Found up-to-date module file ../../../Engine/Plugins/Runtime/WindowsMoviePlayer/Binaries/Win64/UE4Editor-WindowsMoviePlayer.dll (API version 3709383).
LogPluginManager: Mounting plugin Paper2D
LogPluginManager: Mounting plugin LightPropagationVolume
LogPluginManager: Mounting plugin CodeLiteSourceCodeAccess
LogPluginManager: Mounting plugin GitSourceControl
LogPluginManager: Mounting plugin KDevelopSourceCodeAccess
LogPluginManager: Mounting plugin NullSourceCodeAccess
LogPluginManager: Mounting plugin PerforceSourceControl
LogPluginManager: Mounting plugin SubversionSourceControl
LogPluginManager: Mounting plugin UObjectPlugin
LogPluginManager: Mounting plugin VisualStudioCodeSourceCodeAccess
LogPluginManager: Mounting plugin VisualStudioSourceCodeAccess
LogPluginManager: Mounting plugin XCodeSourceCodeAccess
LogPluginManager: Mounting plugin AssetManagerEditor
LogPluginManager: Mounting plugin AudioCapture
LogPluginManager: Mounting plugin FacialAnimation
LogPluginManager: Mounting plugin GameplayTagsEditor
LogPluginManager: Mounting plugin MobileLauncherProfileWizard
LogPluginManager: Mounting plugin PluginBrowser
LogPluginManager: Mounting plugin SpeedTreeImporter
LogPluginManager: Mounting plugin AlembicImporter
LogPluginManager: Mounting plugin CharacterAI
LogPluginManager: Mounting plugin HTML5Networking
LogPluginManager: Mounting plugin AndroidMedia
LogPluginManager: Mounting plugin AvfMedia
LogPluginManager: Mounting plugin ImgMedia
LogPluginManager: Mounting plugin MediaCompositing
LogPluginManager: Mounting plugin MediaPlayerEditor
LogPluginManager: Mounting plugin WmfMedia
LogPluginManager: Mounting plugin TcpMessaging
LogPluginManager: Mounting plugin UdpMessaging
LogPluginManager: Mounting plugin ActorSequence
LogPluginManager: Mounting plugin LevelSequenceEditor
LogPluginManager: Mounting plugin MatineeToLevelSequence
LogPluginManager: Mounting plugin OnlineSubsystemGooglePlay
LogPluginManager: Mounting plugin OnlineSubsystemIOS
LogPluginManager: Mounting plugin OnlineSubsystem
LogPluginManager: Mounting plugin OnlineSubsystemNull
LogPluginManager: Mounting plugin OnlineSubsystemUtils
LogPluginManager: Mounting plugin AndroidDeviceProfileSelector
LogPluginManager: Mounting plugin AndroidMoviePlayer
LogPluginManager: Mounting plugin AndroidPermission
LogPluginManager: Mounting plugin AppleARKit
LogPluginManager: Mounting plugin AppleMoviePlayer
LogPluginManager: Mounting plugin ArchVisCharacter
LogPluginManager: Mounting plugin CableComponent
LogPluginManager: Mounting plugin CustomMeshComponent
LogPluginManager: Mounting plugin ExampleDeviceProfileSelector
LogPluginManager: Mounting plugin GoogleCloudMessaging
LogPluginManager: Mounting plugin ImmediatePhysics
LogPluginManager: Mounting plugin IOSDeviceProfileSelector
LogPluginManager: Mounting plugin LinuxDeviceProfileSelector
LogPluginManager: Mounting plugin LocationServicesBPLibrary
LogPluginManager: Mounting plugin MobilePatchingUtils
LogPluginManager: Mounting plugin OculusVR
LogPluginManager: Plugin shader directory ../../../Engine/Plugins/Runtime/Oculus/OculusVR/Shaders found
LogPluginManager: Mapping shader source directory ../../../Engine/Plugins/Runtime/Oculus/OculusVR/Shaders to virtual directory /Plugin/OculusVR
LogPluginManager: Mounting plugin PhysXVehicles
LogPluginManager: Mounting plugin ProceduralMeshComponent
LogPluginManager: Mounting plugin RuntimePhysXCooking
LogPluginManager: Mounting plugin SteamVR
LogPluginManager: Mounting plugin WindowsMoviePlayer
LogInit: Using libcurl 7.47.1
LogInit:  - built for x86_64-pc-win32
LogInit:  - supports SSL with OpenSSL/1.0.2g
LogInit:  - supports HTTP deflate (compression) using libz 1.2.8
LogInit:  - other features:
LogInit:      CURL_VERSION_SSL
LogInit:      CURL_VERSION_LIBZ
LogInit:      CURL_VERSION_IPV6
LogInit:      CURL_VERSION_ASYNCHDNS
LogInit:      CURL_VERSION_LARGEFILE
LogInit:      CURL_VERSION_IDN
LogInit:  CurlRequestOptions (configurable via config and command line):
LogInit:  - bVerifyPeer = false  - Libcurl will NOT verify peer certificate
LogInit:  - bUseHttpProxy = false  - Libcurl will NOT use HTTP proxy
LogInit:  - bDontReuseConnections = false  - Libcurl will reuse connections
LogInit:  - CertBundlePath = nullptr  - Libcurl will use whatever was configured at build time.
LogInit: Build: ++UE4+Release-4.18-CL-3832480
LogInit: Engine Version: 4.18.3-3832480+++UE4+Release-4.18
LogInit: Compatible Engine Version: 4.18.0-3709383+++UE4+Release-4.18
LogInit: Net CL: 3709383
LogDevObjectVersion: Number of dev versions registered: 16
LogDevObjectVersion:   Dev-Blueprints (B0D832E4-1F89-4F0D-ACCF-7EB736FD4AA2): 10
LogDevObjectVersion:   Dev-Build (E1C64328-A22C-4D53-A36C-8E866417BD8C): 0
LogDevObjectVersion:   Dev-Core (375EC13C-06E4-48FB-B500-84F0262A717E): 2
LogDevObjectVersion:   Dev-Editor (E4B068ED-F494-42E9-A231-DA0B2E46BB41): 20
LogDevObjectVersion:   Dev-Framework (CFFC743F-43B0-4480-9391-14DF171D2073): 30
LogDevObjectVersion:   Dev-Mobile (B02B49B5-BB20-44E9-A304-32B752E40360): 0
LogDevObjectVersion:   Dev-Networking (A4E4105C-59A1-49B5-A7C5-40C4547EDFEE): 0
LogDevObjectVersion:   Dev-Online (39C831C9-5AE6-47DC-9A44-9C173E1C8E7C): 0
LogDevObjectVersion:   Dev-Physics (78F01B33-EBEA-4F98-B9B4-84EACCB95AA2): 0
LogDevObjectVersion:   Dev-Platform (6631380F-2D4D-43E0-8009-CF276956A95A): 0
LogDevObjectVersion:   Dev-Rendering (12F88B9F-8875-4AFC-A67C-D90C383ABD29): 20
LogDevObjectVersion:   Dev-Sequencer (7B5AE74C-D270-4C10-A958-57980B212A5A): 4
LogDevObjectVersion:   Dev-VR (D7296918-1DD6-4BDD-9DE2-64A83CC13884): 0
LogDevObjectVersion:   Dev-LoadTimes (C2A15278-BFE7-4AFE-6C17-90FF531DF755): 1
LogDevObjectVersion:   Private-Geometry (6EACA3D4-40EC-4CC1-B786-8BED09428FC5): 1
LogDevObjectVersion:   Dev-AnimPhys (29E575DD-E0A3-4627-9D10-D276232CDCEA): 12
LogInit: Compiled (64-bit): Jan 12 2018 02:04:55
LogInit: Compiled with Visual C++: 19.00.24215.01
LogInit: Build Configuration: Development
LogInit: Branch Name: ++UE4+Release-4.18
LogInit: Command line: -EpicPortal 
LogInit: Base directory: E:/UE_4.18/Engine/Binaries/Win64/
LogInit: Installed Engine Build: 1
LogInit: Presizing for max 8388607 objects, including 0 objects not considered by GC, pre-allocating 0 bytes for permanent pool.
LogInit: Object subsystem initialized
[2018.02.04-04.19.18:147][  0]LogInit: Selected Device Profile: [Windows]
[2018.02.04-04.19.18:147][  0]LogInit: Applying CVar settings loaded from the selected device profile: [Windows]
[2018.02.04-04.19.18:157][  0]LogInit: Computer: DESKTOP-26BKDR7
[2018.02.04-04.19.18:157][  0]LogInit: User: Cameron
[2018.02.04-04.19.18:157][  0]LogInit: CPU Page size=4096, Cores=4
[2018.02.04-04.19.18:157][  0]LogInit: High frequency timer resolution =2.648440 MHz
[2018.02.04-04.19.18:157][  0]LogMemory: Memory total: Physical=15.9GB (16GB approx)
[2018.02.04-04.19.18:157][  0]LogMemory: Platform Memory Stats for Windows
[2018.02.04-04.19.18:157][  0]LogMemory: Process Physical Memory: 280.84 MB used, 280.84 MB peak
[2018.02.04-04.19.18:157][  0]LogMemory: Process Virtual Memory: 270.25 MB used, 270.25 MB peak
[2018.02.04-04.19.18:157][  0]LogMemory: Physical Memory: 7588.27 MB used,  8721.57 MB free, 16309.84 MB total
[2018.02.04-04.19.18:157][  0]LogMemory: Virtual Memory: 719.15 MB used,  8721.57 MB free, 134217728.00 MB total
[2018.02.04-04.19.18:285][  0]LogInit: Using OS detected language (en-US).
[2018.02.04-04.19.18:285][  0]LogInit: Using OS detected locale (en-US).
[2018.02.04-04.19.18:289][  0]LogTextLocalizationManager: No specific localization for 'en-US' exists, so the 'en' localization will be used.
[2018.02.04-04.19.18:729][  0]LogInit: Setting process to per monitor DPI aware
[2018.02.04-04.19.19:007][  0]LogD3D11RHI: D3D11 adapters:
[2018.02.04-04.19.19:043][  0]LogD3D11RHI:    0. 'NVIDIA GeForce GTX 970' (Feature Level 11_0)
[2018.02.04-04.19.19:044][  0]LogD3D11RHI:       4058/0/8154 MB DedicatedVideo/DedicatedSystem/SharedSystem, Outputs:2, VendorId:0x10de
[2018.02.04-04.19.19:046][  0]LogD3D11RHI:    1. 'Microsoft Basic Render Driver' (Feature Level 11_0)
[2018.02.04-04.19.19:046][  0]LogD3D11RHI:       0/0/8154 MB DedicatedVideo/DedicatedSystem/SharedSystem, Outputs:0, VendorId:0x1414
[2018.02.04-04.19.19:046][  0]LogD3D11RHI: Chosen D3D11 Adapter: 0
[2018.02.04-04.19.19:054][  0]LogD3D11RHI: Creating new Direct3DDevice
[2018.02.04-04.19.19:054][  0]LogD3D11RHI:     GPU DeviceId: 0x13c2 (for the marketing name, search the web for "GPU Device Id")
[2018.02.04-04.19.19:054][  0]LogWindows: EnumDisplayDevices:
[2018.02.04-04.19.19:054][  0]LogWindows:    0. 'NVIDIA GeForce GTX 970' (P:1 D:1)
[2018.02.04-04.19.19:054][  0]LogWindows:    1. 'NVIDIA GeForce GTX 970' (P:0 D:1)
[2018.02.04-04.19.19:054][  0]LogWindows:    2. 'NVIDIA GeForce GTX 970' (P:0 D:0)
[2018.02.04-04.19.19:054][  0]LogWindows:    3. 'NVIDIA GeForce GTX 970' (P:0 D:0)
[2018.02.04-04.19.19:055][  0]LogWindows: DebugString: GetVideoDriverDetailsInvalid PrimaryIsNotTheChoosenAdapter GetVideoDriverDetailsInvalid PrimaryIsNotTheChoosenAdapter GetVideoDriverDetailsInvalid PrimaryIsNotTheChoosenAdapter GetVideoDriverDetailsInvalid PrimaryIsNotTheChoosenAdapter FoundDriverCount:0 
[2018.02.04-04.19.19:055][  0]LogD3D11RHI:     Adapter Name: NVIDIA GeForce GTX 970
[2018.02.04-04.19.19:055][  0]LogD3D11RHI:   Driver Version: Unknown (internal:Unknown, unified:Unknown)
[2018.02.04-04.19.19:055][  0]LogD3D11RHI:      Driver Date: Unknown
[2018.02.04-04.19.19:055][  0]LogRHI: Texture pool is 2840 MB (70% of 4058 MB)
[2018.02.04-04.19.19:078][  0]LogD3D11RHI: Async texture creation enabled
[2018.02.04-04.19.19:120][  0]LogD3D11RHI: GPU Timing Frequency: 1000.000000 (Debug: 2 1)
[2018.02.04-04.19.19:164][  0]LogShaderCompilers: Guid format shader working directory is 2 characters bigger than the processId version (C:/Users/Cameron/Documents/GitHub/Game1/Game1/Intermediate/Shaders/WorkingDirectory/15804/).
[2018.02.04-04.19.19:164][  0]LogShaderCompilers: Cleaned the shader compiler working directory 'C:/Users/Cameron/AppData/Local/Temp/UnrealShaderWorkingDir/2D3F927247B600914E4F8EAAAD444C00/'.
[2018.02.04-04.19.19:164][  0]LogShaderCompilers: Display: Using Local Shader Compiler.
[2018.02.04-04.19.20:088][  0]LogTemp: Display: Loaded TP AllDesktopTargetPlatform
[2018.02.04-04.19.20:133][  0]LogTemp: Display: Loaded TP MacClientTargetPlatform
[2018.02.04-04.19.20:181][  0]LogTemp: Display: Loaded TP MacNoEditorTargetPlatform
[2018.02.04-04.19.20:225][  0]LogTemp: Display: Loaded TP MacServerTargetPlatform
[2018.02.04-04.19.20:269][  0]LogTemp: Display: Loaded TP MacTargetPlatform
[2018.02.04-04.19.20:314][  0]LogTemp: Display: Loaded TP WindowsClientTargetPlatform
[2018.02.04-04.19.20:358][  0]LogTemp: Display: Loaded TP WindowsNoEditorTargetPlatform
[2018.02.04-04.19.20:403][  0]LogTemp: Display: Loaded TP WindowsServerTargetPlatform
[2018.02.04-04.19.20:439][  0]LogTemp: Display: Loaded TP WindowsTargetPlatform
[2018.02.04-04.19.20:483][  0]LogTemp: Display: Loaded TP Android_ASTCTargetPlatform
[2018.02.04-04.19.20:528][  0]LogTemp: Display: Loaded TP Android_ATCTargetPlatform
[2018.02.04-04.19.20:572][  0]LogTemp: Display: Loaded TP Android_DXTTargetPlatform
[2018.02.04-04.19.20:617][  0]LogTemp: Display: Loaded TP Android_ETC1TargetPlatform
[2018.02.04-04.19.20:661][  0]LogTemp: Display: Loaded TP Android_ETC2TargetPlatform
[2018.02.04-04.19.20:751][  0]LogTemp: Display: Loaded TP Android_MultiTargetPlatform
[2018.02.04-04.19.20:751][  0]LogTemp: Display: Loaded TP Android_PVRTCTargetPlatform
[2018.02.04-04.19.20:796][  0]LogTemp: Display: Loaded TP AndroidTargetPlatform
[2018.02.04-04.19.20:827][  0]LogTemp: Display: Loaded TP HTML5TargetPlatform
[2018.02.04-04.19.20:907][  0]LogTemp: Display: Loaded TP IOSTargetPlatform
[2018.02.04-04.19.20:933][  0]LogTemp: Display: Loaded TP TVOSTargetPlatform
[2018.02.04-04.19.20:982][  0]LogTemp: Display: Loaded TP LinuxClientTargetPlatform
[2018.02.04-04.19.21:027][  0]LogTemp: Display: Loaded TP LinuxNoEditorTargetPlatform
[2018.02.04-04.19.21:073][  0]LogTemp: Display: Loaded TP LinuxServerTargetPlatform
[2018.02.04-04.19.21:117][  0]LogTemp: Display: Loaded TP LinuxTargetPlatform
[2018.02.04-04.19.21:117][  0]LogTargetPlatformManager: Display: Building Assets For Windows
[2018.02.04-04.19.21:508][  0]LogDerivedDataCache: Display: Max Cache Size: 512 MB
[2018.02.04-04.19.21:577][  0]LogDerivedDataCache: Loaded boot cache 0.07s 78MB C:/Users/Cameron/AppData/Local/UnrealEngine/4.18/DerivedDataCache/Boot.ddc.
[2018.02.04-04.19.21:577][  0]LogDerivedDataCache: Display: Loaded Boot cache: C:/Users/Cameron/AppData/Local/UnrealEngine/4.18/DerivedDataCache/Boot.ddc
[2018.02.04-04.19.21:577][  0]LogDerivedDataCache: FDerivedDataBackendGraph:  Pak pak cache file C:/Users/Cameron/Documents/GitHub/Game1/Game1/DerivedDataCache/DDC.ddp not found, will not use a pak cache.
[2018.02.04-04.19.21:577][  0]LogDerivedDataCache: Unable to find inner node Pak for hierarchical cache Hierarchy.
[2018.02.04-04.19.21:577][  0]LogDerivedDataCache: FDerivedDataBackendGraph:  CompressedPak pak cache file C:/Users/Cameron/Documents/GitHub/Game1/Game1/DerivedDataCache/Compressed.ddp not found, will not use a pak cache.
[2018.02.04-04.19.21:577][  0]LogDerivedDataCache: Unable to find inner node CompressedPak for hierarchical cache Hierarchy.
[2018.02.04-04.19.21:594][  0]LogDerivedDataCache: Display: Pak cache opened for reading ../../../Engine/DerivedDataCache/Compressed.ddp.
[2018.02.04-04.19.21:607][  0]LogDerivedDataCache: Using Local data cache path C:/Users/Cameron/AppData/Local/UnrealEngine/Common/DerivedDataCache: Writable
[2018.02.04-04.19.21:617][  0]LogMaterial: Verifying Global Shaders for PCD3D_SM5
[2018.02.04-04.19.21:617][  0]LogSlate: Using Freetype 2.6.0
[2018.02.04-04.19.21:618][  0]LogSlate: SlateFontCache - WITH_FREETYPE: 1, WITH_HARFBUZZ: 1
[2018.02.04-04.19.21:618][  0]LogSlate: SlateFontCache - WITH_FREETYPE: 1, WITH_HARFBUZZ: 1
[2018.02.04-04.19.22:012][  0]LogInit: Selected Device Profile: [Windows]
[2018.02.04-04.19.22:304][  0]LogSimplygon: Simplygon DLL not present - disabling.
[2018.02.04-04.19.22:339][  0]LogMeshReduction: Using SimplygonSwarm for distributed automatic mesh merging
[2018.02.04-04.19.22:340][  0]LogMeshReduction: Using QuadricMeshReduction for automatic static mesh reduction
[2018.02.04-04.19.22:340][  0]LogMeshReduction: No automatic skeletal mesh reduction module available
[2018.02.04-04.19.22:340][  0]LogMeshReduction: No automatic mesh merging module available
[2018.02.04-04.19.22:340][  0]LogMeshMerging: No automatic mesh merging module available
[2018.02.04-04.19.22:374][  0]LogNetVersion: Game1 , NetCL: 3709383, EngineNetVer: 2, GameNetVer: 0 (Checksum: 2978213144)
[2018.02.04-04.19.22:531][  0]LogAssetRegistry: FAssetRegistry took 0.0265 seconds to start up
[2018.02.04-04.19.23:028][  0]LogPackageLocalizationCache: Processed 7 localized package path(s) for 2 prioritized culture(s) in 0.075908 seconds
[2018.02.04-04.19.23:033][  0]LogUObjectArray: 35870 objects as part of root set at end of initial load.
[2018.02.04-04.19.23:034][  0]LogUObjectAllocator: 7363704 out of 0 bytes used by permanent object pool.
[2018.02.04-04.19.23:034][  0]LogUObjectArray: CloseDisregardForGC: 0/0 objects in disregard for GC pool
[2018.02.04-04.19.23:075][  0]LogInit: WinSock: version 1.1 (2.2), MaxSocks=32767, MaxUdp=65467
[2018.02.04-04.19.25:641][  0]LogTcpMessaging: Initializing TcpMessaging bridge
[2018.02.04-04.19.25:680][  0]LogUdpMessaging: Initializing bridge on interface 0.0.0.0:0 to multicast group 230.0.0.1:6666.
[2018.02.04-04.19.26:320][  0]LogMaterial: Uniform references updated for custom material expression Custom.
[2018.02.04-04.19.26:716][  0]SourceControl: Source control is disabled
[2018.02.04-04.19.28:131][  0]LogAndroidPermission: UAndroidPermissionCallbackProxy::GetInstance
[2018.02.04-04.19.28:377][  0]LogOcInput: OculusInput pre-init called
[2018.02.04-04.19.28:636][  0]LogEngine: Initializing Engine...
[2018.02.04-04.19.28:637][  0]LogHMD: Oculus plugin initialized. Version: 4.18.3-3832480+++UE4+Release-4.18, OVRPlugin: 1.19.0
[2018.02.04-04.19.28:842][  0]LogStats: UGameplayTagsManager::ConstructGameplayTagTree: Construct from data asset -  0.000 s
[2018.02.04-04.19.28:842][  0]LogStats: UGameplayTagsManager::ConstructGameplayTagTree: GameplayTagTreeChangedEvent.Broadcast -  0.000 s
[2018.02.04-04.19.28:947][  0]LogAIModule: Creating AISystem for world Untitled
[2018.02.04-04.19.28:969][  0]LogInit: XAudio2 using 'Headset Earphone (SteelSeries Arctis 7 Chat)' : 1 channels at 48 kHz using 16 bits per sample (channel mask 0x0)
[2018.02.04-04.19.28:985][  0]LogInit: FAudioDevice initialized.
[2018.02.04-04.19.29:075][  0]LogDerivedDataCache: Saved boot cache 0.09s 78MB C:/Users/Cameron/AppData/Local/UnrealEngine/4.18/DerivedDataCache/Boot.ddc.
[2018.02.04-04.19.29:085][  0]LogInit: Texture streaming: Enabled
[2018.02.04-04.19.29:168][  0]LogEngineSessionManager: EngineSessionManager initialized
[2018.02.04-04.19.29:278][  0]LogInit: Transaction tracking system initialized
[2018.02.04-04.19.29:527][  0]BlueprintLog: New page: Editor Load
[2018.02.04-04.19.30:257][  0]LocalizationService: Localization service is disabled
[2018.02.04-04.19.30:870][  0]LogConsoleResponse: Display: 
[2018.02.04-04.19.31:039][  0]LogCook: Display: Max memory allowance for cook 16384mb min free memory 0mb
[2018.02.04-04.19.31:039][  0]LogCook: Display: Mobile HDR setting 1
[2018.02.04-04.19.31:039][  0]LogGameplayTags: Display: UGameplayTagsManager::DoneAddingNativeTags. DelegateIsBound: 0
[2018.02.04-04.19.31:766][  0]LogFileCache: Scanning file cache for directory 'C:/Users/Cameron/Documents/GitHub/Game1/Game1/Content/' took 0.05s
[2018.02.04-04.19.32:070][  0]Cmd: MAP LOAD FILE="C:/Users/Cameron/Documents/GitHub/Game1/Game1/Content/FirstPersonBP/Maps/FirstPersonExampleMap.umap" TEMPLATE=0 SHOWPROGRESS=1 FEATURELEVEL=3
[2018.02.04-04.19.32:070][  0]LightingResults: New page: Lighting Build
[2018.02.04-04.19.32:103][  0]MapCheck: New page: Map Check
[2018.02.04-04.19.32:103][  0]LightingResults: New page: Lighting Build
[2018.02.04-04.19.32:594][  0]LogMaterial: Missing cached shader map for material bullet, compiling. 
[2018.02.04-04.19.32:701][  0]LogAIModule: Creating AISystem for world FirstPersonExampleMap
[2018.02.04-04.19.32:719][  0]LogEditorServer: Finished looking for orphan Actors (0.000 secs)
[2018.02.04-04.19.32:732][  0]Cmd: MAP CHECKDEP NOCLEARLOG
[2018.02.04-04.19.32:797][  0]MapCheck: Map check complete: 0 Error(s), 0 Warning(s), took 65.359ms to complete.
[2018.02.04-04.19.32:798][  0]LogFileHelpers: Loading map 'FirstPersonExampleMap' took 0.728
[2018.02.04-04.19.32:962][  0]LogCollectionManager: Loaded 0 collections in 0.001601 seconds
[2018.02.04-04.19.33:048][  0]LogFileCache: Scanning file cache for directory 'C:/Users/Cameron/Documents/GitHub/Game1/Game1/Saved/Collections/' took 0.01s
[2018.02.04-04.19.33:048][  0]LogFileCache: Scanning file cache for directory 'C:/Users/Cameron/Documents/GitHub/Game1/Game1/Content/Developers/Cameron/Collections/' took 0.01s
[2018.02.04-04.19.33:048][  0]LogFileCache: Scanning file cache for directory 'C:/Users/Cameron/Documents/GitHub/Game1/Game1/Content/Collections/' took 0.01s
[2018.02.04-04.19.33:048][  0]LogCollectionManager: Rebuilt the GUID cache for 0 collections in 0.000001 seconds
[2018.02.04-04.19.33:061][  0]LogContentBrowser: Native class hierarchy populated in 0.0123 seconds. Added 2363 classes and 519 folders.
[2018.02.04-04.19.33:116][  0]LogContentBrowser: Native class hierarchy updated for 'WidgetCarousel' in 0.0002 seconds. Added 0 classes and 0 folders.
[2018.02.04-04.19.33:172][  0]LogContentBrowser: Native class hierarchy updated for 'AddContentDialog' in 0.0002 seconds. Added 0 classes and 0 folders.
[2018.02.04-04.19.33:209][  0]LogContentBrowser: Native class hierarchy updated for 'SceneOutliner' in 0.0002 seconds. Added 1 classes and 2 folders.
[2018.02.04-04.19.33:229][  0]LogSlate: Took 0.000268 seconds to synchronously load lazily loaded font '../../../Engine/Content/Slate/Fonts/Roboto-Regular.ttf' (155K)
[2018.02.04-04.19.33:231][  0]LogSlate: Took 0.000179 seconds to synchronously load lazily loaded font '../../../Engine/Content/Slate/Fonts/Roboto-Bold.ttf' (160K)
[2018.02.04-04.19.33:235][  0]LogSlate: Took 0.000179 seconds to synchronously load lazily loaded font '../../../Engine/Content/Editor/Slate/Fonts/FontAwesome.ttf' (139K)
[2018.02.04-04.19.33:350][  0]LogRenderer: Reallocating scene render targets to support 1208x576 Format 10 NumSamples 1 (Frame:1).
[2018.02.04-04.19.33:499][  0]LogContentBrowser: Native class hierarchy updated for 'HierarchicalLODOutliner' in 0.0002 seconds. Added 1 classes and 2 folders.
[2018.02.04-04.19.33:499][  0]LogLoad: (Engine Initialization) Total time: 17.88 seconds
[2018.02.04-04.19.33:499][  0]LogLoad: (Engine Initialization) Total Blueprint compile time: 0.00 seconds
[2018.02.04-04.19.33:499][  0]LogExternalProfiler: No external profilers were discovered.  External profiling features will not be available.
[2018.02.04-04.19.33:509][  0]LogWindowsTextInputMethodSystem: Display: IME system now deactivated.
[2018.02.04-04.19.33:514][  0]LogOcInput: OculusInput is initialized
[2018.02.04-04.19.33:533][  0]SourceControl: On branch master
[2018.02.04-04.19.33:533][  0]SourceControl: Your branch is up to date with 'origin/master'.
[2018.02.04-04.19.33:533][  0]SourceControl: Changes not staged for commit:
[2018.02.04-04.19.33:533][  0]SourceControl:   (use "git add/rm <file>..." to update what will be committed)
[2018.02.04-04.19.33:533][  0]SourceControl:   (use "git checkout -- <file>..." to discard changes in working directory)
[2018.02.04-04.19.33:533][  0]SourceControl: 	modified:   Game1/Intermediate/CachedAssetRegistry.bin
[2018.02.04-04.19.33:533][  0]SourceControl: 	deleted:    Game1/Saved/Backup/Level_One_2018-02-03-22-57-28.umap
[2018.02.04-04.19.33:533][  0]SourceControl: 	deleted:    Game1/Saved/Config/CrashReportClient/UE4CC-Windows-196F7B7E471EC38919EFCAB9E1E31E04/CrashReportClient.ini
[2018.02.04-04.19.33:533][  0]SourceControl: 	deleted:    Game1/Saved/Config/CrashReportClient/UE4CC-Windows-AE5CFD6F4FF7E95CC77861A91C8FE984/CrashReportClient.ini
[2018.02.04-04.19.33:533][  0]SourceControl: 	modified:   Game1/Saved/Config/Windows/EditorPerProjectUserSettings.ini
[2018.02.04-04.19.33:533][  0]SourceControl: 	modified:   Game1/Saved/Config/Windows/Engine.ini
[2018.02.04-04.19.33:533][  0]SourceControl: 	deleted:    Game1/Saved/Logs/Game1-backup-2018.02.01-15.19.45.log
[2018.02.04-04.19.33:533][  0]SourceControl: 	modified:   Game1/Saved/Logs/Game1.log
[2018.02.04-04.19.33:533][  0]SourceControl: Untracked files:
[2018.02.04-04.19.33:533][  0]SourceControl:   (use "git add <file>..." to include in what will be committed)
[2018.02.04-04.19.33:533][  0]SourceControl: 	Game1/Saved/Config/CrashReportClient/UE4CC-Windows-0A873AED4B3EE7F91BAA2884584E9195/
[2018.02.04-04.19.33:533][  0]SourceControl: 	Game1/Saved/Logs/Game1-backup-2018.02.03-23.19.16.log
[2018.02.04-04.19.33:533][  0]SourceControl: no changes added to commit (use "git add" and/or "git commit -a")
[2018.02.04-04.19.33:533][  0]LogContentStreaming: Texture pool size now 1000 MB
[2018.02.04-04.19.33:585][  0]LogSlate: Took 0.000177 seconds to synchronously load lazily loaded font '../../../Engine/Content/Slate/Fonts/Roboto-Light.ttf' (159K)
[2018.02.04-04.19.33:665][  2]LogAssetRegistry: Asset discovery search completed in 11.1546 seconds
[2018.02.04-04.19.33:669][  2]LogCollectionManager: Rebuilt the object cache for 0 collections in 0.000000 seconds (found 0 objects)
[2018.02.04-04.19.33:669][  2]LogCollectionManager: Fixed up redirectors for 0 collections in 0.000070 seconds (updated 0 objects)
[2018.02.04-04.19.34:535][ 81]LogSlate: Took 0.000245 seconds to synchronously load lazily loaded font '../../../Engine/Content/Slate/Fonts/Roboto-Light.ttf' (159K)
[2018.02.04-04.19.55:762][ 86]LogSlate: Took 0.000165 seconds to synchronously load lazily loaded font '../../../Engine/Content/Slate/Fonts/Roboto-Light.ttf' (159K)
[2018.02.04-04.19.56:231][ 86]LogAIModule: Creating AISystem for world Level_One
[2018.02.04-04.19.56:272][ 86]Cmd: MAP LOAD FILE="C:/Users/Cameron/Documents/GitHub/Game1/Game1/Content/Maps/Level_One.umap" TEMPLATE=0 SHOWPROGRESS=1 FEATURELEVEL=3
[2018.02.04-04.19.56:272][ 86]LightingResults: New page: Lighting Build
[2018.02.04-04.19.56:273][ 86]LoadErrors: New page: Loading map: Level_One.umap
[2018.02.04-04.19.56:273][ 86]MapCheck: New page: Map Check
[2018.02.04-04.19.56:273][ 86]LightingResults: New page: Lighting Build
[2018.02.04-04.19.56:324][ 86]LogEditorServer: Finished looking for orphan Actors (0.000 secs)
[2018.02.04-04.19.56:366][ 86]Cmd: MAP CHECKDEP NOCLEARLOG
[2018.02.04-04.19.56:441][ 86]MapCheck: Map check complete: 0 Error(s), 0 Warning(s), took 74.83ms to complete.
[2018.02.04-04.19.56:441][ 86]LogFileHelpers: Loading map 'Level_One' took 0.170
[2018.02.04-04.22.30:061][ 75]Cmd: TRANSACTION UNDO
[2018.02.04-04.22.30:061][ 75]LogEditorTransaction: Undo Move Actors
[2018.02.04-04.28.47:904][763]LogEditorViewport: Clicking on Actor (LMB): Landscape (Landscape)
[2018.02.04-04.30.05:613][686]LogEditorViewport: Clicking on Actor (LMB): Landscape (Landscape)
[2018.02.04-04.30.17:602][ 65]LogTemp: Repeating last play command: Selected Viewport
[2018.02.04-04.30.17:734][ 65]LogPlayLevel: PlayLevel: No blueprints needed recompiling
[2018.02.04-04.30.17:734][ 65]LogHMD: Initializing OVRPlugin session
[2018.02.04-04.30.17:766][ 65]PIE: New page: PIE session: Level_One (Feb 3, 2018, 6:30:17 PM)
[2018.02.04-04.30.17:766][ 65]LogPlayLevel: Creating play world package: /Game/Maps/UEDPIE_0_Level_One
[2018.02.04-04.30.17:830][ 65]LogPlayLevel: PIE: StaticDuplicateObject took: (0.063918s)
[2018.02.04-04.30.17:831][ 65]LogAIModule: Creating AISystem for world Level_One
[2018.02.04-04.30.17:831][ 65]LogPlayLevel: PIE: World Init took: (0.001235s)
[2018.02.04-04.30.17:831][ 65]LogPlayLevel: PIE: Created PIE world by copying editor world from /Game/Maps/Level_One.Level_One to /Game/Maps/UEDPIE_0_Level_One.Level_One (0.065679s)
[2018.02.04-04.30.17:861][ 65]LogInit: XAudio2 using 'Headset Earphone (SteelSeries Arctis 7 Chat)' : 1 channels at 48 kHz using 16 bits per sample (channel mask 0x0)
[2018.02.04-04.30.17:872][ 65]LogInit: FAudioDevice initialized.
[2018.02.04-04.30.17:918][ 65]LogLoad: Game class is 'FirstPersonGameMode_C'
[2018.02.04-04.30.17:931][ 65]LogWorld: Bringing World /Game/Maps/UEDPIE_0_Level_One.Level_One up for play (max tick rate 0) at 2018.02.03-23.30.17
[2018.02.04-04.30.17:932][ 65]LogWorld: Bringing up level for play took: 0.012781
[2018.02.04-04.30.17:970][ 65]LogContentBrowser: Native class hierarchy updated for 'MovieSceneCapture' in 0.0003 seconds. Added 11 classes and 0 folders.
[2018.02.04-04.30.17:973][ 65]PIE: Play in editor start time for /Game/Maps/UEDPIE_0_Level_One 0.395
[2018.02.04-04.31.56:086][814]LogEditorViewport: Clicking on Actor (LMB): Landscape (Landscape)
[2018.02.04-04.31.56:947][910]Cmd: TRANSACTION UNDO
[2018.02.04-04.31.56:947][910]LogEditorTransaction: Undo Clicking on Actors
[2018.02.04-04.31.59:359][178]Cmd: TRANSACTION UNDO
[2018.02.04-04.31.59:359][178]LogEditorTransaction: Undo Set Location
[2018.02.04-04.32.00:181][269]Cmd: TRANSACTION UNDO
[2018.02.04-04.32.00:181][269]LogEditorTransaction: Undo Set Location
[2018.02.04-04.34.36:068][251]Cmd: TRANSACTION UNDO
[2018.02.04-04.34.36:068][251]LogEditorTransaction: Undo Apply Material to Surface
[2018.02.04-04.35.46:604][350]Cmd: TRANSACTION UNDO
[2018.02.04-04.35.46:604][350]LogEditorTransaction: Undo Move Actors
[2018.02.04-04.35.48:689][579]Cmd: TRANSACTION UNDO
[2018.02.04-04.35.48:689][579]LogEditorTransaction: Undo Move Actors
[2018.02.04-04.38.20:043][ 34]Cmd: BRUSH ADD SELECTNEWBRUSH
[2018.02.04-04.38.39:737][266]LogEditorViewport: Clicking on Actor (LMB): Brush (Cone Brush)
[2018.02.04-04.38.41:153][419]Cmd: DELETE
[2018.02.04-04.38.41:153][419]Cmd: ACTOR DELETE
[2018.02.04-04.38.41:177][419]LogEditorActor: Deleted Actor: Brush
[2018.02.04-04.38.41:197][419]LogEditorActor: Deleted 1 Actors (0.043 secs)
[2018.02.04-04.39.48:034][223]Cmd: BRUSH ADD SELECTNEWBRUSH
[2018.02.04-04.41.43:732][573]LogEditorViewport: Clicking on Actor (LMB): Landscape (Landscape)
[2018.02.04-04.42.32:413][166]LogEditorViewport: Clicking on Actor (LMB): Landscape (Landscape)
[2018.02.04-04.42.52:395][465]LogEditorViewport: Clicking on Actor (LMB): Landscape (Landscape)
[2018.02.04-04.43.22:572][957]Cmd: TRANSACTION UNDO
[2018.02.04-04.43.22:572][957]LogEditorTransaction: Undo Scale Actors
[2018.02.04-04.43.22:575][957]LogActorComponent: ~FComponentReregisterContext: (/Game/Maps/Level_One.Level_One:PersistentLevel.BoxBrush6.BrushComponent0) Component already registered.
[2018.02.04-04.43.22:578][957]LogActorComponent: ~FComponentReregisterContext: (/Game/Maps/Level_One.Level_One:PersistentLevel.BoxBrush8.BrushComponent0) Component already registered.
[2018.02.04-04.44.05:404][849]Cmd: TRANSACTION UNDO
[2018.02.04-04.44.05:404][849]LogEditorTransaction: Undo Move Actors
[2018.02.04-04.44.31:432][866]LogEditorViewport: Clicking on Actor (LMB): Landscape (Landscape)
[2018.02.04-04.46.36:202][730]Cmd: TRANSACTION UNDO
[2018.02.04-04.46.36:202][730]LogEditorTransaction: Undo Move Actors
[2018.02.04-04.46.36:207][730]LogActorComponent: ~FComponentReregisterContext: (/Game/Maps/Level_One.Level_One:PersistentLevel.BoxBrush2.BrushComponent0) Component already registered.
[2018.02.04-04.46.36:207][730]LogActorComponent: ~FComponentReregisterContext: (/Game/Maps/Level_One.Level_One:PersistentLevel.BoxBrush.BrushComponent0) Component already registered.
[2018.02.04-04.46.36:208][730]LogActorComponent: ~FComponentReregisterContext: (/Game/Maps/Level_One.Level_One:PersistentLevel.BoxBrush11.BrushComponent0) Component already registered.
[2018.02.04-04.46.36:208][730]LogActorComponent: ~FComponentReregisterContext: (/Game/Maps/Level_One.Level_One:PersistentLevel.BoxBrush10.BrushComponent0) Component already registered.
[2018.02.04-04.46.38:828][ 23]Cmd: TRANSACTION UNDO
[2018.02.04-04.46.38:828][ 23]LogEditorTransaction: Undo Move Actors
[2018.02.04-04.46.38:833][ 23]LogActorComponent: ~FComponentReregisterContext: (/Game/Maps/Level_One.Level_One:PersistentLevel.BoxBrush2.BrushComponent0) Component already registered.
[2018.02.04-04.46.38:833][ 23]LogActorComponent: ~FComponentReregisterContext: (/Game/Maps/Level_One.Level_One:PersistentLevel.BoxBrush.BrushComponent0) Component already registered.
[2018.02.04-04.46.38:833][ 23]LogActorComponent: ~FComponentReregisterContext: (/Game/Maps/Level_One.Level_One:PersistentLevel.BoxBrush11.BrushComponent0) Component already registered.
[2018.02.04-04.46.38:833][ 23]LogActorComponent: ~FComponentReregisterContext: (/Game/Maps/Level_One.Level_One:PersistentLevel.BoxBrush10.BrushComponent0) Component already registered.
[2018.02.04-04.46.39:966][153]Cmd: TRANSACTION UNDO
[2018.02.04-04.46.39:966][153]LogEditorTransaction: Undo Move Actors
[2018.02.04-04.46.39:971][153]LogActorComponent: ~FComponentReregisterContext: (/Game/Maps/Level_One.Level_One:PersistentLevel.BoxBrush2.BrushComponent0) Component already registered.
[2018.02.04-04.46.39:971][153]LogActorComponent: ~FComponentReregisterContext: (/Game/Maps/Level_One.Level_One:PersistentLevel.BoxBrush.BrushComponent0) Component already registered.
[2018.02.04-04.46.39:971][153]LogActorComponent: ~FComponentReregisterContext: (/Game/Maps/Level_One.Level_One:PersistentLevel.BoxBrush11.BrushComponent0) Component already registered.
[2018.02.04-04.46.39:971][153]LogActorComponent: ~FComponentReregisterContext: (/Game/Maps/Level_One.Level_One:PersistentLevel.BoxBrush10.BrushComponent0) Component already registered.
[2018.02.04-04.46.40:723][237]Cmd: TRANSACTION UNDO
[2018.02.04-04.46.40:723][237]LogEditorTransaction: Undo Move Actors
[2018.02.04-04.46.40:728][237]LogActorComponent: ~FComponentReregisterContext: (/Game/Maps/Level_One.Level_One:PersistentLevel.BoxBrush2.BrushComponent0) Component already registered.
[2018.02.04-04.46.40:728][237]LogActorComponent: ~FComponentReregisterContext: (/Game/Maps/Level_One.Level_One:PersistentLevel.BoxBrush.BrushComponent0) Component already registered.
[2018.02.04-04.46.40:729][237]LogActorComponent: ~FComponentReregisterContext: (/Game/Maps/Level_One.Level_One:PersistentLevel.BoxBrush11.BrushComponent0) Component already registered.
[2018.02.04-04.46.40:729][237]LogActorComponent: ~FComponentReregisterContext: (/Game/Maps/Level_One.Level_One:PersistentLevel.BoxBrush10.BrushComponent0) Component already registered.
[2018.02.04-04.46.41:193][287]Cmd: TRANSACTION UNDO
[2018.02.04-04.46.41:193][287]LogEditorTransaction: Undo Move Actors
[2018.02.04-04.46.41:198][287]LogActorComponent: ~FComponentReregisterContext: (/Game/Maps/Level_One.Level_One:PersistentLevel.BoxBrush2.BrushComponent0) Component already registered.
[2018.02.04-04.46.41:198][287]LogActorComponent: ~FComponentReregisterContext: (/Game/Maps/Level_One.Level_One:PersistentLevel.BoxBrush.BrushComponent0) Component already registered.
[2018.02.04-04.46.41:199][287]LogActorComponent: ~FComponentReregisterContext: (/Game/Maps/Level_One.Level_One:PersistentLevel.BoxBrush11.BrushComponent0) Component already registered.
[2018.02.04-04.46.41:199][287]LogActorComponent: ~FComponentReregisterContext: (/Game/Maps/Level_One.Level_One:PersistentLevel.BoxBrush10.BrushComponent0) Component already registered.
[2018.02.04-04.46.41:602][331]Cmd: TRANSACTION UNDO
[2018.02.04-04.46.41:602][331]LogEditorTransaction: Undo Move Actors
[2018.02.04-04.46.41:607][331]LogActorComponent: ~FComponentReregisterContext: (/Game/Maps/Level_One.Level_One:PersistentLevel.BoxBrush2.BrushComponent0) Component already registered.
[2018.02.04-04.46.41:607][331]LogActorComponent: ~FComponentReregisterContext: (/Game/Maps/Level_One.Level_One:PersistentLevel.BoxBrush.BrushComponent0) Component already registered.
[2018.02.04-04.46.41:608][331]LogActorComponent: ~FComponentReregisterContext: (/Game/Maps/Level_One.Level_One:PersistentLevel.BoxBrush11.BrushComponent0) Component already registered.
[2018.02.04-04.46.41:608][331]LogActorComponent: ~FComponentReregisterContext: (/Game/Maps/Level_One.Level_One:PersistentLevel.BoxBrush10.BrushComponent0) Component already registered.
[2018.02.04-04.46.42:005][374]Cmd: TRANSACTION UNDO
[2018.02.04-04.46.42:005][374]LogEditorTransaction: Undo Move Actors
[2018.02.04-04.46.42:009][374]LogActorComponent: ~FComponentReregisterContext: (/Game/Maps/Level_One.Level_One:PersistentLevel.BoxBrush6.BrushComponent0) Component already registered.
[2018.02.04-04.46.42:009][374]LogActorComponent: ~FComponentReregisterContext: (/Game/Maps/Level_One.Level_One:PersistentLevel.BoxBrush5.BrushComponent0) Component already registered.
[2018.02.04-04.47.41:868][256]LogEditorViewport: Clicking on Actor (LMB): BP_Sky_Sphere_C (Sky Sphere)
[2018.02.04-04.48.08:312][331]LogEditorViewport: Clicking on Actor (LMB): BP_Sky_Sphere_C (Sky Sphere)
[2018.02.04-04.48.41:913][999]LogEditorViewport: Clicking on Actor (LMB): Landscape (Landscape)
[2018.02.04-04.48.58:374][816]LogEditorViewport: Clicking on Actor (LMB): Landscape (Landscape)
[2018.02.04-04.49.37:538][364]Cmd: TRANSACTION UNDO
[2018.02.04-04.49.37:538][364]LogEditorTransaction: Undo Move Actors
[2018.02.04-04.49.37:543][364]LogActorComponent: ~FComponentReregisterContext: (/Game/Maps/Level_One.Level_One:PersistentLevel.BoxBrush9.BrushComponent0) Component already registered.
[2018.02.04-04.49.38:221][429]Cmd: TRANSACTION UNDO
[2018.02.04-04.49.38:221][429]LogEditorTransaction: Undo Move Actors
[2018.02.04-04.49.38:224][429]LogActorComponent: ~FComponentReregisterContext: (/Game/Maps/Level_One.Level_One:PersistentLevel.BoxBrush5.BrushComponent0) Component already registered.
[2018.02.04-04.49.38:225][429]LogPhysics: Warning: Found bad index buffer when cooking UModelComponent physics data! Component: None, Buffer: 0, Buffer Size: 0, Element: 0
[2018.02.04-04.49.38:225][429]LogPhysics: Warning: Found bad index buffer when cooking UModelComponent physics data! Component: None, Buffer: 0, Buffer Size: 0, Element: 1
[2018.02.04-04.49.38:225][429]LogPhysics: Warning: Found bad index buffer when cooking UModelComponent physics data! Component: None, Buffer: 0, Buffer Size: 0, Element: 2
[2018.02.04-04.49.38:225][429]LogPhysics: Warning: Found bad index buffer when cooking UModelComponent physics data! Component: None, Buffer: 0, Buffer Size: 0, Element: 3
[2018.02.04-04.49.38:225][429]LogPhysics: Warning: Found bad index buffer when cooking UModelComponent physics data! Component: None, Buffer: 0, Buffer Size: 0, Element: 4
[2018.02.04-04.49.38:225][429]LogPhysics: Warning: Found bad index buffer when cooking UModelComponent physics data! Component: None, Buffer: 0, Buffer Size: 0, Element: 5
[2018.02.04-04.49.38:225][429]LogPhysics: Warning: Found bad index buffer when cooking UModelComponent physics data! Component: None, Buffer: 0, Buffer Size: 0, Element: 6
[2018.02.04-04.49.38:225][429]LogPhysics: Warning: Found bad index buffer when cooking UModelComponent physics data! Component: None, Buffer: 0, Buffer Size: 0, Element: 7
[2018.02.04-04.49.38:225][429]LogPhysics: Warning: Found bad index buffer when cooking UModelComponent physics data! Component: None, Buffer: 0, Buffer Size: 0, Element: 8
[2018.02.04-04.49.38:225][429]LogPhysics: Warning: Found bad index buffer when cooking UModelComponent physics data! Component: None, Buffer: 0, Buffer Size: 0, Element: 9
[2018.02.04-04.49.38:225][429]LogPhysics: Warning: Found bad index buffer when cooking UModelComponent physics data! Component: None, Buffer: 0, Buffer Size: 0, Element: 10
[2018.02.04-04.49.38:225][429]LogPhysics: Warning: Found bad index buffer when cooking UModelComponent physics data! Component: None, Buffer: 0, Buffer Size: 0, Element: 11
[2018.02.04-04.49.38:225][429]LogPhysics: Warning: Found bad index buffer when cooking UModelComponent physics data! Component: None, Buffer: 0, Buffer Size: 0, Element: 12
[2018.02.04-04.49.38:225][429]LogPhysics: Warning: Found bad index buffer when cooking UModelComponent physics data! Component: None, Buffer: 0, Buffer Size: 0, Element: 13
[2018.02.04-04.49.38:225][429]LogPhysics: Warning: UBodySetup::GetCookInfo: Triangle data from '/Game/Maps/Level_One.Level_One:PersistentLevel.ModelComponent_542' invalid (964 verts, 0 indices).
[2018.02.04-04.49.38:225][429]LogPhysics: Warning: Attempt to build physics data for /Game/Maps/Level_One.Level_One:PersistentLevel.ModelComponent_542.BodySetup_539 when we are unable to.
[2018.02.04-04.49.38:225][429]LogPhysics: Warning: Found bad index buffer when cooking UModelComponent physics data! Component: None, Buffer: 0, Buffer Size: 0, Element: 0
[2018.02.04-04.49.38:225][429]LogPhysics: Warning: Found bad index buffer when cooking UModelComponent physics data! Component: None, Buffer: 0, Buffer Size: 0, Element: 1
[2018.02.04-04.49.38:225][429]LogPhysics: Warning: Found bad index buffer when cooking UModelComponent physics data! Component: None, Buffer: 0, Buffer Size: 0, Element: 2
[2018.02.04-04.49.38:225][429]LogPhysics: Warning: Found bad index buffer when cooking UModelComponent physics data! Component: None, Buffer: 0, Buffer Size: 0, Element: 3
[2018.02.04-04.49.38:225][429]LogPhysics: Warning: Found bad index buffer when cooking UModelComponent physics data! Component: None, Buffer: 0, Buffer Size: 0, Element: 4
[2018.02.04-04.49.38:225][429]LogPhysics: Warning: Found bad index buffer when cooking UModelComponent physics data! Component: None, Buffer: 0, Buffer Size: 0, Element: 5
[2018.02.04-04.49.38:225][429]LogPhysics: Warning: Found bad index buffer when cooking UModelComponent physics data! Component: None, Buffer: 0, Buffer Size: 0, Element: 6
[2018.02.04-04.49.38:226][429]LogPhysics: Warning: Found bad index buffer when cooking UModelComponent physics data! Component: None, Buffer: 0, Buffer Size: 0, Element: 7
[2018.02.04-04.49.38:226][429]LogPhysics: Warning: Found bad index buffer when cooking UModelComponent physics data! Component: None, Buffer: 0, Buffer Size: 0, Element: 8
[2018.02.04-04.49.38:226][429]LogPhysics: Warning: UBodySetup::GetCookInfo: Triangle data from '/Game/Maps/Level_One.Level_One:PersistentLevel.ModelComponent_543' invalid (964 verts, 0 indices).
[2018.02.04-04.49.38:226][429]LogPhysics: Warning: Attempt to build physics data for /Game/Maps/Level_One.Level_One:PersistentLevel.ModelComponent_543.BodySetup_540 when we are unable to.
[2018.02.04-04.49.38:226][429]LogPhysics: Warning: Found bad index buffer when cooking UModelComponent physics data! Component: None, Buffer: 0, Buffer Size: 0, Element: 0
[2018.02.04-04.49.38:226][429]LogPhysics: Warning: Found bad index buffer when cooking UModelComponent physics data! Component: None, Buffer: 0, Buffer Size: 0, Element: 1
[2018.02.04-04.49.38:226][429]LogPhysics: Warning: Found bad index buffer when cooking UModelComponent physics data! Component: None, Buffer: 0, Buffer Size: 0, Element: 2
[2018.02.04-04.49.38:226][429]LogPhysics: Warning: Found bad index buffer when cooking UModelComponent physics data! Component: None, Buffer: 0, Buffer Size: 0, Element: 3
[2018.02.04-04.49.38:226][429]LogPhysics: Warning: Found bad index buffer when cooking UModelComponent physics data! Component: None, Buffer: 0, Buffer Size: 0, Element: 4
[2018.02.04-04.49.38:226][429]LogPhysics: Warning: Found bad index buffer when cooking UModelComponent physics data! Component: None, Buffer: 0, Buffer Size: 0, Element: 5
[2018.02.04-04.49.38:226][429]LogPhysics: Warning: Found bad index buffer when cooking UModelComponent physics data! Component: None, Buffer: 0, Buffer Size: 0, Element: 6
[2018.02.04-04.49.38:226][429]LogPhysics: Warning: Found bad index buffer when cooking UModelComponent physics data! Component: None, Buffer: 0, Buffer Size: 0, Element: 7
[2018.02.04-04.49.38:226][429]LogPhysics: Warning: Found bad index buffer when cooking UModelComponent physics data! Component: None, Buffer: 0, Buffer Size: 0, Element: 8
[2018.02.04-04.49.38:226][429]LogPhysics: Warning: Found bad index buffer when cooking UModelComponent physics data! Component: None, Buffer: 0, Buffer Size: 0, Element: 9
[2018.02.04-04.49.38:226][429]LogPhysics: Warning: Found bad index buffer when cooking UModelComponent physics data! Component: None, Buffer: 0, Buffer Size: 0, Element: 10
[2018.02.04-04.49.38:226][429]LogPhysics: Warning: Found bad index buffer when cooking UModelComponent physics data! Component: None, Buffer: 0, Buffer Size: 0, Element: 11
[2018.02.04-04.49.38:226][429]LogPhysics: Warning: Found bad index buffer when cooking UModelComponent physics data! Component: None, Buffer: 0, Buffer Size: 0, Element: 12
[2018.02.04-04.49.38:226][429]LogPhysics: Warning: Found bad index buffer when cooking UModelComponent physics data! Component: None, Buffer: 0, Buffer Size: 0, Element: 13
[2018.02.04-04.49.38:226][429]LogPhysics: Warning: Found bad index buffer when cooking UModelComponent physics data! Component: None, Buffer: 0, Buffer Size: 0, Element: 14
[2018.02.04-04.49.38:226][429]LogPhysics: Warning: Found bad index buffer when cooking UModelComponent physics data! Component: None, Buffer: 0, Buffer Size: 0, Element: 15
[2018.02.04-04.49.38:226][429]LogPhysics: Warning: Found bad index buffer when cooking UModelComponent physics data! Component: None, Buffer: 0, Buffer Size: 0, Element: 16
[2018.02.04-04.49.38:226][429]LogPhysics: Warning: Found bad index buffer when cooking UModelComponent physics data! Component: None, Buffer: 0, Buffer Size: 0, Element: 17
[2018.02.04-04.49.38:226][429]LogPhysics: Warning: Found bad index buffer when cooking UModelComponent physics data! Component: None, Buffer: 0, Buffer Size: 0, Element: 18
[2018.02.04-04.49.38:226][429]LogPhysics: Warning: Found bad index buffer when cooking UModelComponent physics data! Component: None, Buffer: 0, Buffer Size: 0, Element: 19
[2018.02.04-04.49.38:226][429]LogPhysics: Warning: Found bad index buffer when cooking UModelComponent physics data! Component: None, Buffer: 0, Buffer Size: 0, Element: 20
[2018.02.04-04.49.38:226][429]LogPhysics: Warning: Found bad index buffer when cooking UModelComponent physics data! Component: None, Buffer: 0, Buffer Size: 0, Element: 21
[2018.02.04-04.49.38:226][429]LogPhysics: Warning: Found bad index buffer when cooking UModelComponent physics data! Component: None, Buffer: 0, Buffer Size: 0, Element: 22
[2018.02.04-04.49.38:226][429]LogPhysics: Warning: Found bad index buffer when cooking UModelComponent physics data! Component: None, Buffer: 0, Buffer Size: 0, Element: 23
[2018.02.04-04.49.38:226][429]LogPhysics: Warning: Found bad index buffer when cooking UModelComponent physics data! Component: None, Buffer: 0, Buffer Size: 0, Element: 24
[2018.02.04-04.49.38:226][429]LogPhysics: Warning: Found bad index buffer when cooking UModelComponent physics data! Component: None, Buffer: 0, Buffer Size: 0, Element: 25
[2018.02.04-04.49.38:226][429]LogPhysics: Warning: Found bad index buffer when cooking UModelComponent physics data! Component: None, Buffer: 0, Buffer Size: 0, Element: 26
[2018.02.04-04.49.38:226][429]LogPhysics: Warning: Found bad index buffer when cooking UModelComponent physics data! Component: None, Buffer: 0, Buffer Size: 0, Element: 27
[2018.02.04-04.49.38:226][429]LogPhysics: Warning: Found bad index buffer when cooking UModelComponent physics data! Component: None, Buffer: 0, Buffer Size: 0, Element: 28
[2018.02.04-04.49.38:226][429]LogPhysics: Warning: Found bad index buffer when cooking UModelComponent physics data! Component: None, Buffer: 0, Buffer Size: 0, Element: 29
[2018.02.04-04.49.38:226][429]LogPhysics: Warning: Found bad index buffer when cooking UModelComponent physics data! Component: None, Buffer: 0, Buffer Size: 0, Element: 30
[2018.02.04-04.49.38:226][429]LogPhysics: Warning: Found bad index buffer when cooking UModelComponent physics data! Component: None, Buffer: 0, Buffer Size: 0, Element: 31
[2018.02.04-04.49.38:226][429]LogPhysics: Warning: Found bad index buffer when cooking UModelComponent physics data! Component: None, Buffer: 0, Buffer Size: 0, Element: 32
[2018.02.04-04.49.38:226][429]LogPhysics: Warning: Found bad index buffer when cooking UModelComponent physics data! Component: None, Buffer: 0, Buffer Size: 0, Element: 33
[2018.02.04-04.49.38:226][429]LogPhysics: Warning: Found bad index buffer when cooking UModelComponent physics data! Component: None, Buffer: 0, Buffer Size: 0, Element: 34
[2018.02.04-04.49.38:226][429]LogPhysics: Warning: Found bad index buffer when cooking UModelComponent physics data! Component: None, Buffer: 0, Buffer Size: 0, Element: 35
[2018.02.04-04.49.38:226][429]LogPhysics: Warning: Found bad index buffer when cooking UModelComponent physics data! Component: None, Buffer: 0, Buffer Size: 0, Element: 36
[2018.02.04-04.49.38:226][429]LogPhysics: Warning: Found bad index buffer when cooking UModelComponent physics data! Component: None, Buffer: 0, Buffer Size: 0, Element: 37
[2018.02.04-04.49.38:227][429]LogPhysics: Warning: UBodySetup::GetCookInfo: Triangle data from '/Game/Maps/Level_One.Level_One:PersistentLevel.ModelComponent_544' invalid (964 verts, 0 indices).
[2018.02.04-04.49.38:227][429]LogPhysics: Warning: Attempt to build physics data for /Game/Maps/Level_One.Level_One:PersistentLevel.ModelComponent_544.BodySetup_541 when we are unable to.
[2018.02.04-04.49.38:227][429]LogPhysics: Warning: Found bad index buffer when cooking UModelComponent physics data! Component: None, Buffer: 0, Buffer Size: 0, Element: 0
[2018.02.04-04.49.38:227][429]LogPhysics: Warning: Found bad index buffer when cooking UModelComponent physics data! Component: None, Buffer: 0, Buffer Size: 0, Element: 1
[2018.02.04-04.49.38:227][429]LogPhysics: Warning: Found bad index buffer when cooking UModelComponent physics data! Component: None, Buffer: 0, Buffer Size: 0, Element: 2
[2018.02.04-04.49.38:227][429]LogPhysics: Warning: Found bad index buffer when cooking UModelComponent physics data! Component: None, Buffer: 0, Buffer Size: 0, Element: 3
[2018.02.04-04.49.38:227][429]LogPhysics: Warning: Found bad index buffer when cooking UModelComponent physics data! Component: None, Buffer: 0, Buffer Size: 0, Element: 4
[2018.02.04-04.49.38:227][429]LogPhysics: Warning: Found bad index buffer when cooking UModelComponent physics data! Component: None, Buffer: 0, Buffer Size: 0, Element: 5
[2018.02.04-04.49.38:227][429]LogPhysics: Warning: Found bad index buffer when cooking UModelComponent physics data! Component: None, Buffer: 0, Buffer Size: 0, Element: 6
[2018.02.04-04.49.38:227][429]LogPhysics: Warning: Found bad index buffer when cooking UModelComponent physics data! Component: None, Buffer: 0, Buffer Size: 0, Element: 7
[2018.02.04-04.49.38:227][429]LogPhysics: Warning: Found bad index buffer when cooking UModelComponent physics data! Component: None, Buffer: 0, Buffer Size: 0, Element: 8
[2018.02.04-04.49.38:227][429]LogPhysics: Warning: Found bad index buffer when cooking UModelComponent physics data! Component: None, Buffer: 0, Buffer Size: 0, Element: 9
[2018.02.04-04.49.38:227][429]LogPhysics: Warning: Found bad index buffer when cooking UModelComponent physics data! Component: None, Buffer: 0, Buffer Size: 0, Element: 10
[2018.02.04-04.49.38:227][429]LogPhysics: Warning: Found bad index buffer when cooking UModelComponent physics data! Component: None, Buffer: 0, Buffer Size: 0, Element: 11
[2018.02.04-04.49.38:227][429]LogPhysics: Warning: Found bad index buffer when cooking UModelComponent physics data! Component: None, Buffer: 0, Buffer Size: 0, Element: 12
[2018.02.04-04.49.38:227][429]LogPhysics: Warning: Found bad index buffer when cooking UModelComponent physics data! Component: None, Buffer: 0, Buffer Size: 0, Element: 13
[2018.02.04-04.49.38:227][429]LogPhysics: Warning: Found bad index buffer when cooking UModelComponent physics data! Component: None, Buffer: 0, Buffer Size: 0, Element: 14
[2018.02.04-04.49.38:227][429]LogPhysics: Warning: Found bad index buffer when cooking UModelComponent physics data! Component: None, Buffer: 0, Buffer Size: 0, Element: 15
[2018.02.04-04.49.38:227][429]LogPhysics: Warning: Found bad index buffer when cooking UModelComponent physics data! Component: None, Buffer: 0, Buffer Size: 0, Element: 16
[2018.02.04-04.49.38:227][429]LogPhysics: Warning: Found bad index buffer when cooking UModelComponent physics data! Component: None, Buffer: 0, Buffer Size: 0, Element: 17
[2018.02.04-04.49.38:227][429]LogPhysics: Warning: Found bad index buffer when cooking UModelComponent physics data! Component: None, Buffer: 0, Buffer Size: 0, Element: 18
[2018.02.04-04.49.38:227][429]LogPhysics: Warning: Found bad index buffer when cooking UModelComponent physics data! Component: None, Buffer: 0, Buffer Size: 0, Element: 19
[2018.02.04-04.49.38:227][429]LogPhysics: Warning: Found bad index buffer when cooking UModelComponent physics data! Component: None, Buffer: 0, Buffer Size: 0, Element: 20
[2018.02.04-04.49.38:227][429]LogPhysics: Warning: Found bad index buffer when cooking UModelComponent physics data! Component: None, Buffer: 0, Buffer Size: 0, Element: 21
[2018.02.04-04.49.38:227][429]LogPhysics: Warning: Found bad index buffer when cooking UModelComponent physics data! Component: None, Buffer: 0, Buffer Size: 0, Element: 22
[2018.02.04-04.49.38:227][429]LogPhysics: Warning: Found bad index buffer when cooking UModelComponent physics data! Component: None, Buffer: 0, Buffer Size: 0, Element: 23
[2018.02.04-04.49.38:227][429]LogPhysics: Warning: Found bad index buffer when cooking UModelComponent physics data! Component: None, Buffer: 0, Buffer Size: 0, Element: 24
[2018.02.04-04.49.38:227][429]LogPhysics: Warning: Found bad index buffer when cooking UModelComponent physics data! Component: None, Buffer: 0, Buffer Size: 0, Element: 25
[2018.02.04-04.49.38:227][429]LogPhysics: Warning: Found bad index buffer when cooking UModelComponent physics data! Component: None, Buffer: 0, Buffer Size: 0, Element: 26
[2018.02.04-04.49.38:227][429]LogPhysics: Warning: Found bad index buffer when cooking UModelComponent physics data! Component: None, Buffer: 0, Buffer Size: 0, Element: 27
[2018.02.04-04.49.38:227][429]LogPhysics: Warning: Found bad index buffer when cooking UModelComponent physics data! Component: None, Buffer: 0, Buffer Size: 0, Element: 28
[2018.02.04-04.49.38:227][429]LogPhysics: Warning: Found bad index buffer when cooking UModelComponent physics data! Component: None, Buffer: 0, Buffer Size: 0, Element: 29
[2018.02.04-04.49.38:227][429]LogPhysics: Warning: Found bad index buffer when cooking UModelComponent physics data! Component: None, Buffer: 0, Buffer Size: 0, Element: 30
[2018.02.04-04.49.38:227][429]LogPhysics: Warning: UBodySetup::GetCookInfo: Triangle data from '/Game/Maps/Level_One.Level_One:PersistentLevel.ModelComponent_545' invalid (964 verts, 0 indices).
[2018.02.04-04.49.38:227][429]LogPhysics: Warning: Attempt to build physics data for /Game/Maps/Level_One.Level_One:PersistentLevel.ModelComponent_545.BodySetup_542 when we are unable to.
[2018.02.04-04.49.38:229][429]LogActorComponent: ~FComponentReregisterContext: (/Game/Maps/Level_One.Level_One:PersistentLevel.BoxBrushRoof.BrushComponent0) Component already registered.
[2018.02.04-04.49.38:229][429]LogActorComponent: ~FComponentReregisterContext: (/Game/Maps/Level_One.Level_One:PersistentLevel.BoxBrush13.BrushComponent0) Component already registered.
[2018.02.04-04.49.40:789][721]Cmd: DELETE
[2018.02.04-04.49.40:789][721]Cmd: ACTOR DELETE
[2018.02.04-04.49.40:814][721]LogEditorActor: Deleted Actor: Brush
[2018.02.04-04.49.40:833][721]LogEditorActor: Deleted 1 Actors (0.044 secs)
[2018.02.04-04.50.04:931][532]Cmd: TRANSACTION UNDO
[2018.02.04-04.50.04:931][532]LogEditorTransaction: Undo Move Actors
[2018.02.04-04.50.06:094][654]Cmd: TRANSACTION UNDO
[2018.02.04-04.50.06:094][654]LogEditorTransaction: Undo Select Brush Surface
[2018.02.04-04.50.06:796][735]Cmd: TRANSACTION UNDO
[2018.02.04-04.50.06:796][735]LogEditorTransaction: Undo Delete Actors
[2018.02.04-04.50.06:799][735]LogActorComponent: ~FComponentReregisterContext: (/Game/Maps/Level_One.Level_One:PersistentLevel.BoxBrush6.BrushComponent0) Component already registered.
[2018.02.04-04.50.06:799][735]LogActorComponent: ~FComponentReregisterContext: (/Game/Maps/Level_One.Level_One:PersistentLevel.BoxBrush5.BrushComponent0) Component already registered.
[2018.02.04-04.50.06:801][735]LogActorComponent: ~FComponentReregisterContext: (/Game/Maps/Level_One.Level_One:PersistentLevel.BoxBrush14.BrushComponent0) Component already registered.
[2018.02.04-04.51.08:013][755]LogEditorViewport: Clicking on Actor (LMB): BP_Sky_Sphere_C (Sky Sphere)
[2018.02.04-04.51.27:709][937]LogEditorViewport: Clicking on Actor (LMB): Landscape (Landscape)
[2018.02.04-04.54.00:568][568]LogEditorViewport: Clicking on Actor (LMB): Landscape (Landscape)
[2018.02.04-04.54.20:031][794]SourceControl: fatal: E:/UE_4.18/Engine/Content/: 'E:/UE_4.18/Engine/Content/' is outside repository
[2018.02.04-04.54.20:228][794]EditorErrors: Warning: No assets to check in!
